This file contains any messages produced by compilers while
running configure, to aid debugging if configure makes a mistake.

It was created by libmikmod configure 3.1.21, which was
generated by GNU Autoconf 2.69.  Invocation command line was

  $ ./configure --host=arm-linux

## --------- ##
## Platform. ##
## --------- ##

hostname = debian
uname -m = x86_64
uname -r = 4.18.0
uname -s = Linux
uname -v = #1 SMP Wed Aug 22 03:11:49 EDT 2018

/usr/bin/uname -p = unknown
/bin/uname -X     = unknown

/bin/arch              = unknown
/usr/bin/arch -k       = unknown
/usr/convex/getsysinfo = unknown
/usr/bin/hostinfo      = unknown
/bin/machine           = unknown
/usr/bin/oslevel       = unknown
/bin/universe          = unknown

PATH: /usr/local/bin
PATH: /usr/bin
PATH: /bin
PATH: /usr/local/games
PATH: /usr/games
PATH: /opt/miyoo/bin/


## ----------- ##
## Core tests. ##
## ----------- ##

configure:2422: checking for a BSD-compatible install
configure:2491: result: /usr/bin/install -c
configure:2502: checking whether build environment is sane
configure:2552: result: yes
configure:2601: checking for arm-linux-strip
configure:2618: found /opt/miyoo/bin//arm-linux-strip
configure:2629: result: arm-linux-strip
configure:2695: checking for a thread-safe mkdir -p
configure:2735: result: /bin/mkdir -p
configure:2748: checking for gawk
configure:2765: found /usr/bin/gawk
configure:2776: result: gawk
configure:2787: checking whether make sets $(MAKE)
configure:2810: result: yes
configure:2894: checking whether to enable maintainer-specific portions of Makefiles
configure:2904: result: no
configure:2939: checking build system type
configure:2954: result: x86_64-pc-linux-uclibc
configure:2974: checking host system type
configure:2988: result: arm-unknown-linux-gnu
configure:3470: checking for arm-linux-gcc
configure:3498: result: arm-linux-gcc
configure:3772: checking for C compiler version
configure:3781: arm-linux-gcc --version >&5
arm-linux-gcc.br_real (Buildroot 2018.02.9) 7.3.0
Copyright (C) 2017 Free Software Foundation, Inc.
This is free software; see the source for copying conditions.  There is NO
warranty; not even for MERCHANTABILITY or FITNESS FOR A PARTICULAR PURPOSE.

configure:3792: $? = 0
configure:3781: arm-linux-gcc -v >&5
Using built-in specs.
COLLECT_GCC=/opt/miyoo/bin/arm-linux-gcc.br_real
COLLECT_LTO_WRAPPER=/opt/miyoo/libexec/gcc/arm-miyoo-linux-uclibcgnueabi/7.3.0/lto-wrapper
Target: arm-miyoo-linux-uclibcgnueabi
Configured with: ./configure --prefix=/opt/miyoo --sysconfdir=/opt/miyoo/etc --enable-static --target=arm-miyoo-linux-uclibcgnueabi --with-sysroot=/opt/miyoo/arm-miyoo-linux-uclibcgnueabi/sysroot --disable-__cxa_atexit --with-gnu-ld --disable-libssp --disable-multilib --with-gmp=/opt/miyoo --with-mpc=/opt/miyoo --with-mpfr=/opt/miyoo --with-pkgversion='Buildroot 2018.02.9' --with-bugurl=http://bugs.buildroot.net/ --disable-libquadmath --disable-libsanitizer --enable-tls --enable-plugins --enable-lto --disable-libmudflap --enable-threads --without-isl --without-cloog --with-float=soft --disable-decimal-float --with-abi=aapcs-linux --with-cpu=arm926ej-s --with-float=soft --with-mode=arm --enable-languages=c,c++ --with-build-time-tools=/opt/miyoo/arm-miyoo-linux-uclibcgnueabi/bin --enable-shared --disable-libgomp
Thread model: posix
gcc version 7.3.0 (Buildroot 2018.02.9) 
configure:3792: $? = 0
configure:3781: arm-linux-gcc -V >&5
arm-linux-gcc.br_real: error: unrecognized command line option '-V'
arm-linux-gcc.br_real: fatal error: no input files
compilation terminated.
configure:3792: $? = 1
configure:3781: arm-linux-gcc -qversion >&5
arm-linux-gcc.br_real: error: unrecognized command line option '-qversion'; did you mean '--version'?
arm-linux-gcc.br_real: fatal error: no input files
compilation terminated.
configure:3792: $? = 1
configure:3812: checking whether the C compiler works
configure:3834: arm-linux-gcc    conftest.c  >&5
configure:3838: $? = 0
configure:3888: result: yes
configure:3891: checking for C compiler default output file name
configure:3893: result: a.out
configure:3899: checking for suffix of executables
configure:3906: arm-linux-gcc -o conftest    conftest.c  >&5
configure:3910: $? = 0
configure:3933: result: 
configure:3955: checking whether we are cross compiling
configure:3995: result: yes
configure:4000: checking for suffix of object files
configure:4023: arm-linux-gcc -c   conftest.c >&5
configure:4027: $? = 0
configure:4049: result: o
configure:4053: checking whether we are using the GNU C compiler
configure:4073: arm-linux-gcc -c   conftest.c >&5
configure:4073: $? = 0
configure:4083: result: yes
configure:4092: checking whether arm-linux-gcc accepts -g
configure:4113: arm-linux-gcc -c -g  conftest.c >&5
configure:4113: $? = 0
configure:4157: result: yes
configure:4174: checking for arm-linux-gcc option to accept ISO C89
configure:4238: arm-linux-gcc  -c -g -O2  conftest.c >&5
configure:4238: $? = 0
configure:4252: result: none needed
configure:4284: checking for style of include used by make
configure:4312: result: GNU
configure:4339: checking dependency style of arm-linux-gcc
configure:4451: result: gcc3
configure:4467: checking whether ln -s works
configure:4471: result: yes
configure:4478: checking whether make sets $(MAKE)
configure:4501: result: yes
configure:4866: checking how to print strings
configure:4893: result: printf
configure:4914: checking for a sed that does not truncate output
configure:4980: result: /bin/sed
configure:4998: checking for grep that handles long lines and -e
configure:5058: result: /bin/grep
configure:5063: checking for egrep
configure:5127: result: /bin/grep -E
configure:5132: checking for fgrep
configure:5196: result: /bin/grep -F
configure:5232: checking for ld used by arm-linux-gcc
configure:5300: result: arm-linux-ld
configure:5307: checking if the linker (arm-linux-ld) is GNU ld
configure:5323: result: yes
configure:5335: checking for BSD- or MS-compatible name lister (nm)
configure:5390: result: /opt/miyoo/bin//arm-linux-nm -B
configure:5522: checking the name lister (/opt/miyoo/bin//arm-linux-nm -B) interface
configure:5530: arm-linux-gcc -c -g -O2  conftest.c >&5
configure:5533: /opt/miyoo/bin//arm-linux-nm -B "conftest.o"
configure:5536: output
00000000 B some_variable
configure:5543: result: BSD nm
configure:5547: checking the maximum length of command line arguments
configure:5679: result: 1572864
configure:5727: checking how to convert x86_64-pc-linux-uclibc file names to arm-unknown-linux-gnu format
configure:5768: result: func_convert_file_noop
configure:5775: checking how to convert x86_64-pc-linux-uclibc file names to toolchain format
configure:5796: result: func_convert_file_noop
configure:5803: checking for arm-linux-ld option to reload object files
configure:5811: result: -r
configure:5845: checking for arm-linux-objdump
configure:5873: result: objdump
configure:5943: checking how to recognize dependent libraries
configure:6144: result: pass_all
configure:6189: checking for arm-linux-dlltool
configure:6217: result: dlltool
configure:6288: checking how to associate runtime and link libraries
configure:6316: result: printf %s\n
configure:6333: checking for arm-linux-ar
configure:6350: found /opt/miyoo/bin//arm-linux-ar
configure:6361: result: arm-linux-ar
configure:6443: checking for archiver @FILE support
configure:6461: arm-linux-gcc -c -g -O2  conftest.c >&5
configure:6461: $? = 0
configure:6465: arm-linux-ar cru libconftest.a @conftest.lst >&5
configure:6468: $? = 0
configure:6473: arm-linux-ar cru libconftest.a @conftest.lst >&5
arm-linux-ar: conftest.o: No such file or directory
configure:6476: $? = 1
configure:6488: result: @
configure:6506: checking for arm-linux-strip
configure:6534: result: arm-linux-strip
configure:6607: checking for arm-linux-ranlib
configure:6624: found /opt/miyoo/bin//arm-linux-ranlib
configure:6635: result: arm-linux-ranlib
configure:6778: checking command to parse /opt/miyoo/bin//arm-linux-nm -B output from arm-linux-gcc object
configure:6932: arm-linux-gcc -c -g -O2  conftest.c >&5
configure:6935: $? = 0
configure:6939: /opt/miyoo/bin//arm-linux-nm -B conftest.o \| sed -n -e 's/^.*[ ]\([ABCDGIRSTW][ABCDGIRSTW]*\)[ ][ ]*\([_A-Za-z][_A-Za-z0-9]*\)$/\1 \2 \2/p' | sed '/ __gnu_lto/d' \> conftest.nm
configure:6942: $? = 0
configure:7008: arm-linux-gcc -o conftest -g -O2   conftest.c conftstm.o >&5
configure:7011: $? = 0
configure:7049: result: ok
configure:7096: checking for sysroot
configure:7127: result: no
configure:7134: checking for a working dd
configure:7174: result: /bin/dd
configure:7178: checking how to truncate binary pipes
configure:7194: result: /bin/dd bs=4096 count=1
configure:7486: checking for arm-linux-mt
configure:7517: result: no
configure:7527: checking for mt
configure:7544: found /bin/mt
configure:7555: result: mt
configure:7567: WARNING: using cross tools not prefixed with host triplet
configure:7578: checking if mt is a manifest tool
configure:7585: mt '-?'
configure:7593: result: no
configure:8284: checking how to run the C preprocessor
configure:8316: arm-linux-gcc -E  conftest.c
configure:8316: $? = 0
configure:8331: arm-linux-gcc -E  conftest.c
conftest.c:11:10: fatal error: ac_nonexistent.h: No such file or directory
 #include <ac_nonexistent.h>
          ^~~~~~~~~~~~~~~~~~
compilation terminated.
configure:8331: $? = 1
configure: failed program was:
| /* confdefs.h */
| #define PACKAGE_NAME "libmikmod"
| #define PACKAGE_TARNAME "libmikmod"
| #define PACKAGE_VERSION "3.1.21"
| #define PACKAGE_STRING "libmikmod 3.1.21"
| #define PACKAGE_BUGREPORT ""
| #define PACKAGE_URL ""
| #define PACKAGE "libmikmod"
| #define VERSION "3.1.21"
| /* end confdefs.h.  */
| #include <ac_nonexistent.h>
configure:8358: result: arm-linux-gcc -E
configure:8378: arm-linux-gcc -E  conftest.c
configure:8378: $? = 0
configure:8393: arm-linux-gcc -E  conftest.c
conftest.c:11:10: fatal error: ac_nonexistent.h: No such file or directory
 #include <ac_nonexistent.h>
          ^~~~~~~~~~~~~~~~~~
compilation terminated.
configure:8393: $? = 1
configure: failed program was:
| /* confdefs.h */
| #define PACKAGE_NAME "libmikmod"
| #define PACKAGE_TARNAME "libmikmod"
| #define PACKAGE_VERSION "3.1.21"
| #define PACKAGE_STRING "libmikmod 3.1.21"
| #define PACKAGE_BUGREPORT ""
| #define PACKAGE_URL ""
| #define PACKAGE "libmikmod"
| #define VERSION "3.1.21"
| /* end confdefs.h.  */
| #include <ac_nonexistent.h>
configure:8424: checking for ANSI C header files
configure:8445: arm-linux-gcc -c -g -O2  conftest.c >&5
configure:8445: $? = 0
configure:8534: result: yes
configure:8547: checking for sys/types.h
configure:8547: arm-linux-gcc -c -g -O2  conftest.c >&5
configure:8547: $? = 0
configure:8547: result: yes
configure:8547: checking for sys/stat.h
configure:8547: arm-linux-gcc -c -g -O2  conftest.c >&5
configure:8547: $? = 0
configure:8547: result: yes
configure:8547: checking for stdlib.h
configure:8547: arm-linux-gcc -c -g -O2  conftest.c >&5
configure:8547: $? = 0
configure:8547: result: yes
configure:8547: checking for string.h
configure:8547: arm-linux-gcc -c -g -O2  conftest.c >&5
configure:8547: $? = 0
configure:8547: result: yes
configure:8547: checking for memory.h
configure:8547: arm-linux-gcc -c -g -O2  conftest.c >&5
configure:8547: $? = 0
configure:8547: result: yes
configure:8547: checking for strings.h
configure:8547: arm-linux-gcc -c -g -O2  conftest.c >&5
configure:8547: $? = 0
configure:8547: result: yes
configure:8547: checking for inttypes.h
configure:8547: arm-linux-gcc -c -g -O2  conftest.c >&5
configure:8547: $? = 0
configure:8547: result: yes
configure:8547: checking for stdint.h
configure:8547: arm-linux-gcc -c -g -O2  conftest.c >&5
configure:8547: $? = 0
configure:8547: result: yes
configure:8547: checking for unistd.h
configure:8547: arm-linux-gcc -c -g -O2  conftest.c >&5
configure:8547: $? = 0
configure:8547: result: yes
configure:8562: checking for dlfcn.h
configure:8562: arm-linux-gcc -c -g -O2  conftest.c >&5
configure:8562: $? = 0
configure:8562: result: yes
configure:8823: checking for objdir
configure:8839: result: .libs
configure:9105: checking if arm-linux-gcc supports -fno-rtti -fno-exceptions
configure:9124: arm-linux-gcc -c -g -O2  -fno-rtti -fno-exceptions conftest.c >&5
cc1: warning: command line option '-fno-rtti' is valid for C++/ObjC++ but not for C
configure:9128: $? = 0
configure:9141: result: no
configure:9499: checking for arm-linux-gcc option to produce PIC
configure:9507: result: -fPIC -DPIC
configure:9515: checking if arm-linux-gcc PIC flag -fPIC -DPIC works
configure:9534: arm-linux-gcc -c -g -O2  -fPIC -DPIC -DPIC conftest.c >&5
configure:9538: $? = 0
configure:9551: result: yes
configure:9580: checking if arm-linux-gcc static flag -static works
configure:9609: result: yes
configure:9624: checking if arm-linux-gcc supports -c -o file.o
configure:9646: arm-linux-gcc -c -g -O2  -o out/conftest2.o conftest.c >&5
configure:9650: $? = 0
configure:9672: result: yes
configure:9680: checking if arm-linux-gcc supports -c -o file.o
configure:9728: result: yes
configure:9761: checking whether the arm-linux-gcc linker (arm-linux-ld) supports shared libraries
configure:11029: result: yes
configure:11066: checking whether -lc should be explicitly linked in
configure:11075: arm-linux-gcc -c -g -O2  conftest.c >&5
configure:11078: $? = 0
configure:11093: arm-linux-gcc -shared  -fPIC -DPIC conftest.o  -v -Wl,-soname -Wl,conftest -o conftest 2\>\&1 \| /bin/grep  -lc  \>/dev/null 2\>\&1
configure:11096: $? = 0
configure:11110: result: no
configure:11270: checking dynamic linker characteristics
configure:11852: arm-linux-gcc -o conftest -g -O2   -Wl,-rpath -Wl,/foo conftest.c  >&5
configure:11852: $? = 0
configure:12091: result: GNU/Linux ld.so
configure:12213: checking how to hardcode library paths into programs
configure:12238: result: immediate
configure:12805: checking whether stripping libraries is possible
configure:12814: result: yes
configure:12856: checking if libtool supports shared libraries
configure:12858: result: yes
configure:12861: checking whether to build shared libraries
configure:12886: result: yes
configure:12889: checking whether to build static libraries
configure:12893: result: yes
configure:12936: checking whether arm-linux-gcc needs -traditional
In file included from conftest.c:23:0:
/opt/miyoo/arm-miyoo-linux-uclibcgnueabi/sysroot/usr/include/sgtty.h:21:2: warning: #warning useless header on uClibc [-Wcpp]
 #warning useless header on uClibc
  ^~~~~~~
configure:12973: result: no
configure:12980: checking for an ANSI C-conforming const
configure:13047: arm-linux-gcc -c -g -O2  conftest.c >&5
configure:13047: $? = 0
configure:13055: result: yes
configure:13063: checking for inline
configure:13080: arm-linux-gcc -c -g -O2  conftest.c >&5
configure:13080: $? = 0
configure:13089: result: inline
configure:13107: checking if compiler understands the signed keyword
configure:13131: arm-linux-gcc -c -g -O2  conftest.c >&5
configure:13131: $? = 0
configure:13145: result: yes
configure:13154: checking for pid_t
configure:13154: arm-linux-gcc -c -g -O2  conftest.c >&5
configure:13154: $? = 0
configure:13154: arm-linux-gcc -c -g -O2  conftest.c >&5
conftest.c: In function 'main':
conftest.c:59:20: error: expected expression before ')' token
 if (sizeof ((pid_t)))
                    ^
configure:13154: $? = 1
configure: failed program was:
| /* confdefs.h */
| #define PACKAGE_NAME "libmikmod"
| #define PACKAGE_TARNAME "libmikmod"
| #define PACKAGE_VERSION "3.1.21"
| #define PACKAGE_STRING "libmikmod 3.1.21"
| #define PACKAGE_BUGREPORT ""
| #define PACKAGE_URL ""
| #define PACKAGE "libmikmod"
| #define VERSION "3.1.21"
| #define STDC_HEADERS 1
| #define HAVE_SYS_TYPES_H 1
| #define HAVE_SYS_STAT_H 1
| #define HAVE_STDLIB_H 1
| #define HAVE_STRING_H 1
| #define HAVE_MEMORY_H 1
| #define HAVE_STRINGS_H 1
| #define HAVE_INTTYPES_H 1
| #define HAVE_STDINT_H 1
| #define HAVE_UNISTD_H 1
| #define HAVE_DLFCN_H 1
| #define LT_OBJDIR ".libs/"
| /* end confdefs.h.  */
| #include <stdio.h>
| #ifdef HAVE_SYS_TYPES_H
| # include <sys/types.h>
| #endif
| #ifdef HAVE_SYS_STAT_H
| # include <sys/stat.h>
| #endif
| #ifdef STDC_HEADERS
| # include <stdlib.h>
| # include <stddef.h>
| #else
| # ifdef HAVE_STDLIB_H
| #  include <stdlib.h>
| # endif
| #endif
| #ifdef HAVE_STRING_H
| # if !defined STDC_HEADERS && defined HAVE_MEMORY_H
| #  include <memory.h>
| # endif
| # include <string.h>
| #endif
| #ifdef HAVE_STRINGS_H
| # include <strings.h>
| #endif
| #ifdef HAVE_INTTYPES_H
| # include <inttypes.h>
| #endif
| #ifdef HAVE_STDINT_H
| # include <stdint.h>
| #endif
| #ifdef HAVE_UNISTD_H
| # include <unistd.h>
| #endif
| int
| main (void)
| {
| if (sizeof ((pid_t)))
| 	    return 0;
|   ;
|   return 0;
| }
configure:13154: result: yes
configure:13166: checking for size_t
configure:13166: arm-linux-gcc -c -g -O2  conftest.c >&5
configure:13166: $? = 0
configure:13166: arm-linux-gcc -c -g -O2  conftest.c >&5
conftest.c: In function 'main':
conftest.c:59:21: error: expected expression before ')' token
 if (sizeof ((size_t)))
                     ^
configure:13166: $? = 1
configure: failed program was:
| /* confdefs.h */
| #define PACKAGE_NAME "libmikmod"
| #define PACKAGE_TARNAME "libmikmod"
| #define PACKAGE_VERSION "3.1.21"
| #define PACKAGE_STRING "libmikmod 3.1.21"
| #define PACKAGE_BUGREPORT ""
| #define PACKAGE_URL ""
| #define PACKAGE "libmikmod"
| #define VERSION "3.1.21"
| #define STDC_HEADERS 1
| #define HAVE_SYS_TYPES_H 1
| #define HAVE_SYS_STAT_H 1
| #define HAVE_STDLIB_H 1
| #define HAVE_STRING_H 1
| #define HAVE_MEMORY_H 1
| #define HAVE_STRINGS_H 1
| #define HAVE_INTTYPES_H 1
| #define HAVE_STDINT_H 1
| #define HAVE_UNISTD_H 1
| #define HAVE_DLFCN_H 1
| #define LT_OBJDIR ".libs/"
| /* end confdefs.h.  */
| #include <stdio.h>
| #ifdef HAVE_SYS_TYPES_H
| # include <sys/types.h>
| #endif
| #ifdef HAVE_SYS_STAT_H
| # include <sys/stat.h>
| #endif
| #ifdef STDC_HEADERS
| # include <stdlib.h>
| # include <stddef.h>
| #else
| # ifdef HAVE_STDLIB_H
| #  include <stdlib.h>
| # endif
| #endif
| #ifdef HAVE_STRING_H
| # if !defined STDC_HEADERS && defined HAVE_MEMORY_H
| #  include <memory.h>
| # endif
| # include <string.h>
| #endif
| #ifdef HAVE_STRINGS_H
| # include <strings.h>
| #endif
| #ifdef HAVE_INTTYPES_H
| # include <inttypes.h>
| #endif
| #ifdef HAVE_STDINT_H
| # include <stdint.h>
| #endif
| #ifdef HAVE_UNISTD_H
| # include <unistd.h>
| #endif
| int
| main (void)
| {
| if (sizeof ((size_t)))
| 	    return 0;
|   ;
|   return 0;
| }
configure:13166: result: yes
configure:13178: checking whether byte ordering is bigendian
configure:13194: arm-linux-gcc -c -g -O2  conftest.c >&5
conftest.c:24:9: error: unknown type name 'not'
         not a universal capable compiler
         ^~~
conftest.c:24:15: error: expected '=', ',', ';', 'asm' or '__attribute__' before 'universal'
         not a universal capable compiler
               ^~~~~~~~~
conftest.c:24:15: error: unknown type name 'universal'
configure:13194: $? = 1
configure: failed program was:
| /* confdefs.h */
| #define PACKAGE_NAME "libmikmod"
| #define PACKAGE_TARNAME "libmikmod"
| #define PACKAGE_VERSION "3.1.21"
| #define PACKAGE_STRING "libmikmod 3.1.21"
| #define PACKAGE_BUGREPORT ""
| #define PACKAGE_URL ""
| #define PACKAGE "libmikmod"
| #define VERSION "3.1.21"
| #define STDC_HEADERS 1
| #define HAVE_SYS_TYPES_H 1
| #define HAVE_SYS_STAT_H 1
| #define HAVE_STDLIB_H 1
| #define HAVE_STRING_H 1
| #define HAVE_MEMORY_H 1
| #define HAVE_STRINGS_H 1
| #define HAVE_INTTYPES_H 1
| #define HAVE_STDINT_H 1
| #define HAVE_UNISTD_H 1
| #define HAVE_DLFCN_H 1
| #define LT_OBJDIR ".libs/"
| /* end confdefs.h.  */
| #ifndef __APPLE_CC__
| 	       not a universal capable compiler
| 	     #endif
| 	     typedef int dummy;
| 
configure:13240: arm-linux-gcc -c -g -O2  conftest.c >&5
configure:13240: $? = 0
configure:13259: arm-linux-gcc -c -g -O2  conftest.c >&5
conftest.c: In function 'main':
conftest.c:30:4: error: unknown type name 'not'; did you mean 'ino_t'?
    not big endian
    ^~~
    ino_t
conftest.c:30:12: error: expected '=', ',', ';', 'asm' or '__attribute__' before 'endian'
    not big endian
            ^~~~~~
configure:13259: $? = 1
configure: failed program was:
| /* confdefs.h */
| #define PACKAGE_NAME "libmikmod"
| #define PACKAGE_TARNAME "libmikmod"
| #define PACKAGE_VERSION "3.1.21"
| #define PACKAGE_STRING "libmikmod 3.1.21"
| #define PACKAGE_BUGREPORT ""
| #define PACKAGE_URL ""
| #define PACKAGE "libmikmod"
| #define VERSION "3.1.21"
| #define STDC_HEADERS 1
| #define HAVE_SYS_TYPES_H 1
| #define HAVE_SYS_STAT_H 1
| #define HAVE_STDLIB_H 1
| #define HAVE_STRING_H 1
| #define HAVE_MEMORY_H 1
| #define HAVE_STRINGS_H 1
| #define HAVE_INTTYPES_H 1
| #define HAVE_STDINT_H 1
| #define HAVE_UNISTD_H 1
| #define HAVE_DLFCN_H 1
| #define LT_OBJDIR ".libs/"
| /* end confdefs.h.  */
| #include <sys/types.h>
| 		#include <sys/param.h>
| 
| int
| main (void)
| {
| #if BYTE_ORDER != BIG_ENDIAN
| 		 not big endian
| 		#endif
| 
|   ;
|   return 0;
| }
configure:13393: result: no
configure:13416: checking for ANSI C header files
configure:13526: result: yes
configure:13534: checking for sys/wait.h that is POSIX.1 compatible
configure:13561: arm-linux-gcc -c -g -O2  conftest.c >&5
configure:13561: $? = 0
configure:13569: result: yes
configure:13580: checking fcntl.h usability
configure:13580: arm-linux-gcc -c -g -O2  conftest.c >&5
configure:13580: $? = 0
configure:13580: result: yes
configure:13580: checking fcntl.h presence
configure:13580: arm-linux-gcc -E  conftest.c
configure:13580: $? = 0
configure:13580: result: yes
configure:13580: checking for fcntl.h
configure:13580: result: yes
configure:13580: checking limits.h usability
configure:13580: arm-linux-gcc -c -g -O2  conftest.c >&5
configure:13580: $? = 0
configure:13580: result: yes
configure:13580: checking limits.h presence
configure:13580: arm-linux-gcc -E  conftest.c
configure:13580: $? = 0
configure:13580: result: yes
configure:13580: checking for limits.h
configure:13580: result: yes
configure:13580: checking malloc.h usability
configure:13580: arm-linux-gcc -c -g -O2  conftest.c >&5
configure:13580: $? = 0
configure:13580: result: yes
configure:13580: checking malloc.h presence
configure:13580: arm-linux-gcc -E  conftest.c
configure:13580: $? = 0
configure:13580: result: yes
configure:13580: checking for malloc.h
configure:13580: result: yes
configure:13580: checking for memory.h
configure:13580: result: yes
configure:13580: checking sys/ioctl.h usability
configure:13580: arm-linux-gcc -c -g -O2  conftest.c >&5
configure:13580: $? = 0
configure:13580: result: yes
configure:13580: checking sys/ioctl.h presence
configure:13580: arm-linux-gcc -E  conftest.c
configure:13580: $? = 0
configure:13580: result: yes
configure:13580: checking for sys/ioctl.h
configure:13580: result: yes
configure:13580: checking for unistd.h
configure:13580: result: yes
configure:13599: checking for setenv
configure:13599: arm-linux-gcc -o conftest -g -O2   conftest.c  >&5
configure:13599: $? = 0
configure:13599: result: yes
configure:13599: checking for snprintf
configure:13599: arm-linux-gcc -o conftest -g -O2   conftest.c  >&5
conftest.c:55:6: warning: conflicting types for built-in function 'snprintf' [-Wbuiltin-declaration-mismatch]
 char snprintf ();
      ^~~~~~~~
configure:13599: $? = 0
configure:13599: result: yes
configure:13599: checking for srandom
configure:13599: arm-linux-gcc -o conftest -g -O2   conftest.c  >&5
configure:13599: $? = 0
configure:13599: result: yes
configure:13609: checking for memcmp
configure:13609: arm-linux-gcc -o conftest -g -O2   conftest.c  >&5
conftest.c:57:6: warning: conflicting types for built-in function 'memcmp' [-Wbuiltin-declaration-mismatch]
 char memcmp ();
      ^~~~~~
configure:13609: $? = 0
configure:13609: result: yes
configure:13623: checking for strstr
configure:13623: arm-linux-gcc -o conftest -g -O2   conftest.c  >&5
conftest.c:58:6: warning: conflicting types for built-in function 'strstr' [-Wbuiltin-declaration-mismatch]
 char strstr ();
      ^~~~~~
configure:13623: $? = 0
configure:13623: result: yes
configure:13638: checking for floor in -lm
configure:13664: arm-linux-gcc -o conftest -g -O2   conftest.c -lm   >&5
conftest.c:43:6: warning: conflicting types for built-in function 'floor' [-Wbuiltin-declaration-mismatch]
 char floor ();
      ^~~~~
configure:13664: $? = 0
configure:13674: result: yes
configure:13715: checking for dlfcn.h
configure:13715: result: yes
configure:13728: checking for dlopen in -lc
configure:13754: arm-linux-gcc -o conftest -g -O2   conftest.c -lc   >&5
configure:13754: $? = 0
configure:13764: result: yes
configure:13888: checking wherever dynamically loaded symbols need underscores
configure:13941: result: no
configure:13961: checking if compiler recognizes -pthread
configure:13987: arm-linux-gcc -o conftest -g -O2 -pthread   conftest.c  >&5
configure:13987: $? = 0
configure:14004: result: yes
configure:14111: checking alsa/asoundlib.h usability
configure:14111: arm-linux-gcc -c -g -O2 -pthread  conftest.c >&5
configure:14111: $? = 0
configure:14111: result: yes
configure:14111: checking alsa/asoundlib.h presence
configure:14111: arm-linux-gcc -E  conftest.c
configure:14111: $? = 0
configure:14111: result: yes
configure:14111: checking for alsa/asoundlib.h
configure:14111: result: yes
configure:14117: checking for snd_pcm_open in -lasound
configure:14143: arm-linux-gcc -o conftest -g -O2 -pthread   conftest.c -lasound   >&5
configure:14143: $? = 0
configure:14153: result: yes
configure:14213: checking for esd-config
configure:14245: result: no
configure:14254: checking for ESD - version >= 0.2.18
configure:14369: result: no
configure:15019: checking sys/soundcard.h usability
configure:15019: arm-linux-gcc -c -g -O2 -pthread  conftest.c >&5
configure:15019: $? = 0
configure:15019: result: yes
configure:15019: checking sys/soundcard.h presence
configure:15019: arm-linux-gcc -E  conftest.c
configure:15019: $? = 0
configure:15019: result: yes
configure:15019: checking for sys/soundcard.h
configure:15019: result: yes
configure:15019: checking machine/soundcard.h usability
configure:15019: arm-linux-gcc -c -g -O2 -pthread  conftest.c >&5
conftest.c:77:10: fatal error: machine/soundcard.h: No such file or directory
 #include <machine/soundcard.h>
          ^~~~~~~~~~~~~~~~~~~~~
compilation terminated.
configure:15019: $? = 1
configure: failed program was:
| /* confdefs.h */
| #define PACKAGE_NAME "libmikmod"
| #define PACKAGE_TARNAME "libmikmod"
| #define PACKAGE_VERSION "3.1.21"
| #define PACKAGE_STRING "libmikmod 3.1.21"
| #define PACKAGE_BUGREPORT ""
| #define PACKAGE_URL ""
| #define PACKAGE "libmikmod"
| #define VERSION "3.1.21"
| #define STDC_HEADERS 1
| #define HAVE_SYS_TYPES_H 1
| #define HAVE_SYS_STAT_H 1
| #define HAVE_STDLIB_H 1
| #define HAVE_STRING_H 1
| #define HAVE_MEMORY_H 1
| #define HAVE_STRINGS_H 1
| #define HAVE_INTTYPES_H 1
| #define HAVE_STDINT_H 1
| #define HAVE_UNISTD_H 1
| #define HAVE_DLFCN_H 1
| #define LT_OBJDIR ".libs/"
| #define STDC_HEADERS 1
| #define HAVE_SYS_WAIT_H 1
| #define HAVE_FCNTL_H 1
| #define HAVE_LIMITS_H 1
| #define HAVE_MALLOC_H 1
| #define HAVE_MEMORY_H 1
| #define HAVE_SYS_IOCTL_H 1
| #define HAVE_UNISTD_H 1
| #define HAVE_SETENV 1
| #define HAVE_SNPRINTF 1
| #define HAVE_SRANDOM 1
| #define HAVE_MEMCMP 1
| #define HAVE_STRSTR 1
| #define HAVE_DLFCN_H 1
| #define HAVE_ALSA_ASOUNDLIB_H 1
| #define DRV_RAW 1
| #define DRV_WAV 1
| #define DRV_PIPE 1
| #define DRV_STDOUT 1
| #define DRV_ALSA 1
| #define HAVE_SYS_SOUNDCARD_H 1
| /* end confdefs.h.  */
| #include <stdio.h>
| #ifdef HAVE_SYS_TYPES_H
| # include <sys/types.h>
| #endif
| #ifdef HAVE_SYS_STAT_H
| # include <sys/stat.h>
| #endif
| #ifdef STDC_HEADERS
| # include <stdlib.h>
| # include <stddef.h>
| #else
| # ifdef HAVE_STDLIB_H
| #  include <stdlib.h>
| # endif
| #endif
| #ifdef HAVE_STRING_H
| # if !defined STDC_HEADERS && defined HAVE_MEMORY_H
| #  include <memory.h>
| # endif
| # include <string.h>
| #endif
| #ifdef HAVE_STRINGS_H
| # include <strings.h>
| #endif
| #ifdef HAVE_INTTYPES_H
| # include <inttypes.h>
| #endif
| #ifdef HAVE_STDINT_H
| # include <stdint.h>
| #endif
| #ifdef HAVE_UNISTD_H
| # include <unistd.h>
| #endif
| #include <machine/soundcard.h>
configure:15019: result: no
configure:15019: checking machine/soundcard.h presence
configure:15019: arm-linux-gcc -E  conftest.c
conftest.c:44:10: fatal error: machine/soundcard.h: No such file or directory
 #include <machine/soundcard.h>
          ^~~~~~~~~~~~~~~~~~~~~
compilation terminated.
configure:15019: $? = 1
configure: failed program was:
| /* confdefs.h */
| #define PACKAGE_NAME "libmikmod"
| #define PACKAGE_TARNAME "libmikmod"
| #define PACKAGE_VERSION "3.1.21"
| #define PACKAGE_STRING "libmikmod 3.1.21"
| #define PACKAGE_BUGREPORT ""
| #define PACKAGE_URL ""
| #define PACKAGE "libmikmod"
| #define VERSION "3.1.21"
| #define STDC_HEADERS 1
| #define HAVE_SYS_TYPES_H 1
| #define HAVE_SYS_STAT_H 1
| #define HAVE_STDLIB_H 1
| #define HAVE_STRING_H 1
| #define HAVE_MEMORY_H 1
| #define HAVE_STRINGS_H 1
| #define HAVE_INTTYPES_H 1
| #define HAVE_STDINT_H 1
| #define HAVE_UNISTD_H 1
| #define HAVE_DLFCN_H 1
| #define LT_OBJDIR ".libs/"
| #define STDC_HEADERS 1
| #define HAVE_SYS_WAIT_H 1
| #define HAVE_FCNTL_H 1
| #define HAVE_LIMITS_H 1
| #define HAVE_MALLOC_H 1
| #define HAVE_MEMORY_H 1
| #define HAVE_SYS_IOCTL_H 1
| #define HAVE_UNISTD_H 1
| #define HAVE_SETENV 1
| #define HAVE_SNPRINTF 1
| #define HAVE_SRANDOM 1
| #define HAVE_MEMCMP 1
| #define HAVE_STRSTR 1
| #define HAVE_DLFCN_H 1
| #define HAVE_ALSA_ASOUNDLIB_H 1
| #define DRV_RAW 1
| #define DRV_WAV 1
| #define DRV_PIPE 1
| #define DRV_STDOUT 1
| #define DRV_ALSA 1
| #define HAVE_SYS_SOUNDCARD_H 1
| /* end confdefs.h.  */
| #include <machine/soundcard.h>
configure:15019: result: no
configure:15019: checking for machine/soundcard.h
configure:15019: result: no
configure:15019: checking soundcard.h usability
configure:15019: arm-linux-gcc -c -g -O2 -pthread  conftest.c >&5
conftest.c:77:10: fatal error: soundcard.h: No such file or directory
 #include <soundcard.h>
          ^~~~~~~~~~~~~
compilation terminated.
configure:15019: $? = 1
configure: failed program was:
| /* confdefs.h */
| #define PACKAGE_NAME "libmikmod"
| #define PACKAGE_TARNAME "libmikmod"
| #define PACKAGE_VERSION "3.1.21"
| #define PACKAGE_STRING "libmikmod 3.1.21"
| #define PACKAGE_BUGREPORT ""
| #define PACKAGE_URL ""
| #define PACKAGE "libmikmod"
| #define VERSION "3.1.21"
| #define STDC_HEADERS 1
| #define HAVE_SYS_TYPES_H 1
| #define HAVE_SYS_STAT_H 1
| #define HAVE_STDLIB_H 1
| #define HAVE_STRING_H 1
| #define HAVE_MEMORY_H 1
| #define HAVE_STRINGS_H 1
| #define HAVE_INTTYPES_H 1
| #define HAVE_STDINT_H 1
| #define HAVE_UNISTD_H 1
| #define HAVE_DLFCN_H 1
| #define LT_OBJDIR ".libs/"
| #define STDC_HEADERS 1
| #define HAVE_SYS_WAIT_H 1
| #define HAVE_FCNTL_H 1
| #define HAVE_LIMITS_H 1
| #define HAVE_MALLOC_H 1
| #define HAVE_MEMORY_H 1
| #define HAVE_SYS_IOCTL_H 1
| #define HAVE_UNISTD_H 1
| #define HAVE_SETENV 1
| #define HAVE_SNPRINTF 1
| #define HAVE_SRANDOM 1
| #define HAVE_MEMCMP 1
| #define HAVE_STRSTR 1
| #define HAVE_DLFCN_H 1
| #define HAVE_ALSA_ASOUNDLIB_H 1
| #define DRV_RAW 1
| #define DRV_WAV 1
| #define DRV_PIPE 1
| #define DRV_STDOUT 1
| #define DRV_ALSA 1
| #define HAVE_SYS_SOUNDCARD_H 1
| /* end confdefs.h.  */
| #include <stdio.h>
| #ifdef HAVE_SYS_TYPES_H
| # include <sys/types.h>
| #endif
| #ifdef HAVE_SYS_STAT_H
| # include <sys/stat.h>
| #endif
| #ifdef STDC_HEADERS
| # include <stdlib.h>
| # include <stddef.h>
| #else
| # ifdef HAVE_STDLIB_H
| #  include <stdlib.h>
| # endif
| #endif
| #ifdef HAVE_STRING_H
| # if !defined STDC_HEADERS && defined HAVE_MEMORY_H
| #  include <memory.h>
| # endif
| # include <string.h>
| #endif
| #ifdef HAVE_STRINGS_H
| # include <strings.h>
| #endif
| #ifdef HAVE_INTTYPES_H
| # include <inttypes.h>
| #endif
| #ifdef HAVE_STDINT_H
| # include <stdint.h>
| #endif
| #ifdef HAVE_UNISTD_H
| # include <unistd.h>
| #endif
| #include <soundcard.h>
configure:15019: result: no
configure:15019: checking soundcard.h presence
configure:15019: arm-linux-gcc -E  conftest.c
conftest.c:44:10: fatal error: soundcard.h: No such file or directory
 #include <soundcard.h>
          ^~~~~~~~~~~~~
compilation terminated.
configure:15019: $? = 1
configure: failed program was:
| /* confdefs.h */
| #define PACKAGE_NAME "libmikmod"
| #define PACKAGE_TARNAME "libmikmod"
| #define PACKAGE_VERSION "3.1.21"
| #define PACKAGE_STRING "libmikmod 3.1.21"
| #define PACKAGE_BUGREPORT ""
| #define PACKAGE_URL ""
| #define PACKAGE "libmikmod"
| #define VERSION "3.1.21"
| #define STDC_HEADERS 1
| #define HAVE_SYS_TYPES_H 1
| #define HAVE_SYS_STAT_H 1
| #define HAVE_STDLIB_H 1
| #define HAVE_STRING_H 1
| #define HAVE_MEMORY_H 1
| #define HAVE_STRINGS_H 1
| #define HAVE_INTTYPES_H 1
| #define HAVE_STDINT_H 1
| #define HAVE_UNISTD_H 1
| #define HAVE_DLFCN_H 1
| #define LT_OBJDIR ".libs/"
| #define STDC_HEADERS 1
| #define HAVE_SYS_WAIT_H 1
| #define HAVE_FCNTL_H 1
| #define HAVE_LIMITS_H 1
| #define HAVE_MALLOC_H 1
| #define HAVE_MEMORY_H 1
| #define HAVE_SYS_IOCTL_H 1
| #define HAVE_UNISTD_H 1
| #define HAVE_SETENV 1
| #define HAVE_SNPRINTF 1
| #define HAVE_SRANDOM 1
| #define HAVE_MEMCMP 1
| #define HAVE_STRSTR 1
| #define HAVE_DLFCN_H 1
| #define HAVE_ALSA_ASOUNDLIB_H 1
| #define DRV_RAW 1
| #define DRV_WAV 1
| #define DRV_PIPE 1
| #define DRV_STDOUT 1
| #define DRV_ALSA 1
| #define HAVE_SYS_SOUNDCARD_H 1
| /* end confdefs.h.  */
| #include <soundcard.h>
configure:15019: result: no
configure:15019: checking for soundcard.h
configure:15019: result: no
configure:15082: checking whether OSS code compiles
configure:15106: arm-linux-gcc -c -g -O2 -pthread  conftest.c >&5
configure:15106: $? = 0
configure:15113: result: yes
configure:15192: checking if RTLD_GLOBAL is defined
configure:15209: arm-linux-gcc -c -g -O2 -pthread  conftest.c >&5
configure:15209: $? = 0
configure:15217: result: yes
configure:15236: checking if inlining functions is safe
configure:15257: arm-linux-gcc -c -g -O2 -pthread  conftest.c >&5
configure:15257: $? = 0
configure:15265: result: yes
configure:15287: checking if compiler is pgcc
configure:15295: result: no
configure:15346: checking if compiler supports visibility attributes
configure:15371: arm-linux-gcc -c -g -O2 -pthread -ffast-math -Wall -D_REENTRANT -fvisibility=hidden -Werror  conftest.c >&5
configure:15371: $? = 0
configure:15385: result: yes
configure:15570: creating ./config.status

## ---------------------- ##
## Running config.status. ##
## ---------------------- ##

This file was extended by libmikmod config.status 3.1.21, which was
generated by GNU Autoconf 2.69.  Invocation command line was

  CONFIG_FILES    = 
  CONFIG_HEADERS  = 
  CONFIG_LINKS    = 
  CONFIG_COMMANDS = 
  $ ./config.status 

on debian

config.status:1139: creating libmikmod-config
config.status:1139: creating libmikmod.pc
config.status:1139: creating libmikmod.spec
config.status:1139: creating Makefile
config.status:1139: creating docs/Makefile
config.status:1139: creating docs/libmikmod-config.1
config.status:1139: creating dlapi/Makefile
config.status:1139: creating drivers/Makefile
config.status:1139: creating include/Makefile
config.status:1139: creating loaders/Makefile
config.status:1139: creating mmio/Makefile
config.status:1139: creating playercode/Makefile
config.status:1139: creating posix/Makefile
config.status:1139: creating config.h
config.status:1368: executing depfiles commands
config.status:1368: executing libtool commands

## ---------------- ##
## Cache variables. ##
## ---------------- ##

ac_cv_build=x86_64-pc-linux-uclibc
ac_cv_c_bigendian=no
ac_cv_c_compiler_gnu=yes
ac_cv_c_const=yes
ac_cv_c_inline=inline
ac_cv_env_CC_set=set
ac_cv_env_CC_value=arm-linux-gcc
ac_cv_env_CFLAGS_set=
ac_cv_env_CFLAGS_value=
ac_cv_env_CPPFLAGS_set=
ac_cv_env_CPPFLAGS_value=
ac_cv_env_CPP_set=
ac_cv_env_CPP_value=
ac_cv_env_LDFLAGS_set=
ac_cv_env_LDFLAGS_value=
ac_cv_env_LIBS_set=
ac_cv_env_LIBS_value=
ac_cv_env_LT_SYS_LIBRARY_PATH_set=
ac_cv_env_LT_SYS_LIBRARY_PATH_value=
ac_cv_env_build_alias_set=
ac_cv_env_build_alias_value=
ac_cv_env_host_alias_set=set
ac_cv_env_host_alias_value=arm-linux
ac_cv_env_target_alias_set=
ac_cv_env_target_alias_value=
ac_cv_func_memcmp=yes
ac_cv_func_setenv=yes
ac_cv_func_snprintf=yes
ac_cv_func_srandom=yes
ac_cv_func_strstr=yes
ac_cv_header_alsa_asoundlib_h=yes
ac_cv_header_dlfcn_h=yes
ac_cv_header_fcntl_h=yes
ac_cv_header_inttypes_h=yes
ac_cv_header_limits_h=yes
ac_cv_header_machine_soundcard_h=no
ac_cv_header_malloc_h=yes
ac_cv_header_memory_h=yes
ac_cv_header_soundcard_h=no
ac_cv_header_stdc=yes
ac_cv_header_stdint_h=yes
ac_cv_header_stdlib_h=yes
ac_cv_header_string_h=yes
ac_cv_header_strings_h=yes
ac_cv_header_sys_ioctl_h=yes
ac_cv_header_sys_soundcard_h=yes
ac_cv_header_sys_stat_h=yes
ac_cv_header_sys_types_h=yes
ac_cv_header_sys_wait_h=yes
ac_cv_header_unistd_h=yes
ac_cv_host=arm-unknown-linux-gnu
ac_cv_lib_asound_snd_pcm_open=yes
ac_cv_lib_c_dlopen=yes
ac_cv_lib_m_floor=yes
ac_cv_objext=o
ac_cv_path_EGREP='/bin/grep -E'
ac_cv_path_ESD_CONFIG=no
ac_cv_path_FGREP='/bin/grep -F'
ac_cv_path_GREP=/bin/grep
ac_cv_path_SED=/bin/sed
ac_cv_path_install='/usr/bin/install -c'
ac_cv_path_lt_DD=/bin/dd
ac_cv_path_mkdir=/bin/mkdir
ac_cv_prog_AR=arm-linux-ar
ac_cv_prog_AWK=gawk
ac_cv_prog_CC=arm-linux-gcc
ac_cv_prog_CPP='arm-linux-gcc -E'
ac_cv_prog_DLLTOOL=dlltool
ac_cv_prog_OBJDUMP=objdump
ac_cv_prog_RANLIB=arm-linux-ranlib
ac_cv_prog_STRIP=arm-linux-strip
ac_cv_prog_ac_ct_MANIFEST_TOOL=mt
ac_cv_prog_cc_c89=
ac_cv_prog_cc_g=yes
ac_cv_prog_gcc_traditional=no
ac_cv_prog_make_make_set=yes
ac_cv_type_pid_t=yes
ac_cv_type_size_t=yes
am_cv_CC_dependencies_compiler_type=gcc3
libmikmod_cv_decl_rtld_global=yes
libmikmod_cv_dynload_underscores=no
libmikmod_cv_gcc_inline_safe=yes
libmikmod_cv_gcc_pthread=yes
libmikmod_cv_gcc_signed=yes
libmikmod_cv_gcc_visibility=yes
lt_cv_ar_at_file=@
lt_cv_archive_cmds_need_lc=no
lt_cv_deplibs_check_method=pass_all
lt_cv_file_magic_cmd='$MAGIC_CMD'
lt_cv_file_magic_test_file=
lt_cv_ld_reload_flag=-r
lt_cv_nm_interface='BSD nm'
lt_cv_objdir=.libs
lt_cv_path_LD=arm-linux-ld
lt_cv_path_NM='/opt/miyoo/bin//arm-linux-nm -B'
lt_cv_path_mainfest_tool=no
lt_cv_prog_compiler_c_o=yes
lt_cv_prog_compiler_pic='-fPIC -DPIC'
lt_cv_prog_compiler_pic_works=yes
lt_cv_prog_compiler_rtti_exceptions=no
lt_cv_prog_compiler_static_works=yes
lt_cv_prog_gnu_ld=yes
lt_cv_sharedlib_from_linklib_cmd='printf %s\n'
lt_cv_shlibpath_overrides_runpath=no
lt_cv_sys_global_symbol_pipe='sed -n -e '\''s/^.*[	 ]\([ABCDGIRSTW][ABCDGIRSTW]*\)[	 ][	 ]*\([_A-Za-z][_A-Za-z0-9]*\)$/\1 \2 \2/p'\'' | sed '\''/ __gnu_lto/d'\'''
lt_cv_sys_global_symbol_to_c_name_address='sed -n -e '\''s/^: \(.*\) .*$/  {"\1", (void *) 0},/p'\'' -e '\''s/^[ABCDGIRSTW][ABCDGIRSTW]* .* \(.*\)$/  {"\1", (void *) \&\1},/p'\'''
lt_cv_sys_global_symbol_to_c_name_address_lib_prefix='sed -n -e '\''s/^: \(.*\) .*$/  {"\1", (void *) 0},/p'\'' -e '\''s/^[ABCDGIRSTW][ABCDGIRSTW]* .* \(lib.*\)$/  {"\1", (void *) \&\1},/p'\'' -e '\''s/^[ABCDGIRSTW][ABCDGIRSTW]* .* \(.*\)$/  {"lib\1", (void *) \&\1},/p'\'''
lt_cv_sys_global_symbol_to_cdecl='sed -n -e '\''s/^T .* \(.*\)$/extern int \1();/p'\'' -e '\''s/^[ABCDGIRSTW][ABCDGIRSTW]* .* \(.*\)$/extern char \1;/p'\'''
lt_cv_sys_global_symbol_to_import=
lt_cv_sys_max_cmd_len=1572864
lt_cv_to_host_file_cmd=func_convert_file_noop
lt_cv_to_tool_file_cmd=func_convert_file_noop
lt_cv_truncate_bin='/bin/dd bs=4096 count=1'

## ----------------- ##
## Output variables. ##
## ----------------- ##

ACLOCAL='${SHELL} /home/steward/Downloads/libmikmod-3.1.21.1/autotools/missing --run aclocal-1.11'
AMDEPBACKSLASH='\'
AMDEP_FALSE='#'
AMDEP_TRUE=''
AMTAR='$${TAR-tar}'
AR='arm-linux-ar'
AS='arm-linux-as'
AUTOCONF='${SHELL} /home/steward/Downloads/libmikmod-3.1.21.1/autotools/missing --run autoconf'
AUTOHEADER='${SHELL} /home/steward/Downloads/libmikmod-3.1.21.1/autotools/missing --run autoheader'
AUTOMAKE='${SHELL} /home/steward/Downloads/libmikmod-3.1.21.1/autotools/missing --run automake-1.11'
AWK='gawk'
BUILD_DOCS_FALSE='#'
BUILD_DOCS_TRUE=''
CC='arm-linux-gcc'
CCDEPMODE='depmode=gcc3'
CFLAGS='-g -O2 -pthread -ffast-math -Wall -D_REENTRANT -DSYM_VISIBILITY -fvisibility=hidden'
CPP='arm-linux-gcc -E'
CPPFLAGS=''
CYGPATH_W='echo'
DEFS='-DHAVE_CONFIG_H'
DEPDIR='.deps'
DLLTOOL='dlltool'
DSYMUTIL=''
DUMPBIN=''
ECHO_C=''
ECHO_N='-n'
ECHO_T=''
EGREP='/bin/grep -E'
ESD_CFLAGS=''
ESD_CONFIG='no'
ESD_LIBS=''
EXEEXT=''
FGREP='/bin/grep -F'
GREP='/bin/grep'
INSTALL_DATA='${INSTALL} -m 644'
INSTALL_PROGRAM='${INSTALL}'
INSTALL_SCRIPT='${INSTALL}'
INSTALL_STRIP_PROGRAM='$(install_sh) -c -s'
LD='arm-linux-ld'
LDFLAGS=''
LIBMIKMOD_MAJOR_VERSION='3'
LIBMIKMOD_MICRO_VERSION='21'
LIBMIKMOD_MINOR_VERSION='1'
LIBMIKMOD_VERSION='3.1.21'
LIBOBJS=''
LIBRARY_LIB='  -lm '
LIBS=''
LIBTOOL='$(SHELL) $(top_builddir)/libtool'
LIB_LDADD='-pthread'
LIPO=''
LN_S='ln -s'
LTLIBOBJS=''
LT_SYS_LIBRARY_PATH=''
MAINT='#'
MAINTAINER_MODE_FALSE=''
MAINTAINER_MODE_TRUE='#'
MAKEINFO='${SHELL} /home/steward/Downloads/libmikmod-3.1.21.1/autotools/missing --run makeinfo'
MANIFEST_TOOL=':'
MIKMOD_LT_AGE='0'
MIKMOD_LT_CURRENT='2'
MIKMOD_LT_REVISION='7'
MKDIR_P='/bin/mkdir -p'
NM='/opt/miyoo/bin//arm-linux-nm -B'
NMEDIT=''
OBJDUMP='objdump'
OBJEXT='o'
OTOOL64=''
OTOOL=''
PACKAGE='libmikmod'
PACKAGE_BUGREPORT=''
PACKAGE_NAME='libmikmod'
PACKAGE_STRING='libmikmod 3.1.21'
PACKAGE_TARNAME='libmikmod'
PACKAGE_URL=''
PACKAGE_VERSION='3.1.21'
PATH_SEPARATOR=':'
RANLIB='arm-linux-ranlib'
REENTRANT='-pthread -D_REENTRANT'
SED='/bin/sed'
SET_MAKE=''
SHELL='/bin/bash'
STRIP='arm-linux-strip'
VERSION='3.1.21'
ac_ct_AR=''
ac_ct_CC=''
ac_ct_DUMPBIN=''
am__EXEEXT_FALSE=''
am__EXEEXT_TRUE='#'
am__fastdepCC_FALSE='#'
am__fastdepCC_TRUE=''
am__include='include'
am__isrc=''
am__leading_dot='.'
am__nodep='_no'
am__quote=''
am__tar='$${TAR-tar} chof - "$$tardir"'
am__untar='$${TAR-tar} xf -'
bindir='${exec_prefix}/bin'
build='x86_64-pc-linux-uclibc'
build_alias=''
build_cpu='x86_64'
build_os='linux-uclibc'
build_vendor='pc'
datadir='${datarootdir}'
datarootdir='${prefix}/share'
docdir='${datarootdir}/doc/${PACKAGE_TARNAME}'
dvidir='${docdir}'
exec_prefix='${prefix}'
host='arm-unknown-linux-gnu'
host_alias='arm-linux'
host_cpu='arm'
host_os='linux-gnu'
host_vendor='unknown'
htmldir='${docdir}'
includedir='${prefix}/include'
infodir='${datarootdir}/info'
install_sh='${SHELL} /home/steward/Downloads/libmikmod-3.1.21.1/autotools/install-sh'
libdir='${exec_prefix}/lib'
libexecdir='${exec_prefix}/libexec'
localedir='${datarootdir}/locale'
localstatedir='${prefix}/var'
mandir='${datarootdir}/man'
mkdir_p='/bin/mkdir -p'
oldincludedir='/usr/include'
pdfdir='${docdir}'
prefix='/usr/local'
program_transform_name='s,x,x,'
psdir='${docdir}'
sbindir='${exec_prefix}/sbin'
sharedstatedir='${prefix}/com'
sysconfdir='${prefix}/etc'
target_alias=''

## ----------- ##
## confdefs.h. ##
## ----------- ##

/* confdefs.h */
#define PACKAGE_NAME "libmikmod"
#define PACKAGE_TARNAME "libmikmod"
#define PACKAGE_VERSION "3.1.21"
#define PACKAGE_STRING "libmikmod 3.1.21"
#define PACKAGE_BUGREPORT ""
#define PACKAGE_URL ""
#define PACKAGE "libmikmod"
#define VERSION "3.1.21"
#define STDC_HEADERS 1
#define HAVE_SYS_TYPES_H 1
#define HAVE_SYS_STAT_H 1
#define HAVE_STDLIB_H 1
#define HAVE_STRING_H 1
#define HAVE_MEMORY_H 1
#define HAVE_STRINGS_H 1
#define HAVE_INTTYPES_H 1
#define HAVE_STDINT_H 1
#define HAVE_UNISTD_H 1
#define HAVE_DLFCN_H 1
#define LT_OBJDIR ".libs/"
#define STDC_HEADERS 1
#define HAVE_SYS_WAIT_H 1
#define HAVE_FCNTL_H 1
#define HAVE_LIMITS_H 1
#define HAVE_MALLOC_H 1
#define HAVE_MEMORY_H 1
#define HAVE_SYS_IOCTL_H 1
#define HAVE_UNISTD_H 1
#define HAVE_SETENV 1
#define HAVE_SNPRINTF 1
#define HAVE_SRANDOM 1
#define HAVE_MEMCMP 1
#define HAVE_STRSTR 1
#define HAVE_DLFCN_H 1
#define HAVE_ALSA_ASOUNDLIB_H 1
#define DRV_RAW 1
#define DRV_WAV 1
#define DRV_PIPE 1
#define DRV_STDOUT 1
#define DRV_ALSA 1
#define HAVE_SYS_SOUNDCARD_H 1
#define DRV_OSS 1
#define MIKMOD_DYNAMIC 1
#define HAVE_RTLD_GLOBAL 1
#define HAVE_PTHREAD 1

configure: exit 0
