This file contains any messages produced by compilers while
running configure, to aid debugging if configure makes a mistake.

It was created by libvorbis configure 1.3.5, which was
generated by GNU Autoconf 2.69.  Invocation command line was

  $ ./configure --host=arm-linux

## --------- ##
## Platform. ##
## --------- ##

hostname = debian
uname -m = x86_64
uname -r = 4.18.0
uname -s = Linux
uname -v = #1 SMP Wed Aug 22 03:11:49 EDT 2018

/usr/bin/uname -p = unknown
/bin/uname -X     = unknown

/bin/arch              = unknown
/usr/bin/arch -k       = unknown
/usr/convex/getsysinfo = unknown
/usr/bin/hostinfo      = unknown
/bin/machine           = unknown
/usr/bin/oslevel       = unknown
/bin/universe          = unknown

PATH: /usr/local/bin
PATH: /usr/bin
PATH: /bin
PATH: /usr/local/games
PATH: /usr/games
PATH: /opt/miyoo/bin/


## ----------- ##
## Core tests. ##
## ----------- ##

configure:2377: checking build system type
configure:2391: result: x86_64-unknown-linux-uclibc
configure:2411: checking host system type
configure:2424: result: arm-unknown-linux-gnu
configure:2444: checking target system type
configure:2457: result: arm-unknown-linux-gnu
configure:2500: checking for a BSD-compatible install
configure:2568: result: /usr/bin/install -c
configure:2579: checking whether build environment is sane
configure:2634: result: yes
configure:2693: checking for arm-linux-strip
configure:2709: found /opt/miyoo/bin//arm-linux-strip
configure:2720: result: arm-linux-strip
configure:2785: checking for a thread-safe mkdir -p
configure:2824: result: /bin/mkdir -p
configure:2831: checking for gawk
configure:2847: found /usr/bin/gawk
configure:2858: result: gawk
configure:2869: checking whether make sets $(MAKE)
configure:2891: result: yes
configure:2920: checking whether make supports nested variables
configure:2937: result: yes
configure:3064: checking whether to enable maintainer-specific portions of Makefiles
configure:3073: result: no
configure:3123: checking for arm-linux-gcc
configure:3150: result: arm-linux-gcc
configure:3419: checking for C compiler version
configure:3428: arm-linux-gcc --version >&5
arm-linux-gcc.br_real (Buildroot 2018.02.9) 7.3.0
Copyright (C) 2017 Free Software Foundation, Inc.
This is free software; see the source for copying conditions.  There is NO
warranty; not even for MERCHANTABILITY or FITNESS FOR A PARTICULAR PURPOSE.

configure:3439: $? = 0
configure:3428: arm-linux-gcc -v >&5
Using built-in specs.
COLLECT_GCC=/opt/miyoo/bin/arm-linux-gcc.br_real
COLLECT_LTO_WRAPPER=/opt/miyoo/libexec/gcc/arm-miyoo-linux-uclibcgnueabi/7.3.0/lto-wrapper
Target: arm-miyoo-linux-uclibcgnueabi
Configured with: ./configure --prefix=/opt/miyoo --sysconfdir=/opt/miyoo/etc --enable-static --target=arm-miyoo-linux-uclibcgnueabi --with-sysroot=/opt/miyoo/arm-miyoo-linux-uclibcgnueabi/sysroot --disable-__cxa_atexit --with-gnu-ld --disable-libssp --disable-multilib --with-gmp=/opt/miyoo --with-mpc=/opt/miyoo --with-mpfr=/opt/miyoo --with-pkgversion='Buildroot 2018.02.9' --with-bugurl=http://bugs.buildroot.net/ --disable-libquadmath --disable-libsanitizer --enable-tls --enable-plugins --enable-lto --disable-libmudflap --enable-threads --without-isl --without-cloog --with-float=soft --disable-decimal-float --with-abi=aapcs-linux --with-cpu=arm926ej-s --with-float=soft --with-mode=arm --enable-languages=c,c++ --with-build-time-tools=/opt/miyoo/arm-miyoo-linux-uclibcgnueabi/bin --enable-shared --disable-libgomp
Thread model: posix
gcc version 7.3.0 (Buildroot 2018.02.9) 
configure:3439: $? = 0
configure:3428: arm-linux-gcc -V >&5
arm-linux-gcc.br_real: error: unrecognized command line option '-V'
arm-linux-gcc.br_real: fatal error: no input files
compilation terminated.
configure:3439: $? = 1
configure:3428: arm-linux-gcc -qversion >&5
arm-linux-gcc.br_real: error: unrecognized command line option '-qversion'; did you mean '--version'?
arm-linux-gcc.br_real: fatal error: no input files
compilation terminated.
configure:3439: $? = 1
configure:3459: checking whether the C compiler works
configure:3481: arm-linux-gcc    conftest.c  >&5
configure:3485: $? = 0
configure:3533: result: yes
configure:3536: checking for C compiler default output file name
configure:3538: result: a.out
configure:3544: checking for suffix of executables
configure:3551: arm-linux-gcc -o conftest    conftest.c  >&5
configure:3555: $? = 0
configure:3577: result: 
configure:3599: checking whether we are cross compiling
configure:3607: arm-linux-gcc -o conftest    conftest.c  >&5
configure:3611: $? = 0
configure:3618: ./conftest
./configure: line 3620: ./conftest: cannot execute binary file: Exec format error
configure:3622: $? = 126
configure:3637: result: yes
configure:3642: checking for suffix of object files
configure:3664: arm-linux-gcc -c   conftest.c >&5
configure:3668: $? = 0
configure:3689: result: o
configure:3693: checking whether we are using the GNU C compiler
configure:3712: arm-linux-gcc -c   conftest.c >&5
configure:3712: $? = 0
configure:3721: result: yes
configure:3730: checking whether arm-linux-gcc accepts -g
configure:3750: arm-linux-gcc -c -g  conftest.c >&5
configure:3750: $? = 0
configure:3791: result: yes
configure:3808: checking for arm-linux-gcc option to accept ISO C89
configure:3871: arm-linux-gcc  -c -g -O2  conftest.c >&5
configure:3871: $? = 0
configure:3884: result: none needed
configure:3909: checking whether arm-linux-gcc understands -c and -o together
configure:3931: arm-linux-gcc -c conftest.c -o conftest2.o
configure:3934: $? = 0
configure:3931: arm-linux-gcc -c conftest.c -o conftest2.o
configure:3934: $? = 0
configure:3946: result: yes
configure:3974: checking for style of include used by make
configure:4002: result: GNU
configure:4028: checking dependency style of arm-linux-gcc
configure:4139: result: gcc3
configure:4159: checking how to run the C preprocessor
configure:4190: arm-linux-gcc -E  conftest.c
configure:4190: $? = 0
configure:4204: arm-linux-gcc -E  conftest.c
conftest.c:11:10: fatal error: ac_nonexistent.h: No such file or directory
 #include <ac_nonexistent.h>
          ^~~~~~~~~~~~~~~~~~
compilation terminated.
configure:4204: $? = 1
configure: failed program was:
| /* confdefs.h */
| #define PACKAGE_NAME "libvorbis"
| #define PACKAGE_TARNAME "libvorbis"
| #define PACKAGE_VERSION "1.3.5"
| #define PACKAGE_STRING "libvorbis 1.3.5"
| #define PACKAGE_BUGREPORT "vorbis-dev@xiph.org"
| #define PACKAGE_URL ""
| #define PACKAGE "libvorbis"
| #define VERSION "1.3.5"
| /* end confdefs.h.  */
| #include <ac_nonexistent.h>
configure:4229: result: arm-linux-gcc -E
configure:4249: arm-linux-gcc -E  conftest.c
configure:4249: $? = 0
configure:4263: arm-linux-gcc -E  conftest.c
conftest.c:11:10: fatal error: ac_nonexistent.h: No such file or directory
 #include <ac_nonexistent.h>
          ^~~~~~~~~~~~~~~~~~
compilation terminated.
configure:4263: $? = 1
configure: failed program was:
| /* confdefs.h */
| #define PACKAGE_NAME "libvorbis"
| #define PACKAGE_TARNAME "libvorbis"
| #define PACKAGE_VERSION "1.3.5"
| #define PACKAGE_STRING "libvorbis 1.3.5"
| #define PACKAGE_BUGREPORT "vorbis-dev@xiph.org"
| #define PACKAGE_URL ""
| #define PACKAGE "libvorbis"
| #define VERSION "1.3.5"
| /* end confdefs.h.  */
| #include <ac_nonexistent.h>
configure:4294: checking for inline
configure:4310: arm-linux-gcc -c   conftest.c >&5
configure:4310: $? = 0
configure:4318: result: inline
configure:4686: checking how to print strings
configure:4713: result: printf
configure:4734: checking for a sed that does not truncate output
configure:4798: result: /bin/sed
configure:4816: checking for grep that handles long lines and -e
configure:4874: result: /bin/grep
configure:4879: checking for egrep
configure:4941: result: /bin/grep -E
configure:4946: checking for fgrep
configure:5008: result: /bin/grep -F
configure:5043: checking for ld used by arm-linux-gcc
configure:5110: result: arm-linux-ld
configure:5117: checking if the linker (arm-linux-ld) is GNU ld
configure:5132: result: yes
configure:5144: checking for BSD- or MS-compatible name lister (nm)
configure:5198: result: /opt/miyoo/bin//arm-linux-nm -B
configure:5328: checking the name lister (/opt/miyoo/bin//arm-linux-nm -B) interface
configure:5335: arm-linux-gcc -c   conftest.c >&5
configure:5338: /opt/miyoo/bin//arm-linux-nm -B "conftest.o"
configure:5341: output
00000000 B some_variable
configure:5348: result: BSD nm
configure:5351: checking whether ln -s works
configure:5355: result: yes
configure:5363: checking the maximum length of command line arguments
configure:5494: result: 1572864
configure:5542: checking how to convert x86_64-unknown-linux-uclibc file names to arm-unknown-linux-gnu format
configure:5582: result: func_convert_file_noop
configure:5589: checking how to convert x86_64-unknown-linux-uclibc file names to toolchain format
configure:5609: result: func_convert_file_noop
configure:5616: checking for arm-linux-ld option to reload object files
configure:5623: result: -r
configure:5657: checking for arm-linux-objdump
configure:5684: result: objdump
configure:5753: checking how to recognize dependent libraries
configure:5953: result: pass_all
configure:5998: checking for arm-linux-dlltool
configure:6025: result: dlltool
configure:6095: checking how to associate runtime and link libraries
configure:6122: result: printf %s\n
configure:6138: checking for arm-linux-ar
configure:6154: found /opt/miyoo/bin//arm-linux-ar
configure:6165: result: arm-linux-ar
configure:6246: checking for archiver @FILE support
configure:6263: arm-linux-gcc -c   conftest.c >&5
configure:6263: $? = 0
configure:6266: arm-linux-ar cru libconftest.a @conftest.lst >&5
configure:6269: $? = 0
configure:6274: arm-linux-ar cru libconftest.a @conftest.lst >&5
arm-linux-ar: conftest.o: No such file or directory
configure:6277: $? = 1
configure:6289: result: @
configure:6307: checking for arm-linux-strip
configure:6334: result: arm-linux-strip
configure:6406: checking for arm-linux-ranlib
configure:6422: found /opt/miyoo/bin//arm-linux-ranlib
configure:6433: result: arm-linux-ranlib
configure:6575: checking command to parse /opt/miyoo/bin//arm-linux-nm -B output from arm-linux-gcc object
configure:6728: arm-linux-gcc -c   conftest.c >&5
configure:6731: $? = 0
configure:6735: /opt/miyoo/bin//arm-linux-nm -B conftest.o \| sed -n -e 's/^.*[ ]\([ABCDGIRSTW][ABCDGIRSTW]*\)[ ][ ]*\([_A-Za-z][_A-Za-z0-9]*\)$/\1 \2 \2/p' | sed '/ __gnu_lto/d' \> conftest.nm
configure:6738: $? = 0
configure:6804: arm-linux-gcc -o conftest    conftest.c conftstm.o >&5
configure:6807: $? = 0
configure:6845: result: ok
configure:6892: checking for sysroot
configure:6922: result: no
configure:6929: checking for a working dd
configure:6967: result: /bin/dd
configure:6971: checking how to truncate binary pipes
configure:6986: result: /bin/dd bs=4096 count=1
configure:7275: checking for arm-linux-mt
configure:7305: result: no
configure:7315: checking for mt
configure:7331: found /bin/mt
configure:7342: result: mt
configure:7354: WARNING: using cross tools not prefixed with host triplet
configure:7365: checking if mt is a manifest tool
configure:7371: mt '-?'
configure:7379: result: no
configure:8052: checking for ANSI C header files
configure:8072: arm-linux-gcc -c   conftest.c >&5
configure:8072: $? = 0
configure:8156: result: yes
configure:8169: checking for sys/types.h
configure:8169: arm-linux-gcc -c   conftest.c >&5
configure:8169: $? = 0
configure:8169: result: yes
configure:8169: checking for sys/stat.h
configure:8169: arm-linux-gcc -c   conftest.c >&5
configure:8169: $? = 0
configure:8169: result: yes
configure:8169: checking for stdlib.h
configure:8169: arm-linux-gcc -c   conftest.c >&5
configure:8169: $? = 0
configure:8169: result: yes
configure:8169: checking for string.h
configure:8169: arm-linux-gcc -c   conftest.c >&5
configure:8169: $? = 0
configure:8169: result: yes
configure:8169: checking for memory.h
configure:8169: arm-linux-gcc -c   conftest.c >&5
configure:8169: $? = 0
configure:8169: result: yes
configure:8169: checking for strings.h
configure:8169: arm-linux-gcc -c   conftest.c >&5
configure:8169: $? = 0
configure:8169: result: yes
configure:8169: checking for inttypes.h
configure:8169: arm-linux-gcc -c   conftest.c >&5
configure:8169: $? = 0
configure:8169: result: yes
configure:8169: checking for stdint.h
configure:8169: arm-linux-gcc -c   conftest.c >&5
configure:8169: $? = 0
configure:8169: result: yes
configure:8169: checking for unistd.h
configure:8169: arm-linux-gcc -c   conftest.c >&5
configure:8169: $? = 0
configure:8169: result: yes
configure:8183: checking for dlfcn.h
configure:8183: arm-linux-gcc -c   conftest.c >&5
configure:8183: $? = 0
configure:8183: result: yes
configure:8437: checking for objdir
configure:8452: result: .libs
configure:8712: checking if arm-linux-gcc supports -fno-rtti -fno-exceptions
configure:8730: arm-linux-gcc -c   -fno-rtti -fno-exceptions conftest.c >&5
cc1: warning: command line option '-fno-rtti' is valid for C++/ObjC++ but not for C
configure:8734: $? = 0
configure:8747: result: no
configure:9105: checking for arm-linux-gcc option to produce PIC
configure:9112: result: -fPIC -DPIC
configure:9120: checking if arm-linux-gcc PIC flag -fPIC -DPIC works
configure:9138: arm-linux-gcc -c   -fPIC -DPIC -DPIC conftest.c >&5
configure:9142: $? = 0
configure:9155: result: yes
configure:9184: checking if arm-linux-gcc static flag -static works
configure:9212: result: yes
configure:9227: checking if arm-linux-gcc supports -c -o file.o
configure:9248: arm-linux-gcc -c   -o out/conftest2.o conftest.c >&5
configure:9252: $? = 0
configure:9274: result: yes
configure:9282: checking if arm-linux-gcc supports -c -o file.o
configure:9329: result: yes
configure:9362: checking whether the arm-linux-gcc linker (arm-linux-ld) supports shared libraries
configure:10625: result: yes
configure:10662: checking whether -lc should be explicitly linked in
configure:10670: arm-linux-gcc -c   conftest.c >&5
configure:10673: $? = 0
configure:10688: arm-linux-gcc -shared  -fPIC -DPIC conftest.o  -v -Wl,-soname -Wl,conftest -o conftest 2\>\&1 \| /bin/grep  -lc  \>/dev/null 2\>\&1
configure:10691: $? = 0
configure:10705: result: no
configure:10865: checking dynamic linker characteristics
configure:11446: arm-linux-gcc -o conftest    -Wl,-rpath -Wl,/foo conftest.c  >&5
configure:11446: $? = 0
configure:11695: result: GNU/Linux ld.so
configure:11817: checking how to hardcode library paths into programs
configure:11842: result: immediate
configure:12390: checking whether stripping libraries is possible
configure:12395: result: yes
configure:12430: checking if libtool supports shared libraries
configure:12432: result: yes
configure:12435: checking whether to build shared libraries
configure:12460: result: yes
configure:12463: checking whether to build static libraries
configure:12467: result: yes
configure:12708: checking GCC version
configure:12711: result: 7.3.0
configure:12852: checking if arm-linux-gcc accepts -Wdeclaration-after-statement
configure:12867: arm-linux-gcc -o conftest -g -Wall -Wextra -ffast-math -D_REENTRANT -fsigned-char -Wdeclaration-after-statement   conftest.c  >&5
configure:12867: $? = 0
configure:12868: result: yes
configure:12882: checking for memory.h
configure:12882: result: yes
configure:12894: checking for cos in -lm
configure:12919: arm-linux-gcc -o conftest -g -Wall -Wextra -ffast-math -D_REENTRANT -fsigned-char -Wdeclaration-after-statement  -DUSE_MEMORY_H   conftest.c -lm   >&5
conftest.c:30:6: warning: conflicting types for built-in function 'cos' [-Wbuiltin-declaration-mismatch]
 char cos ();
      ^~~
configure:12919: $? = 0
configure:12928: result: yes
configure:12936: checking for pthread_create in -lpthread
configure:12961: arm-linux-gcc -o conftest -g -Wall -Wextra -ffast-math -D_REENTRANT -fsigned-char -Wdeclaration-after-statement  -DUSE_MEMORY_H   conftest.c -lpthread   >&5
configure:12961: $? = 0
configure:12970: result: yes
configure:12985: checking for arm-linux-pkg-config
configure:13018: result: no
configure:13028: checking for pkg-config
configure:13046: found /usr/bin/pkg-config
configure:13058: result: /usr/bin/pkg-config
configure:13083: checking pkg-config is at least version 0.9.0
configure:13086: result: yes
configure:13101: checking for OGG
configure:13109: $PKG_CONFIG --exists --print-errors "ogg >= 1.0"
Package ogg was not found in the pkg-config search path.
Perhaps you should add the directory containing `ogg.pc'
to the PKG_CONFIG_PATH environment variable
Package 'ogg', required by 'world', not found
configure:13112: $? = 1
configure:13127: $PKG_CONFIG --exists --print-errors "ogg >= 1.0"
Package ogg was not found in the pkg-config search path.
Perhaps you should add the directory containing `ogg.pc'
to the PKG_CONFIG_PATH environment variable
Package 'ogg', required by 'world', not found
configure:13130: $? = 1
Package ogg was not found in the pkg-config search path.
Perhaps you should add the directory containing `ogg.pc'
to the PKG_CONFIG_PATH environment variable
Package 'ogg', required by 'world', not found
configure:13158: result: no
configure:13229: checking for Ogg
configure:13282: result: yes
configure:13338: checking for oggpack_writealign
configure:13338: arm-linux-gcc -o conftest -g -Wall -Wextra -ffast-math -D_REENTRANT -fsigned-char -Wdeclaration-after-statement  -DUSE_MEMORY_H   conftest.c  -logg -lm >&5
configure:13338: $? = 0
configure:13338: result: yes
configure:13349: checking for size_t
configure:13349: arm-linux-gcc -c -g -Wall -Wextra -ffast-math -D_REENTRANT -fsigned-char -Wdeclaration-after-statement  -DUSE_MEMORY_H  conftest.c >&5
configure:13349: $? = 0
configure:13349: arm-linux-gcc -c -g -Wall -Wextra -ffast-math -D_REENTRANT -fsigned-char -Wdeclaration-after-statement  -DUSE_MEMORY_H  conftest.c >&5
conftest.c: In function 'main':
conftest.c:59:21: error: expected expression before ')' token
 if (sizeof ((size_t)))
                     ^
configure:13349: $? = 1
configure: failed program was:
| /* confdefs.h */
| #define PACKAGE_NAME "libvorbis"
| #define PACKAGE_TARNAME "libvorbis"
| #define PACKAGE_VERSION "1.3.5"
| #define PACKAGE_STRING "libvorbis 1.3.5"
| #define PACKAGE_BUGREPORT "vorbis-dev@xiph.org"
| #define PACKAGE_URL ""
| #define PACKAGE "libvorbis"
| #define VERSION "1.3.5"
| #define STDC_HEADERS 1
| #define HAVE_SYS_TYPES_H 1
| #define HAVE_SYS_STAT_H 1
| #define HAVE_STDLIB_H 1
| #define HAVE_STRING_H 1
| #define HAVE_MEMORY_H 1
| #define HAVE_STRINGS_H 1
| #define HAVE_INTTYPES_H 1
| #define HAVE_STDINT_H 1
| #define HAVE_UNISTD_H 1
| #define HAVE_DLFCN_H 1
| #define LT_OBJDIR ".libs/"
| /* end confdefs.h.  */
| #include <stdio.h>
| #ifdef HAVE_SYS_TYPES_H
| # include <sys/types.h>
| #endif
| #ifdef HAVE_SYS_STAT_H
| # include <sys/stat.h>
| #endif
| #ifdef STDC_HEADERS
| # include <stdlib.h>
| # include <stddef.h>
| #else
| # ifdef HAVE_STDLIB_H
| #  include <stdlib.h>
| # endif
| #endif
| #ifdef HAVE_STRING_H
| # if !defined STDC_HEADERS && defined HAVE_MEMORY_H
| #  include <memory.h>
| # endif
| # include <string.h>
| #endif
| #ifdef HAVE_STRINGS_H
| # include <strings.h>
| #endif
| #ifdef HAVE_INTTYPES_H
| # include <inttypes.h>
| #endif
| #ifdef HAVE_STDINT_H
| # include <stdint.h>
| #endif
| #ifdef HAVE_UNISTD_H
| # include <unistd.h>
| #endif
| int
| main ()
| {
| if (sizeof ((size_t)))
| 	    return 0;
|   ;
|   return 0;
| }
configure:13349: result: yes
configure:13362: checking for working alloca.h
configure:13379: arm-linux-gcc -o conftest -g -Wall -Wextra -ffast-math -D_REENTRANT -fsigned-char -Wdeclaration-after-statement  -DUSE_MEMORY_H   conftest.c  >&5
configure:13379: $? = 0
configure:13387: result: yes
configure:13395: checking for alloca
configure:13432: arm-linux-gcc -o conftest -g -Wall -Wextra -ffast-math -D_REENTRANT -fsigned-char -Wdeclaration-after-statement  -DUSE_MEMORY_H   conftest.c  >&5
configure:13432: $? = 0
configure:13440: result: yes
configure:13546: checking for working memcmp
configure:13599: result: no
configure:13731: checking that generated files are newer than configure
configure:13737: result: done
configure:13776: creating ./config.status

## ---------------------- ##
## Running config.status. ##
## ---------------------- ##

This file was extended by libvorbis config.status 1.3.5, which was
generated by GNU Autoconf 2.69.  Invocation command line was

  CONFIG_FILES    = 
  CONFIG_HEADERS  = 
  CONFIG_LINKS    = 
  CONFIG_COMMANDS = 
  $ ./config.status 

on debian

config.status:1147: creating Makefile
config.status:1147: creating m4/Makefile
config.status:1147: creating lib/Makefile
config.status:1147: creating lib/modes/Makefile
config.status:1147: creating lib/books/Makefile
config.status:1147: creating lib/books/coupled/Makefile
config.status:1147: creating lib/books/uncoupled/Makefile
config.status:1147: creating lib/books/floor/Makefile
config.status:1147: creating doc/Makefile
config.status:1147: creating doc/vorbisfile/Makefile
config.status:1147: creating doc/vorbisenc/Makefile
config.status:1147: creating doc/libvorbis/Makefile
config.status:1147: creating doc/Doxyfile
config.status:1147: creating include/Makefile
config.status:1147: creating include/vorbis/Makefile
config.status:1147: creating examples/Makefile
config.status:1147: creating test/Makefile
config.status:1147: creating vq/Makefile
config.status:1147: creating libvorbis.spec
config.status:1147: creating vorbis.pc
config.status:1147: creating vorbisenc.pc
config.status:1147: creating vorbisfile.pc
config.status:1147: creating vorbis-uninstalled.pc
config.status:1147: creating vorbisenc-uninstalled.pc
config.status:1147: creating vorbisfile-uninstalled.pc
config.status:1147: creating config.h
config.status:1328: config.h is unchanged
config.status:1376: executing depfiles commands
config.status:1376: executing libtool commands

## ---------------- ##
## Cache variables. ##
## ---------------- ##

ac_cv_build=x86_64-unknown-linux-uclibc
ac_cv_c_compiler_gnu=yes
ac_cv_c_inline=inline
ac_cv_env_CC_set=set
ac_cv_env_CC_value=arm-linux-gcc
ac_cv_env_CFLAGS_set=
ac_cv_env_CFLAGS_value=
ac_cv_env_CPPFLAGS_set=
ac_cv_env_CPPFLAGS_value=
ac_cv_env_CPP_set=
ac_cv_env_CPP_value=
ac_cv_env_LDFLAGS_set=
ac_cv_env_LDFLAGS_value=
ac_cv_env_LIBS_set=
ac_cv_env_LIBS_value=
ac_cv_env_LT_SYS_LIBRARY_PATH_set=
ac_cv_env_LT_SYS_LIBRARY_PATH_value=
ac_cv_env_OGG_CFLAGS_set=
ac_cv_env_OGG_CFLAGS_value=
ac_cv_env_OGG_LIBS_set=
ac_cv_env_OGG_LIBS_value=
ac_cv_env_PKG_CONFIG_set=
ac_cv_env_PKG_CONFIG_value=
ac_cv_env_build_alias_set=
ac_cv_env_build_alias_value=
ac_cv_env_host_alias_set=set
ac_cv_env_host_alias_value=arm-linux
ac_cv_env_target_alias_set=
ac_cv_env_target_alias_value=
ac_cv_func_alloca_works=yes
ac_cv_func_memcmp_working=no
ac_cv_func_oggpack_writealign=yes
ac_cv_header_dlfcn_h=yes
ac_cv_header_inttypes_h=yes
ac_cv_header_memory_h=yes
ac_cv_header_stdc=yes
ac_cv_header_stdint_h=yes
ac_cv_header_stdlib_h=yes
ac_cv_header_string_h=yes
ac_cv_header_strings_h=yes
ac_cv_header_sys_stat_h=yes
ac_cv_header_sys_types_h=yes
ac_cv_header_unistd_h=yes
ac_cv_host=arm-unknown-linux-gnu
ac_cv_lib_m_cos=yes
ac_cv_lib_pthread_pthread_create=yes
ac_cv_objext=o
ac_cv_path_EGREP='/bin/grep -E'
ac_cv_path_FGREP='/bin/grep -F'
ac_cv_path_GREP=/bin/grep
ac_cv_path_SED=/bin/sed
ac_cv_path_ac_pt_PKG_CONFIG=/usr/bin/pkg-config
ac_cv_path_install='/usr/bin/install -c'
ac_cv_path_lt_DD=/bin/dd
ac_cv_path_mkdir=/bin/mkdir
ac_cv_prog_AR=arm-linux-ar
ac_cv_prog_AWK=gawk
ac_cv_prog_CC=arm-linux-gcc
ac_cv_prog_CPP='arm-linux-gcc -E'
ac_cv_prog_DLLTOOL=dlltool
ac_cv_prog_OBJDUMP=objdump
ac_cv_prog_RANLIB=arm-linux-ranlib
ac_cv_prog_STRIP=arm-linux-strip
ac_cv_prog_ac_ct_MANIFEST_TOOL=mt
ac_cv_prog_cc_c89=
ac_cv_prog_cc_g=yes
ac_cv_prog_make_make_set=yes
ac_cv_target=arm-unknown-linux-gnu
ac_cv_type_size_t=yes
ac_cv_working_alloca_h=yes
am_cv_CC_dependencies_compiler_type=gcc3
am_cv_make_support_nested_variables=yes
am_cv_prog_cc_c_o=yes
lt_cv_ar_at_file=@
lt_cv_archive_cmds_need_lc=no
lt_cv_deplibs_check_method=pass_all
lt_cv_file_magic_cmd='$MAGIC_CMD'
lt_cv_file_magic_test_file=
lt_cv_ld_reload_flag=-r
lt_cv_nm_interface='BSD nm'
lt_cv_objdir=.libs
lt_cv_path_LD=arm-linux-ld
lt_cv_path_NM='/opt/miyoo/bin//arm-linux-nm -B'
lt_cv_path_mainfest_tool=no
lt_cv_prog_compiler_c_o=yes
lt_cv_prog_compiler_pic='-fPIC -DPIC'
lt_cv_prog_compiler_pic_works=yes
lt_cv_prog_compiler_rtti_exceptions=no
lt_cv_prog_compiler_static_works=yes
lt_cv_prog_gnu_ld=yes
lt_cv_sharedlib_from_linklib_cmd='printf %s\n'
lt_cv_shlibpath_overrides_runpath=no
lt_cv_sys_global_symbol_pipe='sed -n -e '\''s/^.*[	 ]\([ABCDGIRSTW][ABCDGIRSTW]*\)[	 ][	 ]*\([_A-Za-z][_A-Za-z0-9]*\)$/\1 \2 \2/p'\'' | sed '\''/ __gnu_lto/d'\'''
lt_cv_sys_global_symbol_to_c_name_address='sed -n -e '\''s/^: \(.*\) .*$/  {"\1", (void *) 0},/p'\'' -e '\''s/^[ABCDGIRSTW][ABCDGIRSTW]* .* \(.*\)$/  {"\1", (void *) \&\1},/p'\'''
lt_cv_sys_global_symbol_to_c_name_address_lib_prefix='sed -n -e '\''s/^: \(.*\) .*$/  {"\1", (void *) 0},/p'\'' -e '\''s/^[ABCDGIRSTW][ABCDGIRSTW]* .* \(lib.*\)$/  {"\1", (void *) \&\1},/p'\'' -e '\''s/^[ABCDGIRSTW][ABCDGIRSTW]* .* \(.*\)$/  {"lib\1", (void *) \&\1},/p'\'''
lt_cv_sys_global_symbol_to_cdecl='sed -n -e '\''s/^T .* \(.*\)$/extern int \1();/p'\'' -e '\''s/^[ABCDGIRSTW][ABCDGIRSTW]* .* \(.*\)$/extern char \1;/p'\'''
lt_cv_sys_global_symbol_to_import=
lt_cv_sys_max_cmd_len=1572864
lt_cv_to_host_file_cmd=func_convert_file_noop
lt_cv_to_tool_file_cmd=func_convert_file_noop
lt_cv_truncate_bin='/bin/dd bs=4096 count=1'

## ----------------- ##
## Output variables. ##
## ----------------- ##

ACLOCAL='${SHELL} /home/steward/Downloads/libvorbis/missing aclocal-1.15'
ACLOCAL_AMFLAGS='-I m4'
ALLOCA=''
AMDEPBACKSLASH='\'
AMDEP_FALSE='#'
AMDEP_TRUE=''
AMTAR='$${TAR-tar}'
AM_BACKSLASH='\'
AM_DEFAULT_V='$(AM_DEFAULT_VERBOSITY)'
AM_DEFAULT_VERBOSITY='1'
AM_V='$(V)'
AR='arm-linux-ar'
AS='arm-linux-as'
AUTOCONF='${SHELL} /home/steward/Downloads/libvorbis/missing autoconf'
AUTOHEADER='${SHELL} /home/steward/Downloads/libvorbis/missing autoheader'
AUTOMAKE='${SHELL} /home/steward/Downloads/libvorbis/missing automake-1.15'
AWK='gawk'
BUILD_DOCS_FALSE=''
BUILD_DOCS_TRUE='#'
BUILD_EXAMPLES_FALSE=''
BUILD_EXAMPLES_TRUE='#'
CC='arm-linux-gcc'
CCDEPMODE='depmode=gcc3'
CFLAGS='-g -Wall -Wextra -ffast-math -D_REENTRANT -fsigned-char -Wdeclaration-after-statement  -DUSE_MEMORY_H'
CPP='arm-linux-gcc -E'
CPPFLAGS=''
CYGPATH_W='echo'
DEBUG='-g -Wall -Wextra -D_REENTRANT -D__NO_MATH_INLINES -fsigned-char'
DEFS='-DHAVE_CONFIG_H'
DEPDIR='.deps'
DLLTOOL='dlltool'
DSYMUTIL=''
DUMPBIN=''
ECHO_C=''
ECHO_N='-n'
ECHO_T=''
EGREP='/bin/grep -E'
EXEEXT=''
FGREP='/bin/grep -F'
GREP='/bin/grep'
HAVE_DOXYGEN='false'
HAVE_DOXYGEN_FALSE=''
HAVE_DOXYGEN_TRUE='#'
HTLATEX=''
INSTALL_DATA='${INSTALL} -m 644'
INSTALL_PROGRAM='${INSTALL}'
INSTALL_SCRIPT='${INSTALL}'
INSTALL_STRIP_PROGRAM='$(install_sh) -c -s'
LD='arm-linux-ld'
LDFLAGS=''
LIBOBJS=' ${LIBOBJDIR}memcmp$U.o'
LIBS=''
LIBTOOL='$(SHELL) $(top_builddir)/libtool'
LIBTOOL_DEPS='./ltmain.sh'
LIPO=''
LN_S='ln -s'
LTLIBOBJS=' ${LIBOBJDIR}memcmp$U.lo'
LT_SYS_LIBRARY_PATH=''
MAINT='#'
MAINTAINER_MODE_FALSE=''
MAINTAINER_MODE_TRUE='#'
MAKEINFO='${SHELL} /home/steward/Downloads/libvorbis/missing makeinfo'
MANIFEST_TOOL=':'
MKDIR_P='/bin/mkdir -p'
NM='/opt/miyoo/bin//arm-linux-nm -B'
NMEDIT=''
OBJDUMP='objdump'
OBJEXT='o'
OGG_CFLAGS=''
OGG_LIBS=' -logg'
OTOOL64=''
OTOOL=''
PACKAGE='libvorbis'
PACKAGE_BUGREPORT='vorbis-dev@xiph.org'
PACKAGE_NAME='libvorbis'
PACKAGE_STRING='libvorbis 1.3.5'
PACKAGE_TARNAME='libvorbis'
PACKAGE_URL=''
PACKAGE_VERSION='1.3.5'
PATH_SEPARATOR=':'
PDFLATEX=''
PKG_CONFIG='/usr/bin/pkg-config'
PROFILE='-pg -g -g -ffast-math -D_REENTRANT -fsigned-char'
RANLIB='arm-linux-ranlib'
SED='/bin/sed'
SET_MAKE=''
SHELL='/bin/bash'
STRIP='arm-linux-strip'
VERSION='1.3.5'
VE_LIB_AGE='0'
VE_LIB_CURRENT='2'
VE_LIB_REVISION='11'
VF_LIB_AGE='3'
VF_LIB_CURRENT='6'
VF_LIB_REVISION='7'
VORBIS_LIBS='-lm'
V_LIB_AGE='4'
V_LIB_CURRENT='4'
V_LIB_REVISION='8'
ac_ct_AR=''
ac_ct_CC=''
ac_ct_DUMPBIN=''
am__EXEEXT_FALSE=''
am__EXEEXT_TRUE='#'
am__fastdepCC_FALSE='#'
am__fastdepCC_TRUE=''
am__include='include'
am__isrc=''
am__leading_dot='.'
am__nodep='_no'
am__quote=''
am__tar='$${TAR-tar} chof - "$$tardir"'
am__untar='$${TAR-tar} xf -'
bindir='${exec_prefix}/bin'
build='x86_64-unknown-linux-uclibc'
build_alias=''
build_cpu='x86_64'
build_os='linux-uclibc'
build_vendor='unknown'
datadir='${datarootdir}'
datarootdir='${prefix}/share'
docdir='${datarootdir}/doc/${PACKAGE_TARNAME}'
dvidir='${docdir}'
exec_prefix='${prefix}'
host='arm-unknown-linux-gnu'
host_alias='arm-linux'
host_cpu='arm'
host_os='linux-gnu'
host_vendor='unknown'
htmldir='${docdir}'
includedir='${prefix}/include'
infodir='${datarootdir}/info'
install_sh='${SHELL} /home/steward/Downloads/libvorbis/install-sh'
libdir='${exec_prefix}/lib'
libexecdir='${exec_prefix}/libexec'
localedir='${datarootdir}/locale'
localstatedir='${prefix}/var'
mandir='${datarootdir}/man'
mkdir_p='$(MKDIR_P)'
oldincludedir='/usr/include'
pdfdir='${docdir}'
prefix='/usr/local'
program_transform_name='s,x,x,'
psdir='${docdir}'
pthread_lib='-lpthread'
runstatedir='${localstatedir}/run'
sbindir='${exec_prefix}/sbin'
sharedstatedir='${prefix}/com'
sysconfdir='${prefix}/etc'
target='arm-unknown-linux-gnu'
target_alias=''
target_cpu='arm'
target_os='linux-gnu'
target_vendor='unknown'

## ----------- ##
## confdefs.h. ##
## ----------- ##

/* confdefs.h */
#define PACKAGE_NAME "libvorbis"
#define PACKAGE_TARNAME "libvorbis"
#define PACKAGE_VERSION "1.3.5"
#define PACKAGE_STRING "libvorbis 1.3.5"
#define PACKAGE_BUGREPORT "vorbis-dev@xiph.org"
#define PACKAGE_URL ""
#define PACKAGE "libvorbis"
#define VERSION "1.3.5"
#define STDC_HEADERS 1
#define HAVE_SYS_TYPES_H 1
#define HAVE_SYS_STAT_H 1
#define HAVE_STDLIB_H 1
#define HAVE_STRING_H 1
#define HAVE_MEMORY_H 1
#define HAVE_STRINGS_H 1
#define HAVE_INTTYPES_H 1
#define HAVE_STDINT_H 1
#define HAVE_UNISTD_H 1
#define HAVE_DLFCN_H 1
#define LT_OBJDIR ".libs/"
#define HAVE_ALLOCA_H 1
#define HAVE_ALLOCA 1

configure: exit 0
