***  Installation Started 05/30/2006 10:47  ***
Title: 金庸群侠传 Installation
Source: D:\ztd\金庸群侠传相关\jyqxz.exe | 10-08-2005 | 03:24:30 | 26287131
Made Dir: D:\legend
File Copy: D:\legend\UNWISE.EXE | 12-05-2000 | 09:45:04 | | 149504 | 30fdd633
RegDB Key: Software\Microsoft\Windows\CurrentVersion\Uninstall\金庸群侠传
RegDB Val: 金庸群侠传
RegDB Name: DisplayName
RegDB Root: 2
RegDB Key: Software\Microsoft\Windows\CurrentVersion\Uninstall\金庸群侠传
RegDB Val: D:\legend\UNWISE.EXE D:\legend\INSTALL.LOG
RegDB Name: UninstallString
RegDB Root: 2
File Copy: D:\legend\Install.bat | 10-26-1996 | 11:22:08 | | 2046 | 64616c7b
File Copy: D:\legend\Legendx.exe | 10-26-1996 | 10:55:22 | | 1438720 | 58f7c570
File Copy: D:\legend\Mdir.com | 12-07-1995 | 16:17:50 | | 512 | 435d982a
File Copy: D:\legend\Cfont | 10-25-1996 | 22:16:18 | | 29674 | fe4cac4d
File Copy: D:\legend\Sdx000 | 10-25-1996 | 22:16:18 | | 15932 | 8cac1ba4
File Copy: D:\legend\Sdx001 | 10-25-1996 | 22:16:18 | | 16516 | 13f0709
File Copy: D:\legend\Sdx002 | 10-25-1996 | 22:16:18 | | 15320 | 43c46838
File Copy: D:\legend\Sdx003 | 10-25-1996 | 22:16:18 | | 16516 | 9c8a704b
File Copy: D:\legend\Sdx004 | 10-25-1996 | 22:16:18 | | 15932 | 10811e9a
File Copy: D:\legend\Sdx005 | 10-25-1996 | 22:16:18 | | 15324 | 3407571e
File Copy: D:\legend\Sdx006 | 10-25-1996 | 22:16:18 | | 15316 | 9b3e998d
File Copy: D:\legend\Sdx007 | 10-25-1996 | 22:16:18 | | 15324 | 63072792
File Copy: D:\legend\Sdx008 | 10-25-1996 | 22:16:18 | | 15320 | 7dadb033
File Copy: D:\legend\Sdx009 | 10-25-1996 | 22:16:18 | | 16412 | 92a94df3
File Copy: D:\legend\Sdx010 | 10-25-1996 | 22:16:18 | | 15324 | 987dc20e
File Copy: D:\legend\Sdx011 | 10-25-1996 | 22:16:18 | | 16516 | 45826086
File Copy: D:\legend\Sdx012 | 10-25-1996 | 22:16:18 | | 15324 | 1a1a8f8d
File Copy: D:\legend\Sdx013 | 10-25-1996 | 22:16:18 | | 15932 | 83ce2b45
File Copy: D:\legend\Sdx014 | 10-25-1996 | 22:16:18 | | 15932 | be5ee168
File Copy: D:\legend\Sdx015 | 10-25-1996 | 22:16:18 | | 15936 | e411d7dc
File Copy: D:\legend\Sdx016 | 10-25-1996 | 22:16:18 | | 15324 | 2141199e
File Copy: D:\legend\Sdx017 | 10-25-1996 | 22:16:18 | | 15936 | a92bf40
File Copy: D:\legend\Sdx018 | 10-25-1996 | 22:16:18 | | 15936 | e1bca29e
File Copy: D:\legend\Sdx019 | 10-25-1996 | 22:16:18 | | 15324 | bea74f14
File Copy: D:\legend\Sdx020 | 10-25-1996 | 22:16:18 | | 15324 | c1d5dcc4
File Copy: D:\legend\Sdx021 | 10-25-1996 | 22:16:18 | | 15324 | 83bb59c6
File Copy: D:\legend\Sdx022 | 10-25-1996 | 22:16:18 | | 15324 | a588bf7d
File Copy: D:\legend\Sdx023 | 10-25-1996 | 22:16:18 | | 15324 | 87a8303b
File Copy: D:\legend\Sdx024 | 10-25-1996 | 22:16:18 | | 15324 | 651fea99
File Copy: D:\legend\Sdx025 | 10-25-1996 | 22:16:18 | | 16508 | 5d7c4968
File Copy: D:\legend\Sdx026 | 10-25-1996 | 22:16:18 | | 15936 | ed5c71f2
File Copy: D:\legend\Sdx027 | 10-25-1996 | 22:16:18 | | 15932 | df2f5de5
File Copy: D:\legend\Sdx028 | 10-25-1996 | 22:16:18 | | 15324 | 1dfb667e
File Copy: D:\legend\Sdx029 | 10-25-1996 | 22:16:18 | | 15324 | 8a4dc319
File Copy: D:\legend\Sdx030 | 10-25-1996 | 22:16:18 | | 15324 | 67d93a87
File Copy: D:\legend\Sdx031 | 10-25-1996 | 22:16:18 | | 15324 | d8817f65
File Copy: D:\legend\Sdx032 | 10-25-1996 | 22:16:18 | | 16508 | 2e003fb5
File Copy: D:\legend\Sdx033 | 10-25-1996 | 22:16:18 | | 16508 | 540ed095
File Copy: D:\legend\Sdx034 | 10-25-1996 | 22:16:18 | | 16516 | 4b75ab02
File Copy: D:\legend\Sdx035 | 10-25-1996 | 22:16:18 | | 15936 | 40b0728e
File Copy: D:\legend\Sdx036 | 10-25-1996 | 22:16:18 | | 15324 | 38b6df90
File Copy: D:\legend\Sdx037 | 10-25-1996 | 22:16:18 | | 15936 | 392b0799
File Copy: D:\legend\Sdx038 | 10-25-1996 | 22:16:18 | | 15936 | 3ff4e6ad
File Copy: D:\legend\Sdx039 | 10-25-1996 | 22:16:18 | | 15936 | 1ae451bb
File Copy: D:\legend\Sdx040 | 10-25-1996 | 22:16:18 | | 16516 | b6e7391
File Copy: D:\legend\Sdx041 | 10-25-1996 | 22:16:18 | | 16516 | f9daca19
File Copy: D:\legend\Sdx042 | 10-25-1996 | 22:16:18 | | 15936 | 18f3764b
File Copy: D:\legend\Sdx043 | 10-25-1996 | 22:16:18 | | 15932 | 51dc8c17
File Copy: D:\legend\Sdx044 | 10-25-1996 | 22:16:18 | | 15328 | b43d0afe
File Copy: D:\legend\Sdx045 | 10-25-1996 | 22:16:18 | | 15328 | a890d846
File Copy: D:\legend\Sdx046 | 10-25-1996 | 22:16:18 | | 15932 | 963269c1
File Copy: D:\legend\Sdx047 | 10-25-1996 | 22:16:18 | | 15936 | 4b800ede
File Copy: D:\legend\Sdx048 | 10-25-1996 | 22:16:20 | | 15936 | 2b2b204d
File Copy: D:\legend\Sdx049 | 10-25-1996 | 22:16:20 | | 15328 | 87a9b979
File Copy: D:\legend\Sdx050 | 10-25-1996 | 22:16:20 | | 15932 | e581abdc
File Copy: D:\legend\Sdx051 | 10-25-1996 | 22:16:20 | | 15936 | 17de6168
File Copy: D:\legend\Sdx052 | 10-25-1996 | 22:16:20 | | 16412 | ac979808
File Copy: D:\legend\Sdx053 | 10-25-1996 | 22:16:20 | | 15328 | 40ec2833
File Copy: D:\legend\Sdx054 | 10-25-1996 | 22:16:20 | | 15328 | f6fc63ea
File Copy: D:\legend\Sdx055 | 10-25-1996 | 22:16:20 | | 16516 | 40775c82
File Copy: D:\legend\Sdx056 | 10-25-1996 | 22:16:20 | | 15936 | a896671c
File Copy: D:\legend\Sdx057 | 10-25-1996 | 22:16:20 | | 15328 | cb12826f
File Copy: D:\legend\Sdx058 | 10-25-1996 | 22:16:20 | | 16516 | de1da8e0
File Copy: D:\legend\Sdx059 | 10-25-1996 | 22:16:20 | | 16024 | 2e2ac32b
File Copy: D:\legend\Sdx060 | 10-25-1996 | 22:16:20 | | 16516 | 4bd1494
File Copy: D:\legend\Sdx061 | 10-25-1996 | 22:16:20 | | 16516 | 5275b67c
File Copy: D:\legend\Sdx062 | 10-25-1996 | 22:16:20 | | 15936 | 48099111
File Copy: D:\legend\Sdx063 | 10-25-1996 | 22:16:20 | | 15936 | f8feae27
File Copy: D:\legend\Sdx064 | 10-25-1996 | 22:16:20 | | 15316 | 660f45cd
File Copy: D:\legend\Sdx065 | 10-25-1996 | 22:16:20 | | 16516 | bd5124ca
File Copy: D:\legend\Sdx066 | 10-25-1996 | 22:16:20 | | 15328 | b277deee
File Copy: D:\legend\Sdx067 | 10-25-1996 | 22:16:20 | | 15328 | e23de1c0
File Copy: D:\legend\Sdx068 | 10-25-1996 | 22:16:20 | | 15328 | 32763955
File Copy: D:\legend\Sdx069 | 10-25-1996 | 22:16:20 | | 15936 | dacb030c
File Copy: D:\legend\Sdx070 | 10-25-1996 | 22:16:20 | | 15940 | 65be3baf
File Copy: D:\legend\Sdx071 | 10-25-1996 | 22:16:20 | | 15936 | 108c4138
File Copy: D:\legend\Sdx072 | 10-25-1996 | 22:16:20 | | 15320 | d017a222
File Copy: D:\legend\Sdx073 | 10-25-1996 | 22:16:20 | | 15328 | e19d660a
File Copy: D:\legend\Sdx074 | 10-25-1996 | 22:16:20 | | 15936 | f0e98245
File Copy: D:\legend\Sdx075 | 10-25-1996 | 22:16:20 | | 15328 | 5d3bfaa9
File Copy: D:\legend\Sdx076 | 10-25-1996 | 22:16:20 | | 15936 | 9ada3bd1
File Copy: D:\legend\Sdx077 | 10-25-1996 | 22:16:20 | | 15936 | 9cb33dfc
File Copy: D:\legend\Sdx078 | 10-25-1996 | 22:16:20 | | 15328 | f8b33df8
File Copy: D:\legend\Sdx079 | 10-25-1996 | 22:16:20 | | 15328 | 2332f1fa
File Copy: D:\legend\Sdx080 | 10-25-1996 | 22:16:20 | | 15936 | 93099eb9
File Copy: D:\legend\Sdx081 | 10-25-1996 | 22:16:20 | | 15936 | 2af308bb
File Copy: D:\legend\Sdx082 | 10-25-1996 | 22:16:20 | | 15932 | a2f10d1a
File Copy: D:\legend\Sdx083 | 10-25-1996 | 22:16:20 | | 16508 | 92a25b21
File Copy: D:\legend\Sin050 | 10-25-1996 | 22:16:20 | | 49152 | f219d13d
File Copy: D:\legend\Smp000 | 10-25-1996 | 22:16:20 | | 482713 | 4d9a571c
File Copy: D:\legend\Smp001 | 10-25-1996 | 22:16:22 | | 562330 | 5235f5e1
File Copy: D:\legend\Smp002 | 10-25-1996 | 22:16:22 | | 469486 | 3cb01d32
File Copy: D:\legend\Smp003 | 10-25-1996 | 22:16:22 | | 512991 | 5dfe9a0e
File Copy: D:\legend\Smp004 | 10-25-1996 | 22:16:22 | | 571653 | e6b195d8
File Copy: D:\legend\Smp005 | 10-25-1996 | 22:16:24 | | 507583 | 15bbf33c
File Copy: D:\legend\Smp006 | 10-25-1996 | 22:16:24 | | 491529 | eb56bf8b
File Copy: D:\legend\Smp007 | 10-25-1996 | 22:16:24 | | 476059 | fe77062f
File Copy: D:\legend\Smp008 | 10-25-1996 | 22:16:26 | | 509136 | 7fd13ca6
File Copy: D:\legend\Smp009 | 10-25-1996 | 22:16:26 | | 485225 | 1ec0785e
File Copy: D:\legend\Smp010 | 10-25-1996 | 22:16:26 | | 475460 | 7333c7df
File Copy: D:\legend\Smp011 | 10-25-1996 | 22:16:26 | | 605432 | 6f84dc12
File Copy: D:\legend\Smp012 | 10-25-1996 | 22:16:28 | | 484759 | 819fcbc1
File Copy: D:\legend\Smp013 | 10-25-1996 | 22:16:28 | | 395073 | 5d4394e6
File Copy: D:\legend\Smp014 | 10-25-1996 | 22:16:28 | | 572941 | c9d83b63
File Copy: D:\legend\Smp015 | 10-25-1996 | 22:16:28 | | 471111 | 1f3dc013
File Copy: D:\legend\Smp016 | 10-25-1996 | 22:16:30 | | 547108 | 1f3b7761
File Copy: D:\legend\Smp017 | 10-25-1996 | 22:16:30 | | 455258 | b9d1961d
File Copy: D:\legend\Smp018 | 10-25-1996 | 22:16:30 | | 518100 | b3c8fb5
File Copy: D:\legend\Smp019 | 10-25-1996 | 22:16:32 | | 670255 | b69e54bf
File Copy: D:\legend\Smp020 | 10-25-1996 | 22:16:32 | | 482692 | ca2daf3a
File Copy: D:\legend\Smp021 | 10-25-1996 | 22:16:32 | | 491523 | faacb10c
File Copy: D:\legend\Smp022 | 10-25-1996 | 22:16:32 | | 530429 | a47cf903
File Copy: D:\legend\Smp023 | 10-25-1996 | 22:16:34 | | 495932 | 37e5add
File Copy: D:\legend\Smp024 | 10-25-1996 | 22:16:34 | | 477675 | 3db3c62
File Copy: D:\legend\Smp025 | 10-25-1996 | 22:16:34 | | 745272 | 10e88a11
File Copy: D:\legend\Smp026 | 10-25-1996 | 22:16:36 | | 557591 | d7d3979b
File Copy: D:\legend\Smp027 | 10-25-1996 | 22:16:36 | | 692230 | 940b7438
File Copy: D:\legend\Smp028 | 10-25-1996 | 22:16:36 | | 576893 | d12a6cc1
File Copy: D:\legend\Smp029 | 10-25-1996 | 22:16:38 | | 657428 | 1a19843b
File Copy: D:\legend\Smp030 | 10-25-1996 | 22:16:38 | | 495278 | 5676816b
File Copy: D:\legend\Smp031 | 10-25-1996 | 22:16:38 | | 555245 | 8c1ddf4
File Copy: D:\legend\Smp032 | 10-25-1996 | 22:16:40 | | 619387 | 27dae92b
File Copy: D:\legend\Smp033 | 10-25-1996 | 22:16:40 | | 755138 | 97b1af64
File Copy: D:\legend\Smp034 | 10-25-1996 | 22:16:40 | | 549620 | 940b287a
File Copy: D:\legend\Smp035 | 10-25-1996 | 22:16:40 | | 501511 | 5be32d70
File Copy: D:\legend\Smp036 | 10-25-1996 | 22:16:42 | | 516259 | 60c8cc6
File Copy: D:\legend\Smp037 | 10-25-1996 | 22:16:42 | | 523169 | d5287f81
File Copy: D:\legend\Smp038 | 10-25-1996 | 22:16:42 | | 663763 | f890d8fc
File Copy: D:\legend\Smp039 | 10-25-1996 | 22:16:44 | | 522145 | db016c0e
File Copy: D:\legend\Smp040 | 10-25-1996 | 22:16:44 | | 553706 | d375f09d
File Copy: D:\legend\Smp041 | 10-25-1996 | 22:16:44 | | 521019 | d1902a9e
File Copy: D:\legend\Smp042 | 10-25-1996 | 22:16:44 | | 482424 | 27c19c21
File Copy: D:\legend\Smp043 | 10-25-1996 | 22:16:46 | | 562903 | 6718ff4e
File Copy: D:\legend\Smp044 | 10-25-1996 | 22:16:46 | | 485928 | 209fa9a0
File Copy: D:\legend\Smp045 | 10-25-1996 | 22:16:46 | | 444867 | 5d3d9a49
File Copy: D:\legend\Smp046 | 10-25-1996 | 22:16:48 | | 545637 | 286a71c4
File Copy: D:\legend\Smp047 | 10-25-1996 | 22:16:48 | | 495728 | fba35f00
File Copy: D:\legend\Smp048 | 10-25-1996 | 22:16:48 | | 638465 | eea35236
File Copy: D:\legend\Smp049 | 10-25-1996 | 22:16:48 | | 514800 | c4ec741e
File Copy: D:\legend\Smp050 | 10-25-1996 | 22:16:50 | | 498005 | 18fe8c04
File Copy: D:\legend\Smp051 | 10-25-1996 | 22:16:50 | | 469807 | 4be3ea5a
File Copy: D:\legend\Smp052 | 10-25-1996 | 22:16:50 | | 472394 | 3501926c
File Copy: D:\legend\Smp053 | 10-25-1996 | 22:16:50 | | 504303 | 2ee99600
File Copy: D:\legend\Smp054 | 10-25-1996 | 22:16:52 | | 475391 | bb3c9932
File Copy: D:\legend\Smp055 | 10-25-1996 | 22:16:52 | | 626187 | 768ebd5a
File Copy: D:\legend\Smp056 | 10-25-1996 | 22:16:52 | | 555935 | 272642c2
File Copy: D:\legend\Smp057 | 10-25-1996 | 22:16:54 | | 548775 | e43f74fc
File Copy: D:\legend\Smp058 | 10-25-1996 | 22:16:54 | | 686280 | c5389d0d
File Copy: D:\legend\Smp059 | 10-25-1996 | 22:16:54 | | 495217 | 3e86e0d4
File Copy: D:\legend\Smp060 | 10-25-1996 | 22:16:56 | | 565294 | 193894c9
File Copy: D:\legend\Smp061 | 10-25-1996 | 22:16:56 | | 558281 | fb857500
File Copy: D:\legend\Smp062 | 10-25-1996 | 22:16:56 | | 545040 | e92e18bd
File Copy: D:\legend\Smp063 | 10-25-1996 | 22:16:56 | | 534966 | 284486e8
File Copy: D:\legend\Smp064 | 10-25-1996 | 22:16:58 | | 507624 | ae19fd1a
File Copy: D:\legend\Smp065 | 10-25-1996 | 22:16:58 | | 457370 | 9c7bf0d6
File Copy: D:\legend\Smp066 | 10-25-1996 | 22:16:58 | | 463367 | 7981c50e
File Copy: D:\legend\Smp067 | 10-25-1996 | 22:16:58 | | 484625 | f2205e10
File Copy: D:\legend\Smp068 | 10-25-1996 | 22:17:00 | | 562378 | 7bd7c0a8
File Copy: D:\legend\Smp069 | 10-25-1996 | 22:17:00 | | 561062 | edf6b523
File Copy: D:\legend\Smp070 | 10-25-1996 | 22:17:00 | | 568226 | 567705a3
File Copy: D:\legend\Smp071 | 10-25-1996 | 22:17:02 | | 565818 | a701fb7a
File Copy: D:\legend\Smp072 | 10-25-1996 | 22:17:02 | | 489559 | 97b64e19
File Copy: D:\legend\Smp073 | 10-25-1996 | 22:17:02 | | 482851 | db4060f9
File Copy: D:\legend\Smp074 | 10-25-1996 | 22:17:02 | | 491363 | cb8ccdb7
File Copy: D:\legend\Smp075 | 10-25-1996 | 22:17:04 | | 550231 | a4312e56
File Copy: D:\legend\Smp076 | 10-25-1996 | 22:17:04 | | 501857 | 2e5385c
File Copy: D:\legend\Smp077 | 10-25-1996 | 22:17:04 | | 482806 | 277fcb8b
File Copy: D:\legend\Smp078 | 10-25-1996 | 22:17:04 | | 488930 | a3f4df3c
File Copy: D:\legend\Smp079 | 10-25-1996 | 22:17:06 | | 466005 | 6ad578a
File Copy: D:\legend\Smp080 | 10-25-1996 | 22:17:06 | | 604597 | 7e5798c2
File Copy: D:\legend\Smp081 | 10-25-1996 | 22:17:06 | | 648084 | 96996aff
File Copy: D:\legend\Smp082 | 10-25-1996 | 22:17:08 | | 432057 | 7a913b92
File Copy: D:\legend\Smp083 | 10-25-1996 | 22:17:08 | | 598497 | 15ecadb8
File Copy: D:\legend\Sol | 10-25-1996 | 22:17:08 | | 126158 | 3dc8b2ae
File Copy: D:\legend\Wdx000 | 10-25-1996 | 22:17:08 | | 14804 | a106956c
File Copy: D:\legend\Wdx001 | 10-25-1996 | 22:17:08 | | 14804 | 546ae507
File Copy: D:\legend\Wdx002 | 10-25-1996 | 22:17:08 | | 14804 | 5fe943a5
File Copy: D:\legend\Wdx003 | 10-25-1996 | 22:17:08 | | 14804 | 181dedd8
File Copy: D:\legend\Wdx004 | 10-25-1996 | 22:17:08 | | 14804 | a43a2596
File Copy: D:\legend\Wdx005 | 10-25-1996 | 22:17:08 | | 14804 | 9c1706c
File Copy: D:\legend\Wdx006 | 10-25-1996 | 22:17:08 | | 14804 | efcaa434
File Copy: D:\legend\Wdx007 | 10-25-1996 | 22:17:08 | | 14804 | 6e122e0d
File Copy: D:\legend\Wdx008 | 10-25-1996 | 22:17:08 | | 14804 | 9803d831
File Copy: D:\legend\Wdx009 | 10-25-1996 | 22:17:08 | | 14804 | 832590a0
File Copy: D:\legend\Wdx010 | 10-25-1996 | 22:17:08 | | 14804 | 30f25b3d
File Copy: D:\legend\Wdx011 | 10-25-1996 | 22:17:08 | | 14804 | 5e41d5c6
File Copy: D:\legend\Wdx012 | 10-25-1996 | 22:17:08 | | 14804 | dc1f8849
File Copy: D:\legend\Wdx013 | 10-25-1996 | 22:17:08 | | 14804 | 62d3cf9f
File Copy: D:\legend\Wdx014 | 10-25-1996 | 22:17:08 | | 14804 | 5c924b36
File Copy: D:\legend\Wdx015 | 10-25-1996 | 22:17:08 | | 14804 | e6254d81
File Copy: D:\legend\Wdx016 | 10-25-1996 | 22:17:08 | | 14804 | c49c3768
File Copy: D:\legend\Wdx017 | 10-25-1996 | 22:17:08 | | 14804 | 382b24c8
File Copy: D:\legend\Wdx018 | 10-25-1996 | 22:17:08 | | 14804 | 14e3ce83
File Copy: D:\legend\Wdx019 | 10-25-1996 | 22:17:08 | | 14804 | cc3bfdc0
File Copy: D:\legend\Wdx020 | 10-25-1996 | 22:17:08 | | 14804 | 92dc0210
File Copy: D:\legend\Wdx021 | 10-25-1996 | 22:17:08 | | 14804 | f9c4bded
File Copy: D:\legend\Wdx022 | 10-25-1996 | 22:17:08 | | 14804 | c7f5ab3f
File Copy: D:\legend\Wdx023 | 10-25-1996 | 22:17:08 | | 14804 | 8c13013d
File Copy: D:\legend\Wdx024 | 10-25-1996 | 22:17:08 | | 14804 | f02f5bcb
File Copy: D:\legend\Wdx025 | 10-25-1996 | 22:17:08 | | 14804 | 55ad0864
File Copy: D:\legend\Wmp000 | 10-25-1996 | 22:17:10 | | 802355 | bcc113bf
File Copy: D:\legend\Wmp001 | 10-25-1996 | 22:17:10 | | 866422 | 10499c8a
File Copy: D:\legend\Wmp002 | 10-25-1996 | 22:17:12 | | 826876 | 9dc1a947
File Copy: D:\legend\Wmp003 | 10-25-1996 | 22:17:12 | | 820116 | a3a1ebe0
File Copy: D:\legend\Wmp004 | 10-25-1996 | 22:17:14 | | 831212 | 64172f74
File Copy: D:\legend\Wmp005 | 10-25-1996 | 22:17:14 | | 850757 | 4be85d5d
File Copy: D:\legend\Wmp006 | 10-25-1996 | 22:17:14 | | 839488 | bc6a9bcc
File Copy: D:\legend\Wmp007 | 10-25-1996 | 22:17:16 | | 844892 | fa5595c2
File Copy: D:\legend\Wmp008 | 10-25-1996 | 22:17:16 | | 852728 | be92d40
File Copy: D:\legend\Wmp009 | 10-25-1996 | 22:17:18 | | 827848 | b0e35bdc
File Copy: D:\legend\Wmp010 | 10-25-1996 | 22:17:18 | | 874190 | 7ac50115
File Copy: D:\legend\Wmp011 | 10-25-1996 | 22:17:20 | | 858246 | 4f906ba
File Copy: D:\legend\Wmp012 | 10-25-1996 | 22:17:20 | | 820251 | c18eb2a
File Copy: D:\legend\Wmp013 | 10-25-1996 | 22:17:22 | | 855468 | 4b45e62a
File Copy: D:\legend\Wmp014 | 10-25-1996 | 22:17:22 | | 857845 | d58e2170
File Copy: D:\legend\Wmp015 | 10-25-1996 | 22:17:22 | | 802688 | 4b5f3b1e
File Copy: D:\legend\Wmp016 | 10-25-1996 | 22:17:24 | | 860893 | dd9df237
File Copy: D:\legend\Wmp017 | 10-25-1996 | 22:17:24 | | 835848 | ac4fc965
File Copy: D:\legend\Wmp018 | 10-25-1996 | 22:17:26 | | 826855 | af90ad6b
File Copy: D:\legend\Wmp019 | 10-25-1996 | 22:17:26 | | 851194 | fa8583bd
File Copy: D:\legend\Wmp020 | 10-25-1996 | 22:17:28 | | 846790 | 7fa75ce4
File Copy: D:\legend\Wmp021 | 10-25-1996 | 22:17:28 | | 784347 | 4fdc83ca
File Copy: D:\legend\Wmp022 | 10-25-1996 | 22:17:30 | | 832554 | 92c9993f
File Copy: D:\legend\Wmp023 | 10-25-1996 | 22:17:30 | | 898542 | c72b3b45
File Copy: D:\legend\Wmp024 | 10-25-1996 | 22:17:30 | | 844092 | 53e87bec
File Copy: D:\legend\Wmp025 | 10-25-1996 | 22:17:32 | | 815839 | d58a631a
File Copy: D:\legend\Building.002 | 10-25-1996 | 22:17:32 | | 460800 | ecdef92a
File Copy: D:\legend\Buildx.002 | 10-25-1996 | 22:17:34 | | 460800 | fefafca
File Copy: D:\legend\Buildy.002 | 10-25-1996 | 22:17:34 | | 460800 | f65ec0d
File Copy: D:\legend\Earth.002 | 10-25-1996 | 22:17:34 | | 460800 | cf3531b
File Copy: D:\legend\Surface.002 | 10-25-1996 | 22:17:36 | | 460800 | 911791f3
File Copy: D:\legend\Sample.ad | 10-25-1996 | 22:17:36 | | 3622 | dc54ec25
File Copy: D:\legend\Play.bat | 10-26-1996 | 10:09:30 | | 36 | 829809e4
File Copy: D:\legend\Play4mb.bat | 10-25-1996 | 22:17:36 | | 56 | d9d8f163
File Copy: D:\legend\Showtit.bat | 10-25-1996 | 22:19:24 | | 25 | 5e27308a
File Copy: D:\legend\Dead.big | 10-25-1996 | 22:17:36 | | 64000 | 7077d2d6
File Copy: D:\legend\Title.big | 10-25-1996 | 22:17:36 | | 64000 | 39d8b2bb
File Copy: D:\legend\Sample.bnk | 10-25-1996 | 22:17:38 | | 10780 | 620f67a6
File Copy: D:\legend\Font.c16 | 10-25-1996 | 22:17:38 | | 447136 | 217844df
File Copy: D:\legend\Font3.c16 | 10-25-1996 | 22:17:38 | | 447136 | 69fa9b72
File Copy: D:\legend\Sample.cat | 10-25-1996 | 22:17:38 | | 10484 | 3eb22a32
File Copy: D:\legend\Endcol.col | 10-25-1996 | 22:17:40 | | 768 | e7677750
File Copy: D:\legend\Mmap.col | 10-25-1996 | 22:17:40 | | 768 | 928b6c8a
File Copy: D:\legend\Z.com | 10-26-1996 | 10:50:00 | | 413 | c9415595
File Copy: D:\legend\Z.dat | 10-25-1996 | 23:11:38 | | 343217 | b676f560
File Copy: D:\legend\Adrv688.dig | 10-25-1996 | 22:17:40 | | 11278 | 96dfb75d
File Copy: D:\legend\Jammer.dig | 10-25-1996 | 22:17:40 | | 3219 | 230129e0
File Copy: D:\legend\Proaudio.dig | 10-25-1996 | 22:17:40 | | 2127 | 4b071066
File Copy: D:\legend\Rap10.dig | 10-25-1996 | 22:17:40 | | 2849 | 47373ef0
File Copy: D:\legend\Sb16.dig | 10-25-1996 | 22:17:40 | | 2836 | 6ddaa5d2
File Copy: D:\legend\Sblaster.dig | 10-25-1996 | 22:17:40 | | 2914 | bdc65841
File Copy: D:\legend\Sbpro.dig | 10-25-1996 | 22:17:40 | | 2763 | 1061490f
File Copy: D:\legend\Sndscape.dig | 10-25-1996 | 22:17:40 | | 4171 | 708a96a2
File Copy: D:\legend\Sndsys.dig | 10-25-1996 | 22:17:40 | | 3328 | 51e0d45e
File Copy: D:\legend\Ultra.dig | 10-25-1996 | 22:17:40 | | 9478 | 430d67f5
File Copy: D:\legend\Font.e16 | 10-25-1996 | 22:17:40 | | 2688 | 30f5ec38
File Copy: D:\legend\Font3.e16 | 10-25-1996 | 22:17:40 | | 2048 | 955b794e
File Copy: D:\legend\Dos4gw.exe | 10-25-1996 | 22:17:42 | | 265420 | cb214447
File Copy: D:\legend\Setsound.exe | 10-25-1996 | 22:17:42 | | 168741 | ce0f29a7
File Copy: D:\legend\Alldef.grp | 10-25-1996 | 22:17:44 | | 440000 | eedc97e6
File Copy: D:\legend\Alldefbk.grp | 10-26-1996 | 10:54:14 | | 440000 | 39e2f71b
File Copy: D:\legend\Allsin.grp | 10-25-1996 | 22:17:52 | | 4915200 | 6c27a7fd
File Copy: D:\legend\Allsinbk.grp | 10-26-1996 | 10:54:14 | | 4915200 | 6c27a7fd
File Copy: D:\legend\Cloud.grp | 10-25-1996 | 22:18:04 | | 10287 | f70c07c7
File Copy: D:\legend\D1.grp | 10-25-1996 | 22:35:50 | | 440000 | 9b0e6ba
File Copy: D:\legend\D2.grp | 10-25-1996 | 22:18:06 | | 440000 | 9b0e6ba
File Copy: D:\legend\D3.grp | 10-25-1996 | 22:18:06 | | 440000 | 9b0e6ba
File Copy: D:\legend\Eft.grp | 10-25-1996 | 22:18:10 | | 691627 | c7f2582c
File Copy: D:\legend\Endword.grp | 10-25-1996 | 22:18:10 | | 75839 | f0d1602e
File Copy: D:\legend\Fbk.grp | 10-25-1996 | 22:18:10 | | 138677 | b06d0884
File Copy: D:\legend\Fight000.grp | 10-25-1996 | 22:18:10 | | 247429 | 91ca2cee
File Copy: D:\legend\Fight001.grp | 10-25-1996 | 22:18:10 | | 41744 | 776b9af8
File Copy: D:\legend\Fight002.grp | 10-25-1996 | 22:18:10 | | 55268 | dbde7ed5
File Copy: D:\legend\Fight003.grp | 10-25-1996 | 22:18:10 | | 56964 | 2fc21940
File Copy: D:\legend\Fight004.grp | 10-25-1996 | 22:18:10 | | 38168 | 1f60c8ad
File Copy: D:\legend\Fight005.grp | 10-25-1996 | 22:18:10 | | 93372 | 4adadbdf
File Copy: D:\legend\Fight006.grp | 10-25-1996 | 22:18:10 | | 65748 | 1e499198
File Copy: D:\legend\Fight007.grp | 10-25-1996 | 22:18:10 | | 59330 | f33e35c4
File Copy: D:\legend\Fight008.grp | 10-25-1996 | 22:18:10 | | 36748 | 448d5d8c
File Copy: D:\legend\Fight009.grp | 10-25-1996 | 22:18:10 | | 91154 | fee452e4
File Copy: D:\legend\Fight010.grp | 10-25-1996 | 22:18:10 | | 44776 | 11a889b6
File Copy: D:\legend\Fight011.grp | 10-25-1996 | 22:18:10 | | 42294 | ce5e98cd
File Copy: D:\legend\Fight012.grp | 10-25-1996 | 22:18:10 | | 41173 | 74147f2e
File Copy: D:\legend\Fight013.grp | 10-25-1996 | 22:18:12 | | 85182 | 469b7fd3
File Copy: D:\legend\Fight014.grp | 10-25-1996 | 22:18:12 | | 52038 | da0086
File Copy: D:\legend\Fight015.grp | 10-25-1996 | 22:18:12 | | 55898 | 1092d83f
File Copy: D:\legend\Fight016.grp | 10-25-1996 | 22:18:12 | | 82541 | 4e9e2d9e
File Copy: D:\legend\Fight017.grp | 10-25-1996 | 22:18:12 | | 56958 | 18723cd8
File Copy: D:\legend\Fight018.grp | 10-25-1996 | 22:18:12 | | 45532 | d8f9d408
File Copy: D:\legend\Fight019.grp | 10-25-1996 | 22:18:12 | | 67882 | dbd2f340
File Copy: D:\legend\Fight020.grp | 10-25-1996 | 22:18:12 | | 49042 | b1005baa
File Copy: D:\legend\Fight021.grp | 10-25-1996 | 22:18:12 | | 93104 | ceedfe8
File Copy: D:\legend\Fight022.grp | 10-25-1996 | 22:18:12 | | 88094 | ac03ea27
File Copy: D:\legend\Fight023.grp | 10-25-1996 | 22:18:12 | | 84722 | 6ce64409
File Copy: D:\legend\Fight024.grp | 10-25-1996 | 22:18:12 | | 64354 | 568f716d
File Copy: D:\legend\Fight025.grp | 10-25-1996 | 22:18:12 | | 99298 | d6cdfeea
File Copy: D:\legend\Fight026.grp | 10-25-1996 | 22:18:12 | | 97574 | 6513d4a4
File Copy: D:\legend\Fight027.grp | 10-25-1996 | 22:18:12 | | 69756 | 1a23618f
File Copy: D:\legend\Fight028.grp | 10-25-1996 | 22:18:12 | | 147214 | cdbef74d
File Copy: D:\legend\Fight029.grp | 10-25-1996 | 22:18:12 | | 91588 | fb142735
File Copy: D:\legend\Fight031.grp | 10-25-1996 | 22:18:12 | | 86760 | a3e326ea
File Copy: D:\legend\Fight032.grp | 10-25-1996 | 22:18:12 | | 66116 | f5fdf9dc
File Copy: D:\legend\Fight033.grp | 10-25-1996 | 22:18:12 | | 90910 | e72a6d1f
File Copy: D:\legend\Fight034.grp | 10-25-1996 | 22:18:14 | | 83842 | e085802d
File Copy: D:\legend\Fight035.grp | 10-25-1996 | 22:18:14 | | 88620 | e34ca34f
File Copy: D:\legend\Fight036.grp | 10-25-1996 | 22:18:14 | | 71601 | c650194f
File Copy: D:\legend\Fight037.grp | 10-25-1996 | 22:18:14 | | 55406 | 4db3d42
File Copy: D:\legend\Fight038.grp | 10-25-1996 | 22:18:14 | | 85708 | e0e76766
File Copy: D:\legend\Fight043.grp | 10-25-1996 | 22:18:14 | | 71006 | 6526b664
File Copy: D:\legend\Fight044.grp | 10-25-1996 | 22:18:14 | | 66004 | 83c31bae
File Copy: D:\legend\Fight045.grp | 10-25-1996 | 22:18:14 | | 94976 | 62b728d7
File Copy: D:\legend\Fight046.grp | 10-25-1996 | 22:18:14 | | 97840 | b26ca675
File Copy: D:\legend\Fight047.grp | 10-25-1996 | 22:18:14 | | 46740 | c31f1b06
File Copy: D:\legend\Fight048.grp | 10-25-1996 | 22:18:14 | | 95248 | b178600f
File Copy: D:\legend\Fight049.grp | 10-25-1996 | 22:18:14 | | 88508 | 20a80505
File Copy: D:\legend\Fight050.grp | 10-25-1996 | 22:18:14 | | 79678 | c22a77d8
File Copy: D:\legend\Fight051.grp | 10-25-1996 | 22:18:14 | | 61232 | f371bb97
File Copy: D:\legend\Fight053.grp | 10-25-1996 | 22:18:14 | | 175976 | 8de33c1d
File Copy: D:\legend\Fight054.grp | 10-25-1996 | 22:18:14 | | 119705 | 97d3725f
File Copy: D:\legend\Fight055.grp | 10-25-1996 | 22:18:16 | | 58992 | 3d60bb4e
File Copy: D:\legend\Fight056.grp | 10-25-1996 | 22:18:16 | | 28784 | 1a2ff68
File Copy: D:\legend\Fight057.grp | 10-25-1996 | 22:18:16 | | 70099 | 5e148721
File Copy: D:\legend\Fight058.grp | 10-25-1996 | 22:18:16 | | 135104 | c449a026
File Copy: D:\legend\Fight059.grp | 10-25-1996 | 22:18:16 | | 47696 | 8c691cdd
File Copy: D:\legend\Fight060.grp | 10-25-1996 | 22:18:16 | | 125150 | c42cfad8
File Copy: D:\legend\Fight061.grp | 10-25-1996 | 22:18:16 | | 59406 | 92363560
File Copy: D:\legend\Fight062.grp | 10-25-1996 | 22:18:16 | | 62972 | 4ad3d915
File Copy: D:\legend\Fight063.grp | 10-25-1996 | 22:18:18 | | 77124 | 6c14d4d3
File Copy: D:\legend\Fight064.grp | 10-25-1996 | 22:18:18 | | 79794 | e9522566
File Copy: D:\legend\Fight065.grp | 10-25-1996 | 22:18:18 | | 79958 | afe10de0
File Copy: D:\legend\Fight067.grp | 10-25-1996 | 22:18:18 | | 80830 | aaf546ca
File Copy: D:\legend\Fight068.grp | 10-25-1996 | 22:18:18 | | 63084 | edaab29e
File Copy: D:\legend\Fight069.grp | 10-25-1996 | 22:18:18 | | 90902 | 36fd9822
File Copy: D:\legend\Fight070.grp | 10-25-1996 | 22:18:20 | | 105806 | 5a4d823b
File Copy: D:\legend\Fight071.grp | 10-25-1996 | 22:18:20 | | 60988 | 57f3c43
File Copy: D:\legend\Fight076.grp | 10-25-1996 | 22:18:20 | | 46380 | 6f9f6788
File Copy: D:\legend\Fight077.grp | 10-25-1996 | 22:18:20 | | 39450 | fc6b5445
File Copy: D:\legend\Fight078.grp | 10-25-1996 | 22:18:20 | | 55264 | dfce6ce1
File Copy: D:\legend\Fight079.grp | 10-25-1996 | 22:18:20 | | 48018 | a9f86a1a
File Copy: D:\legend\Fight080.grp | 10-25-1996 | 22:18:20 | | 96952 | 6bdbfe27
File Copy: D:\legend\Fight081.grp | 10-25-1996 | 22:18:20 | | 57864 | 990598d8
File Copy: D:\legend\Fight082.grp | 10-25-1996 | 22:18:20 | | 37734 | c968c312
File Copy: D:\legend\Fight083.grp | 10-25-1996 | 22:18:20 | | 38546 | 8eff820d
File Copy: D:\legend\Fight084.grp | 10-25-1996 | 22:18:20 | | 46760 | ef10896d
File Copy: D:\legend\Fight085.grp | 10-25-1996 | 22:18:20 | | 42858 | 16c2e816
File Copy: D:\legend\Fight086.grp | 10-25-1996 | 22:18:20 | | 55191 | 22288018
File Copy: D:\legend\Fight087.grp | 10-25-1996 | 22:18:20 | | 48956 | e4deca36
File Copy: D:\legend\Fight088.grp | 10-25-1996 | 22:18:20 | | 52274 | f511eb29
File Copy: D:\legend\Fight090.grp | 10-25-1996 | 22:18:20 | | 36356 | 98d3f8b3
File Copy: D:\legend\Fight091.grp | 10-25-1996 | 22:18:20 | | 43312 | f020891f
File Copy: D:\legend\Fight092.grp | 10-25-1996 | 22:18:20 | | 33966 | a0d363a9
File Copy: D:\legend\Fight093.grp | 10-25-1996 | 22:18:20 | | 45522 | b7b26915
File Copy: D:\legend\Fight094.grp | 10-25-1996 | 22:18:20 | | 48726 | a5374c62
File Copy: D:\legend\Fight095.grp | 10-25-1996 | 22:18:20 | | 45938 | 67512681
File Copy: D:\legend\Fight096.grp | 10-25-1996 | 22:18:20 | | 59946 | 3ab3c676
File Copy: D:\legend\Fight097.grp | 10-25-1996 | 22:18:20 | | 35890 | a53b7585
File Copy: D:\legend\Fight098.grp | 10-25-1996 | 22:18:20 | | 37870 | df17ba8a
File Copy: D:\legend\Fight099.grp | 10-25-1996 | 22:18:20 | | 94080 | ae9f46a2
File Copy: D:\legend\Fight100.grp | 10-25-1996 | 22:18:20 | | 46030 | cd87ab17
File Copy: D:\legend\Fight101.grp | 10-25-1996 | 22:18:20 | | 39044 | 9815f896
File Copy: D:\legend\Fight102.grp | 10-25-1996 | 22:18:20 | | 41789 | 6d41fe65
File Copy: D:\legend\Fight109.grp | 10-25-1996 | 22:18:20 | | 40558 | 4ed4e937
File Copy: D:\legend\Fmap.grp | 10-25-1996 | 22:18:22 | | 1359863 | a1c2f7cd
File Copy: D:\legend\Hdgrp.grp | 10-25-1996 | 22:18:24 | | 249276 | 62f33992
File Copy: D:\legend\Kdef.grp | 10-25-1996 | 22:18:24 | | 121214 | 1778f96a
File Copy: D:\legend\Kend.grp | 10-25-1996 | 22:18:40 | | 14144000 | 3b5929b8
File Copy: D:\legend\Mmap.grp | 10-25-1996 | 22:18:42 | | 1572545 | 69bed818
File Copy: D:\legend\R1.grp | 10-25-1996 | 22:35:52 | | 114242 | 8e8da872
File Copy: D:\legend\R2.grp | 10-25-1996 | 22:18:42 | | 114242 | 9d9c4500
File Copy: D:\legend\R3.grp | 10-25-1996 | 22:18:42 | | 114242 | 745be4aa
File Copy: D:\legend\Ranger.grp | 10-25-1996 | 22:18:42 | | 114242 | c5c66c5c
File Copy: D:\legend\S1.grp | 10-25-1996 | 22:35:50 | | 4915200 | 6c27a7fd
File Copy: D:\legend\S2.grp | 10-25-1996 | 22:18:52 | | 4915200 | ecdf538d
File Copy: D:\legend\S3.grp | 10-25-1996 | 22:18:58 | | 4915200 | ecdf538d
File Copy: D:\legend\Talk.grp | 10-25-1996 | 22:18:58 | | 190927 | a6d072ca
File Copy: D:\legend\Title.grp | 10-25-1996 | 22:18:58 | | 8179 | f1f6ab0
File Copy: D:\legend\Warfld.grp | 10-25-1996 | 22:18:58 | | 532480 | 6b136b89
File Copy: D:\legend\Alldef.idx | 10-25-1996 | 22:18:58 | | 400 | 1e53c977
File Copy: D:\legend\Alldefbk.idx | 10-25-1996 | 22:19:00 | | 400 | 1e53c977
File Copy: D:\legend\Allsin.idx | 10-25-1996 | 22:19:00 | | 400 | ab6b64b9
File Copy: D:\legend\Allsinbk.idx | 10-25-1996 | 22:19:00 | | 400 | ab6b64b9
File Copy: D:\legend\Cloud.idx | 10-25-1996 | 22:19:00 | | 24 | 41c2bc06
File Copy: D:\legend\D1.idx | 10-25-1996 | 22:19:00 | | 400 | 1e53c977
File Copy: D:\legend\D2.idx | 10-25-1996 | 22:19:00 | | 400 | 1e53c977
File Copy: D:\legend\D3.idx | 10-25-1996 | 22:19:00 | | 400 | 1e53c977
File Copy: D:\legend\Eft.idx | 10-25-1996 | 22:19:00 | | 2856 | 9f2071c4
File Copy: D:\legend\Endword.idx | 10-25-1996 | 22:19:00 | | 92 | 7cc69df7
File Copy: D:\legend\Fbk.idx | 10-25-1996 | 22:19:00 | | 544 | 975486f5
File Copy: D:\legend\Fight000.idx | 10-25-1996 | 22:19:00 | | 944 | 971843c3
File Copy: D:\legend\Fight001.idx | 10-25-1996 | 22:19:00 | | 176 | d8a2b299
File Copy: D:\legend\Fight002.idx | 10-25-1996 | 22:19:00 | | 288 | 456553f3
File Copy: D:\legend\Fight003.idx | 10-25-1996 | 22:19:00 | | 208 | 4e6f18ac
File Copy: D:\legend\Fight004.idx | 10-25-1996 | 22:19:00 | | 128 | 587da428
File Copy: D:\legend\Fight005.idx | 10-25-1996 | 22:19:00 | | 384 | bc044f71
File Copy: D:\legend\Fight006.idx | 10-25-1996 | 22:19:00 | | 208 | 9a1db445
File Copy: D:\legend\Fight007.idx | 10-25-1996 | 22:19:00 | | 192 | 9d14913e
File Copy: D:\legend\Fight008.idx | 10-25-1996 | 22:19:00 | | 144 | e4dd2630
File Copy: D:\legend\Fight009.idx | 10-25-1996 | 22:19:00 | | 384 | f3567b76
File Copy: D:\legend\Fight010.idx | 10-25-1996 | 22:19:00 | | 176 | 4eb79e5e
File Copy: D:\legend\Fight011.idx | 10-25-1996 | 22:19:02 | | 160 | 93c41934
File Copy: D:\legend\Fight012.idx | 10-25-1996 | 22:19:02 | | 144 | 4b847e46
File Copy: D:\legend\Fight013.idx | 10-25-1996 | 22:19:02 | | 288 | 8ed4e6d9
File Copy: D:\legend\Fight014.idx | 10-25-1996 | 22:19:02 | | 192 | 37820fa8
File Copy: D:\legend\Fight015.idx | 10-25-1996 | 22:19:02 | | 224 | 2bcf20f5
File Copy: D:\legend\Fight016.idx | 10-25-1996 | 22:19:02 | | 320 | c15c4891
File Copy: D:\legend\Fight017.idx | 10-25-1996 | 22:19:02 | | 272 | 952c04ba
File Copy: D:\legend\Fight018.idx | 10-25-1996 | 22:19:02 | | 192 | 42705671
File Copy: D:\legend\Fight019.idx | 10-25-1996 | 22:19:02 | | 224 | 14126388
File Copy: D:\legend\Fight020.idx | 10-25-1996 | 22:19:02 | | 160 | 4a5b59b9
File Copy: D:\legend\Fight021.idx | 10-25-1996 | 22:19:02 | | 224 | 10f53844
File Copy: D:\legend\Fight022.idx | 10-25-1996 | 22:19:02 | | 256 | 8ca2561e
File Copy: D:\legend\Fight023.idx | 10-25-1996 | 22:19:02 | | 192 | 749ba89
File Copy: D:\legend\Fight024.idx | 10-25-1996 | 22:19:02 | | 176 | 1961777d
File Copy: D:\legend\Fight025.idx | 10-25-1996 | 22:19:02 | | 304 | c431634e
File Copy: D:\legend\Fight026.idx | 10-25-1996 | 22:19:02 | | 272 | 8c2ec75c
File Copy: D:\legend\Fight027.idx | 10-25-1996 | 22:19:02 | | 192 | 74b97404
File Copy: D:\legend\Fight028.idx | 10-25-1996 | 22:19:02 | | 464 | 9f0167a9
File Copy: D:\legend\Fight029.idx | 10-25-1996 | 22:19:02 | | 224 | b60ee79
File Copy: D:\legend\Fight031.idx | 10-25-1996 | 22:19:02 | | 176 | 842a7149
File Copy: D:\legend\Fight032.idx | 10-25-1996 | 22:19:02 | | 176 | caf93070
File Copy: D:\legend\Fight033.idx | 10-25-1996 | 22:19:02 | | 240 | 4c00ebef
File Copy: D:\legend\Fight034.idx | 10-25-1996 | 22:19:02 | | 208 | a9ae49e0
File Copy: D:\legend\Fight035.idx | 10-25-1996 | 22:19:02 | | 256 | b7788f66
File Copy: D:\legend\Fight036.idx | 10-25-1996 | 22:19:04 | | 208 | e350a868
File Copy: D:\legend\Fight037.idx | 10-25-1996 | 22:19:04 | | 160 | 95324c0e
File Copy: D:\legend\Fight038.idx | 10-25-1996 | 22:19:04 | | 320 | a35ec49a
File Copy: D:\legend\Fight043.idx | 10-25-1996 | 22:19:04 | | 192 | 88f6dd3
File Copy: D:\legend\Fight044.idx | 10-25-1996 | 22:19:04 | | 176 | a960726
File Copy: D:\legend\Fight045.idx | 10-25-1996 | 22:19:04 | | 320 | 4767ff89
File Copy: D:\legend\Fight046.idx | 10-25-1996 | 22:19:04 | | 352 | dc570b3d
File Copy: D:\legend\Fight047.idx | 10-25-1996 | 22:19:04 | | 176 | c9eba462
File Copy: D:\legend\Fight048.idx | 10-25-1996 | 22:19:04 | | 272 | e4201aa9
File Copy: D:\legend\Fight049.idx | 10-25-1996 | 22:19:04 | | 208 | 7b87ff65
File Copy: D:\legend\Fight050.idx | 10-25-1996 | 22:19:04 | | 224 | f7c472d7
File Copy: D:\legend\Fight051.idx | 10-25-1996 | 22:19:04 | | 176 | 14f4b897
File Copy: D:\legend\Fight053.idx | 10-25-1996 | 22:19:04 | | 496 | d113e759
File Copy: D:\legend\Fight054.idx | 10-25-1996 | 22:19:04 | | 320 | a198aaef
File Copy: D:\legend\Fight055.idx | 10-25-1996 | 22:19:04 | | 224 | 4ae4294c
File Copy: D:\legend\Fight056.idx | 10-25-1996 | 22:19:04 | | 144 | 2f458c7b
File Copy: D:\legend\Fight057.idx | 10-25-1996 | 22:19:04 | | 208 | 4f9d0427
File Copy: D:\legend\Fight058.idx | 10-25-1996 | 22:19:04 | | 400 | f7a6cc50
File Copy: D:\legend\Fight059.idx | 10-25-1996 | 22:19:04 | | 144 | 1e3f935e
File Copy: D:\legend\Fight060.idx | 10-25-1996 | 22:19:04 | | 288 | 35f1877c
File Copy: D:\legend\Fight061.idx | 10-25-1996 | 22:19:04 | | 192 | 16b94bf7
File Copy: D:\legend\Fight062.idx | 10-25-1996 | 22:19:04 | | 160 | 9c7239eb
File Copy: D:\legend\Fight063.idx | 10-25-1996 | 22:19:04 | | 224 | a17c7099
File Copy: D:\legend\Fight064.idx | 10-25-1996 | 22:19:06 | | 192 | 31320901
File Copy: D:\legend\Fight065.idx | 10-25-1996 | 22:19:06 | | 208 | c36598dd
File Copy: D:\legend\Fight067.idx | 10-25-1996 | 22:19:06 | | 240 | c231b2fd
File Copy: D:\legend\Fight068.idx | 10-25-1996 | 22:19:06 | | 176 | 24a62ed2
File Copy: D:\legend\Fight069.idx | 10-25-1996 | 22:19:06 | | 224 | 744f5d7d
File Copy: D:\legend\Fight070.idx | 10-25-1996 | 22:19:06 | | 224 | 360f213a
File Copy: D:\legend\Fight071.idx | 10-25-1996 | 22:19:06 | | 208 | 2f315d57
File Copy: D:\legend\Fight076.idx | 10-25-1996 | 22:19:06 | | 128 | 89591a71
File Copy: D:\legend\Fight077.idx | 10-25-1996 | 22:19:06 | | 128 | c1db47e8
File Copy: D:\legend\Fight078.idx | 10-25-1996 | 22:19:06 | | 176 | c0d10299
File Copy: D:\legend\Fight079.idx | 10-25-1996 | 22:19:06 | | 176 | 5eb0fad2
File Copy: D:\legend\Fight080.idx | 10-25-1996 | 22:19:06 | | 256 | 3045d040
File Copy: D:\legend\Fight081.idx | 10-25-1996 | 22:19:06 | | 192 | 80cd89c
File Copy: D:\legend\Fight082.idx | 10-25-1996 | 22:19:06 | | 144 | 702ffc7b
File Copy: D:\legend\Fight083.idx | 10-25-1996 | 22:19:06 | | 144 | e41b9866
File Copy: D:\legend\Fight084.idx | 10-25-1996 | 22:19:06 | | 144 | 8bf06aba
File Copy: D:\legend\Fight085.idx | 10-25-1996 | 22:19:06 | | 128 | 9d4c3f06
File Copy: D:\legend\Fight086.idx | 10-25-1996 | 22:19:06 | | 176 | c34494b7
File Copy: D:\legend\Fight087.idx | 10-25-1996 | 22:19:06 | | 144 | eba19143
File Copy: D:\legend\Fight088.idx | 10-25-1996 | 22:19:06 | | 160 | 5b3c2f10
File Copy: D:\legend\Fight090.idx | 10-25-1996 | 22:19:06 | | 128 | 3ddd15f1
File Copy: D:\legend\Fight091.idx | 10-25-1996 | 22:19:06 | | 128 | ed8bb26b
File Copy: D:\legend\Fight092.idx | 10-25-1996 | 22:19:06 | | 128 | fce1978a
File Copy: D:\legend\Fight093.idx | 10-25-1996 | 22:19:06 | | 144 | 387b9dac
File Copy: D:\legend\Fight094.idx | 10-25-1996 | 22:19:06 | | 160 | 32e32837
File Copy: D:\legend\Fight095.idx | 10-25-1996 | 22:19:06 | | 144 | 7a350299
File Copy: D:\legend\Fight096.idx | 10-25-1996 | 22:19:08 | | 176 | ed68a8be
File Copy: D:\legend\Fight097.idx | 10-25-1996 | 22:19:08 | | 112 | 313bfe78
File Copy: D:\legend\Fight098.idx | 10-25-1996 | 22:19:08 | | 128 | 68bb5d16
File Copy: D:\legend\Fight099.idx | 10-25-1996 | 22:19:08 | | 192 | 65844bca
File Copy: D:\legend\Fight100.idx | 10-25-1996 | 22:19:08 | | 144 | 75052cd1
File Copy: D:\legend\Fight101.idx | 10-25-1996 | 22:19:08 | | 128 | 836aa545
File Copy: D:\legend\Fight102.idx | 10-25-1996 | 22:19:08 | | 176 | d5ab5f6
File Copy: D:\legend\Fight109.idx | 10-25-1996 | 22:19:08 | | 160 | 42261b6b
File Copy: D:\legend\Fmap.idx | 10-25-1996 | 22:19:08 | | 12804 | 781d3a86
File Copy: D:\legend\Hdgrp.idx | 10-25-1996 | 22:19:08 | | 460 | c4877123
File Copy: D:\legend\Kdef.idx | 10-25-1996 | 22:19:08 | | 4072 | 2a1700f3
File Copy: D:\legend\Kend.idx | 10-25-1996 | 22:19:08 | | 884 | 9768ff67
File Copy: D:\legend\Mmap.idx | 10-25-1996 | 23:09:36 | | 34924 | 99c94a49
File Copy: D:\legend\R1.idx | 10-25-1996 | 22:19:08 | | 24 | b7537ca9
File Copy: D:\legend\R2.idx | 10-25-1996 | 22:19:08 | | 24 | b7537ca9
File Copy: D:\legend\R3.idx | 10-25-1996 | 22:19:08 | | 24 | b7537ca9
File Copy: D:\legend\Ranger.idx | 10-25-1996 | 22:19:08 | | 24 | b7537ca9
File Copy: D:\legend\S1.idx | 10-25-1996 | 22:19:08 | | 400 | ab6b64b9
File Copy: D:\legend\S2.idx | 10-25-1996 | 22:19:08 | | 400 | ab6b64b9
File Copy: D:\legend\S3.idx | 10-25-1996 | 22:19:08 | | 400 | ab6b64b9
File Copy: D:\legend\Talk.idx | 10-25-1996 | 22:19:10 | | 11908 | bf3c3d2c
File Copy: D:\legend\Title.idx | 10-25-1996 | 22:19:10 | | 36 | c64251f6
File Copy: D:\legend\Warfld.idx | 10-25-1996 | 22:19:10 | | 104 | 148050a5
File Copy: D:\legend\Dig.ini | 10-25-1996 | 22:19:34 | | 217 | a390740b
File Copy: D:\legend\Mdi.ini | 10-25-1996 | 22:19:32 | | 215 | 139221bc
File Copy: D:\legend\Aildrvr.lst | 10-25-1996 | 22:19:10 | | 17340 | 95dd989f
File Copy: D:\legend\Adlib.mdi | 10-25-1996 | 22:19:10 | | 14986 | 6871f64c
File Copy: D:\legend\Adlibg.mdi | 10-25-1996 | 22:19:10 | | 16377 | 1d2a278b
File Copy: D:\legend\Esfm.mdi | 10-25-1996 | 22:19:10 | | 15084 | 1aa86b62
File Copy: D:\legend\Mpu401.mdi | 10-25-1996 | 22:19:10 | | 1915 | 70a67ea6
File Copy: D:\legend\Mt32mpu.mdi | 10-25-1996 | 22:19:10 | | 6980 | bdaf0222
File Copy: D:\legend\Null.mdi | 10-25-1996 | 22:19:10 | | 1609 | 93d88470
File Copy: D:\legend\Opl3.mdi | 10-25-1996 | 22:19:10 | | 16387 | 74aad2f1
File Copy: D:\legend\Pas.mdi | 10-25-1996 | 22:19:10 | | 15425 | 1d01110
File Copy: D:\legend\Pasplus.mdi | 10-25-1996 | 22:19:10 | | 16458 | c5a2ded9
File Copy: D:\legend\Pcspkr.mdi | 10-25-1996 | 22:19:10 | | 4705 | 9f6b860c
File Copy: D:\legend\Sbawe32.mdi | 10-25-1996 | 22:19:10 | | 32694 | dd43a7b8
File Copy: D:\legend\Sblaster.mdi | 10-25-1996 | 22:19:10 | | 15118 | 670d5af4
File Copy: D:\legend\Sbpro1.mdi | 10-25-1996 | 22:19:10 | | 15471 | 25370f67
File Copy: D:\legend\Sbpro2.mdi | 10-25-1996 | 22:19:10 | | 16541 | ab0493a
File Copy: D:\legend\Sndscape.mdi | 10-25-1996 | 22:19:12 | | 2971 | ad1df3c2
File Copy: D:\legend\Tandy.mdi | 10-25-1996 | 22:19:12 | | 5010 | 8abb61f4
File Copy: D:\legend\Ultra.mdi | 10-25-1996 | 22:19:12 | | 49672 | 4849dc3
File Copy: D:\legend\3_shadow.msk | 10-25-1996 | 22:19:12 | | 7770 | 8b230247
File Copy: D:\legend\4_shadow.msk | 10-25-1996 | 22:19:12 | | 11170 | 63f01f4e
File Copy: D:\legend\Sample.opl | 10-25-1996 | 22:19:12 | | 5591 | 128e43c4
File Copy: D:\legend\Logo.scr | 02-10-1996 | 00:55:14 | | 11751 | 5f563f34
File Copy: D:\legend\Hero.sta | 10-25-1996 | 22:19:12 | | 58240 | a7ef8539
File Copy: D:\legend\War.sta | 10-25-1996 | 22:19:12 | | 26040 | 9d0e1dae
File Copy: D:\legend\Temp.swp | 10-26-1996 | 09:45:54 | | 6 | 13cb9bc1
File Copy: D:\legend\Swap.vmc | 10-25-1996 | 22:19:18 | | 50 | 6dceb166
File Copy: D:\legend\Atk00.wav | 10-25-1996 | 22:19:18 | | 4460 | 1a68d32c
File Copy: D:\legend\Atk01.wav | 10-25-1996 | 22:19:18 | | 4460 | 1a68d32c
File Copy: D:\legend\Atk02.wav | 10-25-1996 | 22:19:18 | | 3552 | 4c5f13b7
File Copy: D:\legend\Atk03.wav | 10-25-1996 | 22:19:18 | | 2454 | 5c4a31e5
File Copy: D:\legend\Atk04.wav | 10-25-1996 | 22:19:18 | | 7676 | aef8073a
File Copy: D:\legend\Atk05.wav | 10-25-1996 | 22:19:18 | | 9284 | ff7fcca2
File Copy: D:\legend\Atk06.wav | 10-25-1996 | 22:19:18 | | 5308 | ce199ef5
File Copy: D:\legend\Atk07.wav | 10-25-1996 | 22:19:18 | | 5444 | 1ab46c96
File Copy: D:\legend\Atk08.wav | 10-25-1996 | 22:19:18 | | 5516 | a54717ef
File Copy: D:\legend\Atk09.wav | 10-25-1996 | 22:19:18 | | 11834 | d1eeca46
File Copy: D:\legend\Atk10.wav | 10-25-1996 | 22:19:18 | | 12354 | a6f79749
File Copy: D:\legend\Atk11.wav | 10-25-1996 | 22:19:18 | | 4076 | 9adb2d71
File Copy: D:\legend\Atk12.wav | 10-25-1996 | 22:19:18 | | 9104 | 918fbbf5
File Copy: D:\legend\Atk13.wav | 10-25-1996 | 22:19:18 | | 4820 | a3bce308
File Copy: D:\legend\Atk14.wav | 10-25-1996 | 22:19:18 | | 5680 | fcebcbc7
File Copy: D:\legend\Atk15.wav | 10-25-1996 | 22:19:18 | | 6948 | a83b4ee4
File Copy: D:\legend\Atk16.wav | 10-25-1996 | 22:19:18 | | 12614 | 2cafeb50
File Copy: D:\legend\Atk17.wav | 10-25-1996 | 22:19:18 | | 12312 | d5d1db7f
File Copy: D:\legend\Atk18.wav | 10-25-1996 | 22:19:18 | | 19880 | a7eb0994
File Copy: D:\legend\Atk19.wav | 10-25-1996 | 22:19:18 | | 8768 | ad977934
File Copy: D:\legend\Atk20.wav | 10-25-1996 | 22:19:18 | | 17398 | 5db8b1f9
File Copy: D:\legend\Atk21.wav | 10-25-1996 | 22:19:18 | | 8804 | 64129803
File Copy: D:\legend\Atk22.wav | 10-25-1996 | 22:19:18 | | 23456 | 437475ed
File Copy: D:\legend\Atk23.wav | 10-25-1996 | 22:19:18 | | 19228 | 98dc173c
File Copy: D:\legend\E00.wav | 10-25-1996 | 22:19:18 | | 17824 | dd51beb5
File Copy: D:\legend\E01.wav | 10-25-1996 | 22:19:18 | | 4896 | 2d6eb35d
File Copy: D:\legend\E02.wav | 10-25-1996 | 22:19:18 | | 9284 | cda62dc5
File Copy: D:\legend\E03.wav | 10-25-1996 | 22:19:18 | | 7882 | 78794d10
File Copy: D:\legend\E04.wav | 10-25-1996 | 22:19:18 | | 8646 | 9d0f35c6
File Copy: D:\legend\E05.wav | 10-25-1996 | 22:19:18 | | 16704 | ea554967
File Copy: D:\legend\E06.wav | 10-25-1996 | 22:19:20 | | 14848 | 48ba35c0
File Copy: D:\legend\E07.wav | 10-25-1996 | 22:19:20 | | 15478 | eb2c9db6
File Copy: D:\legend\E08.wav | 10-25-1996 | 22:19:20 | | 11078 | 5598f6df
File Copy: D:\legend\E09.wav | 10-25-1996 | 22:19:20 | | 15786 | 9ff630be
File Copy: D:\legend\E10.wav | 10-25-1996 | 22:19:20 | | 32492 | 865dc569
File Copy: D:\legend\E11.wav | 10-25-1996 | 22:19:20 | | 10418 | 4f02c5fe
File Copy: D:\legend\E12.wav | 10-25-1996 | 22:19:20 | | 3326 | 40c0abe4
File Copy: D:\legend\E13.wav | 10-25-1996 | 22:19:20 | | 6828 | f1ed3997
File Copy: D:\legend\E14.wav | 10-25-1996 | 22:19:20 | | 6828 | fbb1e13f
File Copy: D:\legend\E15.wav | 10-25-1996 | 22:19:20 | | 16704 | 39292d62
File Copy: D:\legend\E16.wav | 10-25-1996 | 22:19:20 | | 17400 | e56dd503
File Copy: D:\legend\E17.wav | 10-25-1996 | 22:19:20 | | 16724 | 4f467d62
File Copy: D:\legend\E18.wav | 10-25-1996 | 22:19:20 | | 6884 | cb499536
File Copy: D:\legend\E19.wav | 10-25-1996 | 22:19:20 | | 11050 | e893ee4b
File Copy: D:\legend\E20.wav | 10-25-1996 | 22:19:20 | | 11158 | 714194cc
File Copy: D:\legend\E21.wav | 10-25-1996 | 22:19:20 | | 6384 | 6ed343e9
File Copy: D:\legend\E22.wav | 10-25-1996 | 22:19:20 | | 7716 | 81d8f743
File Copy: D:\legend\E23.wav | 10-25-1996 | 22:19:20 | | 10260 | f73dbade
File Copy: D:\legend\E24.wav | 10-25-1996 | 22:19:20 | | 4294 | 79097eb8
File Copy: D:\legend\E25.wav | 10-25-1996 | 22:19:20 | | 8248 | 868d4f14
File Copy: D:\legend\E26.wav | 10-25-1996 | 22:19:20 | | 8800 | afce02b8
File Copy: D:\legend\E27.wav | 10-25-1996 | 22:19:20 | | 12038 | dee5670b
File Copy: D:\legend\E28.wav | 10-25-1996 | 22:19:20 | | 7910 | bf0e6f31
File Copy: D:\legend\E29.wav | 10-25-1996 | 22:19:20 | | 18900 | 49cf0b21
File Copy: D:\legend\E30.wav | 10-25-1996 | 22:19:20 | | 20700 | 9a34551
File Copy: D:\legend\E31.wav | 10-25-1996 | 22:19:20 | | 18514 | 65e37af0
File Copy: D:\legend\E32.wav | 10-25-1996 | 22:19:20 | | 8380 | c4d0d0c1
File Copy: D:\legend\E33.wav | 10-25-1996 | 22:19:20 | | 13644 | 4be86063
File Copy: D:\legend\E34.wav | 10-25-1996 | 22:19:20 | | 7460 | 84e3ec78
File Copy: D:\legend\E35.wav | 10-25-1996 | 22:19:20 | | 9942 | e37b7a4a
File Copy: D:\legend\E36.wav | 10-25-1996 | 22:19:20 | | 16290 | 97208069
File Copy: D:\legend\E37.wav | 10-25-1996 | 22:19:20 | | 12792 | 9027c071
File Copy: D:\legend\E38.wav | 10-25-1996 | 22:19:20 | | 12464 | 9c207c07
File Copy: D:\legend\E39.wav | 10-25-1996 | 22:19:20 | | 22094 | 1fe132cc
File Copy: D:\legend\E40.wav | 10-25-1996 | 22:19:20 | | 14862 | d957e15b
File Copy: D:\legend\E41.wav | 10-25-1996 | 22:19:20 | | 20204 | 48275d33
File Copy: D:\legend\E42.wav | 10-25-1996 | 22:19:20 | | 18344 | a33f912b
File Copy: D:\legend\E43.wav | 10-25-1996 | 22:19:20 | | 7706 | 4c38feec
File Copy: D:\legend\E44.wav | 10-25-1996 | 22:19:20 | | 30032 | 7a9b68dd
File Copy: D:\legend\E45.wav | 10-25-1996 | 22:19:20 | | 10418 | 4f02c5fe
File Copy: D:\legend\E46.wav | 10-25-1996 | 22:19:20 | | 9810 | a09effb6
File Copy: D:\legend\E47.wav | 10-25-1996 | 22:19:20 | | 9810 | 7023a483
File Copy: D:\legend\E48.wav | 10-25-1996 | 22:19:20 | | 9154 | 7ab54e1b
File Copy: D:\legend\E49.wav | 10-25-1996 | 22:19:20 | | 18532 | e1dc301a
File Copy: D:\legend\E50.wav | 10-25-1996 | 22:19:20 | | 19822 | 666b4700
File Copy: D:\legend\E51.wav | 10-25-1996 | 22:19:20 | | 9962 | 69c39d3f
File Copy: D:\legend\E52.wav | 10-25-1996 | 22:19:20 | | 7716 | 81d8f743
File Copy: D:\legend\Font.x16 | 10-25-1996 | 22:19:20 | | 2048 | 5fdddc3c
File Copy: D:\legend\Game01.xmi | 10-25-1996 | 22:19:20 | | 6488 | 6df2d72d
File Copy: D:\legend\Game02.xmi | 10-25-1996 | 22:19:20 | | 7654 | b3612cf9
File Copy: D:\legend\Game03.xmi | 10-25-1996 | 22:19:20 | | 6046 | d17cae14
File Copy: D:\legend\Game04.xmi | 10-25-1996 | 22:19:20 | | 15470 | 9df7f845
File Copy: D:\legend\Game05.xmi | 10-25-1996 | 22:19:20 | | 13876 | 733e9bef
File Copy: D:\legend\Game06.xmi | 10-25-1996 | 22:19:20 | | 9122 | 5388668c
File Copy: D:\legend\Game07.xmi | 10-25-1996 | 22:19:20 | | 6558 | 5f45d74e
File Copy: D:\legend\Game08.xmi | 10-25-1996 | 22:19:20 | | 3938 | 4f8b1ba6
File Copy: D:\legend\Game09.xmi | 10-25-1996 | 22:19:20 | | 2910 | aede68db
File Copy: D:\legend\Game10.xmi | 10-25-1996 | 22:19:20 | | 2508 | 731786c6
File Copy: D:\legend\Game11.xmi | 10-25-1996 | 22:19:20 | | 18004 | f1316447
File Copy: D:\legend\Game12.xmi | 10-25-1996 | 22:19:20 | | 3208 | a8245691
File Copy: D:\legend\Game13.xmi | 10-25-1996 | 22:19:20 | | 952 | 5b77d3f8
File Copy: D:\legend\Game14.xmi | 10-25-1996 | 22:19:20 | | 1812 | 23eb5f1c
File Copy: D:\legend\Game15.xmi | 10-25-1996 | 22:19:20 | | 8082 | 516e3b7c
File Copy: D:\legend\Game16.xmi | 10-25-1996 | 22:19:20 | | 760 | d89bf973
File Copy: D:\legend\Game17.xmi | 10-25-1996 | 22:19:20 | | 3862 | 1a8a0994
File Copy: D:\legend\Game18.xmi | 10-25-1996 | 22:19:20 | | 8576 | 3be3743f
File Copy: D:\legend\Game19.xmi | 10-25-1996 | 22:19:20 | | 9718 | d6239a63
File Copy: D:\legend\Game20.xmi | 10-25-1996 | 22:19:20 | | 6888 | adb9c3f9
File Copy: D:\legend\Game21.xmi | 10-25-1996 | 22:19:20 | | 5188 | afd14115
File Copy: D:\legend\Game22.xmi | 10-25-1996 | 22:19:20 | | 7866 | 2b90b95a
File Copy: D:\legend\Game23.xmi | 10-25-1996 | 22:19:20 | | 4132 | d9981045
File Copy: D:\legend\Game24.xmi | 10-25-1996 | 22:19:20 | | 4534 | 7e8ebe88
File Overwrite: D:\legend\Unwise.exe | 12-05-2000 | 09:45:04 | | 127184 | 1db8950
Made Dir: C:\Documents and Settings\two\「开始」菜单\程序\金庸群侠传
Shell Link: C:\Documents and Settings\two\「开始」菜单\程序\金庸群侠传\金庸群侠传.lnk
Link Info: D:\legend\Play.bat | D:\legend |  | 0 | 1 | 0 | 
Shell Link: C:\Documents and Settings\two\「开始」菜单\程序\金庸群侠传\Uninstall.lnk
Link Info: D:\legend\Unwise.exe | D:\legend |  | 0 | 1 | 0 | 
File Tree: D:\legend\
User Rights: Admin
