This file contains any messages produced by compilers while
running configure, to aid debugging if configure makes a mistake.

It was created by Chocolate Doom configure 2.2.1, which was
generated by GNU Autoconf 2.69.  Invocation command line was

  $ ./configure --host=arm-linux

## --------- ##
## Platform. ##
## --------- ##

hostname = debian
uname -m = x86_64
uname -r = 4.18.0
uname -s = Linux
uname -v = #1 SMP Wed Aug 22 03:11:49 EDT 2018

/usr/bin/uname -p = unknown
/bin/uname -X     = unknown

/bin/arch              = unknown
/usr/bin/arch -k       = unknown
/usr/convex/getsysinfo = unknown
/usr/bin/hostinfo      = unknown
/bin/machine           = unknown
/usr/bin/oslevel       = unknown
/bin/universe          = unknown

PATH: /usr/local/bin
PATH: /usr/bin
PATH: /bin
PATH: /usr/local/games
PATH: /usr/games
PATH: /opt/miyoo/bin/


## ----------- ##
## Core tests. ##
## ----------- ##

configure:2250: checking for arm-linux-gcc
configure:2277: result: arm-linux-gcc
configure:2546: checking for C compiler version
configure:2555: arm-linux-gcc --version >&5
arm-linux-gcc.br_real (Buildroot 2018.02) 7.3.0
Copyright (C) 2017 Free Software Foundation, Inc.
This is free software; see the source for copying conditions.  There is NO
warranty; not even for MERCHANTABILITY or FITNESS FOR A PARTICULAR PURPOSE.

configure:2566: $? = 0
configure:2555: arm-linux-gcc -v >&5
Using built-in specs.
COLLECT_GCC=/opt/miyoo/bin/arm-linux-gcc.br_real
COLLECT_LTO_WRAPPER=/opt/miyoo/libexec/gcc/arm-miyoo-linux-uclibcgnueabi/7.3.0/lto-wrapper
Target: arm-miyoo-linux-uclibcgnueabi
Configured with: ./configure --prefix=/opt/miyoo --sysconfdir=/opt/miyoo/etc --enable-static --target=arm-miyoo-linux-uclibcgnueabi --with-sysroot=/opt/miyoo/arm-miyoo-linux-uclibcgnueabi/sysroot --disable-__cxa_atexit --with-gnu-ld --disable-libssp --disable-multilib --with-gmp=/opt/miyoo --with-mpc=/opt/miyoo --with-mpfr=/opt/miyoo --with-pkgversion='Buildroot 2018.02' --with-bugurl=http://bugs.buildroot.net/ --disable-libquadmath --disable-libsanitizer --enable-tls --enable-plugins --enable-lto --disable-libmudflap --enable-threads --without-isl --without-cloog --with-float=soft --disable-decimal-float --with-abi=aapcs-linux --with-cpu=arm926ej-s --with-float=soft --with-mode=arm --enable-languages=c,c++ --with-build-time-tools=/opt/miyoo/arm-miyoo-linux-uclibcgnueabi/bin --enable-shared --disable-libgomp
Thread model: posix
gcc version 7.3.0 (Buildroot 2018.02) 
configure:2566: $? = 0
configure:2555: arm-linux-gcc -V >&5
arm-linux-gcc.br_real: error: unrecognized command line option '-V'
arm-linux-gcc.br_real: fatal error: no input files
compilation terminated.
configure:2566: $? = 1
configure:2555: arm-linux-gcc -qversion >&5
arm-linux-gcc.br_real: error: unrecognized command line option '-qversion'; did you mean '--version'?
arm-linux-gcc.br_real: fatal error: no input files
compilation terminated.
configure:2566: $? = 1
configure:2586: checking whether the C compiler works
configure:2608: arm-linux-gcc    conftest.c  >&5
configure:2612: $? = 0
configure:2660: result: yes
configure:2663: checking for C compiler default output file name
configure:2665: result: a.out
configure:2671: checking for suffix of executables
configure:2678: arm-linux-gcc -o conftest    conftest.c  >&5
configure:2682: $? = 0
configure:2704: result: 
configure:2726: checking whether we are cross compiling
configure:2734: arm-linux-gcc -o conftest    conftest.c  >&5
configure:2738: $? = 0
configure:2745: ./conftest
./configure: line 2747: ./conftest: cannot execute binary file: Exec format error
configure:2749: $? = 126
configure:2764: result: yes
configure:2769: checking for suffix of object files
configure:2791: arm-linux-gcc -c   conftest.c >&5
configure:2795: $? = 0
configure:2816: result: o
configure:2820: checking whether we are using the GNU C compiler
configure:2839: arm-linux-gcc -c   conftest.c >&5
configure:2839: $? = 0
configure:2848: result: yes
configure:2857: checking whether arm-linux-gcc accepts -g
configure:2877: arm-linux-gcc -c -g  conftest.c >&5
configure:2877: $? = 0
configure:2918: result: yes
configure:2935: checking for arm-linux-gcc option to accept ISO C89
configure:2998: arm-linux-gcc  -c -g -O2  conftest.c >&5
configure:2998: $? = 0
configure:3011: result: none needed
configure:3039: checking whether arm-linux-gcc understands -c and -o together
configure:3061: arm-linux-gcc -c conftest.c -o conftest2.o
configure:3064: $? = 0
configure:3061: arm-linux-gcc -c conftest.c -o conftest2.o
configure:3064: $? = 0
configure:3076: result: yes
configure:3096: checking for arm-linux-ranlib
configure:3112: found /opt/miyoo/bin//arm-linux-ranlib
configure:3123: result: arm-linux-ranlib
configure:3187: checking for python
configure:3203: found /usr/bin/python
configure:3215: result: true
configure:3288: checking for sdl-config
configure:3319: result: /opt/miyoo/arm-miyoo-linux-uclibcgnueabi/sysroot/usr/bin/sdl-config
configure:3329: checking for SDL - version >= 1.1.3
configure:3431: result: yes
configure:3523: checking how to run the C preprocessor
configure:3554: arm-linux-gcc -E  conftest.c
configure:3554: $? = 0
configure:3568: arm-linux-gcc -E  conftest.c
conftest.c:9:10: fatal error: ac_nonexistent.h: No such file or directory
 #include <ac_nonexistent.h>
          ^~~~~~~~~~~~~~~~~~
compilation terminated.
configure:3568: $? = 1
configure: failed program was:
| /* confdefs.h */
| #define PACKAGE_NAME "Chocolate Doom"
| #define PACKAGE_TARNAME "chocolate-doom"
| #define PACKAGE_VERSION "2.2.1"
| #define PACKAGE_STRING "Chocolate Doom 2.2.1"
| #define PACKAGE_BUGREPORT "fraggle@gmail.com"
| #define PACKAGE_URL ""
| /* end confdefs.h.  */
| #include <ac_nonexistent.h>
configure:3593: result: arm-linux-gcc -E
configure:3613: arm-linux-gcc -E  conftest.c
configure:3613: $? = 0
configure:3627: arm-linux-gcc -E  conftest.c
conftest.c:9:10: fatal error: ac_nonexistent.h: No such file or directory
 #include <ac_nonexistent.h>
          ^~~~~~~~~~~~~~~~~~
compilation terminated.
configure:3627: $? = 1
configure: failed program was:
| /* confdefs.h */
| #define PACKAGE_NAME "Chocolate Doom"
| #define PACKAGE_TARNAME "chocolate-doom"
| #define PACKAGE_VERSION "2.2.1"
| #define PACKAGE_STRING "Chocolate Doom 2.2.1"
| #define PACKAGE_BUGREPORT "fraggle@gmail.com"
| #define PACKAGE_URL ""
| /* end confdefs.h.  */
| #include <ac_nonexistent.h>
configure:3656: checking for grep that handles long lines and -e
configure:3714: result: /bin/grep
configure:3719: checking for egrep
configure:3781: result: /bin/grep -E
configure:3786: checking for ANSI C header files
configure:3806: arm-linux-gcc -c -O2 -g -Wall -Wdeclaration-after-statement -Wredundant-decls  -I/opt/miyoo/arm-miyoo-linux-uclibcgnueabi/sysroot/usr/include/SDL -D_GNU_SOURCE=1 -D_REENTRANT  conftest.c >&5
configure:3806: $? = 0
configure:3890: result: yes
configure:3903: checking for sys/types.h
configure:3903: arm-linux-gcc -c -O2 -g -Wall -Wdeclaration-after-statement -Wredundant-decls  -I/opt/miyoo/arm-miyoo-linux-uclibcgnueabi/sysroot/usr/include/SDL -D_GNU_SOURCE=1 -D_REENTRANT  conftest.c >&5
configure:3903: $? = 0
configure:3903: result: yes
configure:3903: checking for sys/stat.h
configure:3903: arm-linux-gcc -c -O2 -g -Wall -Wdeclaration-after-statement -Wredundant-decls  -I/opt/miyoo/arm-miyoo-linux-uclibcgnueabi/sysroot/usr/include/SDL -D_GNU_SOURCE=1 -D_REENTRANT  conftest.c >&5
configure:3903: $? = 0
configure:3903: result: yes
configure:3903: checking for stdlib.h
configure:3903: arm-linux-gcc -c -O2 -g -Wall -Wdeclaration-after-statement -Wredundant-decls  -I/opt/miyoo/arm-miyoo-linux-uclibcgnueabi/sysroot/usr/include/SDL -D_GNU_SOURCE=1 -D_REENTRANT  conftest.c >&5
configure:3903: $? = 0
configure:3903: result: yes
configure:3903: checking for string.h
configure:3903: arm-linux-gcc -c -O2 -g -Wall -Wdeclaration-after-statement -Wredundant-decls  -I/opt/miyoo/arm-miyoo-linux-uclibcgnueabi/sysroot/usr/include/SDL -D_GNU_SOURCE=1 -D_REENTRANT  conftest.c >&5
configure:3903: $? = 0
configure:3903: result: yes
configure:3903: checking for memory.h
configure:3903: arm-linux-gcc -c -O2 -g -Wall -Wdeclaration-after-statement -Wredundant-decls  -I/opt/miyoo/arm-miyoo-linux-uclibcgnueabi/sysroot/usr/include/SDL -D_GNU_SOURCE=1 -D_REENTRANT  conftest.c >&5
configure:3903: $? = 0
configure:3903: result: yes
configure:3903: checking for strings.h
configure:3903: arm-linux-gcc -c -O2 -g -Wall -Wdeclaration-after-statement -Wredundant-decls  -I/opt/miyoo/arm-miyoo-linux-uclibcgnueabi/sysroot/usr/include/SDL -D_GNU_SOURCE=1 -D_REENTRANT  conftest.c >&5
configure:3903: $? = 0
configure:3903: result: yes
configure:3903: checking for inttypes.h
configure:3903: arm-linux-gcc -c -O2 -g -Wall -Wdeclaration-after-statement -Wredundant-decls  -I/opt/miyoo/arm-miyoo-linux-uclibcgnueabi/sysroot/usr/include/SDL -D_GNU_SOURCE=1 -D_REENTRANT  conftest.c >&5
configure:3903: $? = 0
configure:3903: result: yes
configure:3903: checking for stdint.h
configure:3903: arm-linux-gcc -c -O2 -g -Wall -Wdeclaration-after-statement -Wredundant-decls  -I/opt/miyoo/arm-miyoo-linux-uclibcgnueabi/sysroot/usr/include/SDL -D_GNU_SOURCE=1 -D_REENTRANT  conftest.c >&5
configure:3903: $? = 0
configure:3903: result: yes
configure:3903: checking for unistd.h
configure:3903: arm-linux-gcc -c -O2 -g -Wall -Wdeclaration-after-statement -Wredundant-decls  -I/opt/miyoo/arm-miyoo-linux-uclibcgnueabi/sysroot/usr/include/SDL -D_GNU_SOURCE=1 -D_REENTRANT  conftest.c >&5
configure:3903: $? = 0
configure:3903: result: yes
configure:3930: arm-linux-gcc -o conftest -O2 -g -Wall -Wdeclaration-after-statement -Wredundant-decls  -I/opt/miyoo/arm-miyoo-linux-uclibcgnueabi/sysroot/usr/include/SDL -D_GNU_SOURCE=1 -D_REENTRANT   -L/opt/miyoo/arm-miyoo-linux-uclibcgnueabi/sysroot/usr/lib -lSDL -lpthread conftest.c  >&5
configure:3930: $? = 0
configure:3955: arm-linux-gcc -o conftest -O2 -g -Wall -Wdeclaration-after-statement -Wredundant-decls  -I/opt/miyoo/arm-miyoo-linux-uclibcgnueabi/sysroot/usr/include/SDL -D_GNU_SOURCE=1 -D_REENTRANT   -L/opt/miyoo/arm-miyoo-linux-uclibcgnueabi/sysroot/usr/lib -lSDL -lpthread conftest.c  >&5
configure:3955: $? = 0
configure:3972: checking for Mix_LoadMUS in -lSDL_mixer
configure:3997: arm-linux-gcc -o conftest -O2 -g -Wall -Wdeclaration-after-statement -Wredundant-decls  -I/opt/miyoo/arm-miyoo-linux-uclibcgnueabi/sysroot/usr/include/SDL -D_GNU_SOURCE=1 -D_REENTRANT   -L/opt/miyoo/arm-miyoo-linux-uclibcgnueabi/sysroot/usr/lib -lSDL -lpthread conftest.c -lSDL_mixer   >&5
configure:3997: $? = 0
configure:4006: result: yes
configure:4022: checking for SDLNet_UDP_Send in -lSDL_net
configure:4047: arm-linux-gcc -o conftest -O2 -g -Wall -Wdeclaration-after-statement -Wredundant-decls  -I/opt/miyoo/arm-miyoo-linux-uclibcgnueabi/sysroot/usr/include/SDL -D_GNU_SOURCE=1 -D_REENTRANT   -L/opt/miyoo/arm-miyoo-linux-uclibcgnueabi/sysroot/usr/lib -lSDL -lpthread conftest.c -lSDL_net   >&5
configure:4047: $? = 0
configure:4056: result: yes
configure:4077: checking for src_new in -lsamplerate
configure:4102: arm-linux-gcc -o conftest -O2 -g -Wall -Wdeclaration-after-statement -Wredundant-decls  -I/opt/miyoo/arm-miyoo-linux-uclibcgnueabi/sysroot/usr/include/SDL -D_GNU_SOURCE=1 -D_REENTRANT   -L/opt/miyoo/arm-miyoo-linux-uclibcgnueabi/sysroot/usr/lib -lSDL -lpthread conftest.c -lsamplerate   >&5
/opt/miyoo/lib/gcc/arm-miyoo-linux-uclibcgnueabi/7.3.0/../../../../arm-miyoo-linux-uclibcgnueabi/bin/ld: cannot find -lsamplerate
collect2: error: ld returned 1 exit status
configure:4102: $? = 1
configure: failed program was:
| /* confdefs.h */
| #define PACKAGE_NAME "Chocolate Doom"
| #define PACKAGE_TARNAME "chocolate-doom"
| #define PACKAGE_VERSION "2.2.1"
| #define PACKAGE_STRING "Chocolate Doom 2.2.1"
| #define PACKAGE_BUGREPORT "fraggle@gmail.com"
| #define PACKAGE_URL ""
| #define STDC_HEADERS 1
| #define HAVE_SYS_TYPES_H 1
| #define HAVE_SYS_STAT_H 1
| #define HAVE_STDLIB_H 1
| #define HAVE_STRING_H 1
| #define HAVE_MEMORY_H 1
| #define HAVE_STRINGS_H 1
| #define HAVE_INTTYPES_H 1
| #define HAVE_STDINT_H 1
| #define HAVE_UNISTD_H 1
| /* end confdefs.h.  */
| 
| /* Override any GCC internal prototype to avoid an error.
|    Use char because int might match the return type of a GCC
|    builtin and then its argument prototype would still apply.  */
| #ifdef __cplusplus
| extern "C"
| #endif
| char src_new ();
| int
| main ()
| {
| return src_new ();
|   ;
|   return 0;
| }
configure:4111: result: no
configure:4132: checking for zlibVersion in -lz
configure:4157: arm-linux-gcc -o conftest -O2 -g -Wall -Wdeclaration-after-statement -Wredundant-decls  -I/opt/miyoo/arm-miyoo-linux-uclibcgnueabi/sysroot/usr/include/SDL -D_GNU_SOURCE=1 -D_REENTRANT   -L/opt/miyoo/arm-miyoo-linux-uclibcgnueabi/sysroot/usr/lib -lSDL -lpthread conftest.c -lz   >&5
configure:4157: $? = 0
configure:4166: result: yes
configure:4177: checking for png_get_io_ptr in -lpng
configure:4202: arm-linux-gcc -o conftest -O2 -g -Wall -Wdeclaration-after-statement -Wredundant-decls  -I/opt/miyoo/arm-miyoo-linux-uclibcgnueabi/sysroot/usr/include/SDL -D_GNU_SOURCE=1 -D_REENTRANT   -L/opt/miyoo/arm-miyoo-linux-uclibcgnueabi/sysroot/usr/lib -lSDL -lpthread conftest.c -lpng  -lz  >&5
configure:4202: $? = 0
configure:4211: result: yes
configure:4225: checking for log in -lm
configure:4250: arm-linux-gcc -o conftest -O2 -g -Wall -Wdeclaration-after-statement -Wredundant-decls  -I/opt/miyoo/arm-miyoo-linux-uclibcgnueabi/sysroot/usr/include/SDL -D_GNU_SOURCE=1 -D_REENTRANT   -L/opt/miyoo/arm-miyoo-linux-uclibcgnueabi/sysroot/usr/lib -lSDL -lpthread conftest.c -lm  -lpng -lz  >&5
conftest.c:28:6: warning: conflicting types for built-in function 'log' [-Wbuiltin-declaration-mismatch]
 char log ();
      ^~~
configure:4250: $? = 0
configure:4259: result: yes
configure:4274: checking linux/kd.h usability
configure:4274: arm-linux-gcc -c -O2 -g -Wall -Wdeclaration-after-statement -Wredundant-decls  -I/opt/miyoo/arm-miyoo-linux-uclibcgnueabi/sysroot/usr/include/SDL -D_GNU_SOURCE=1 -D_REENTRANT  conftest.c >&5
configure:4274: $? = 0
configure:4274: result: yes
configure:4274: checking linux/kd.h presence
configure:4274: arm-linux-gcc -E  conftest.c
configure:4274: $? = 0
configure:4274: result: yes
configure:4274: checking for linux/kd.h
configure:4274: result: yes
configure:4274: checking dev/isa/spkrio.h usability
configure:4274: arm-linux-gcc -c -O2 -g -Wall -Wdeclaration-after-statement -Wredundant-decls  -I/opt/miyoo/arm-miyoo-linux-uclibcgnueabi/sysroot/usr/include/SDL -D_GNU_SOURCE=1 -D_REENTRANT  conftest.c >&5
conftest.c:56:10: fatal error: dev/isa/spkrio.h: No such file or directory
 #include <dev/isa/spkrio.h>
          ^~~~~~~~~~~~~~~~~~
compilation terminated.
configure:4274: $? = 1
configure: failed program was:
| /* confdefs.h */
| #define PACKAGE_NAME "Chocolate Doom"
| #define PACKAGE_TARNAME "chocolate-doom"
| #define PACKAGE_VERSION "2.2.1"
| #define PACKAGE_STRING "Chocolate Doom 2.2.1"
| #define PACKAGE_BUGREPORT "fraggle@gmail.com"
| #define PACKAGE_URL ""
| #define STDC_HEADERS 1
| #define HAVE_SYS_TYPES_H 1
| #define HAVE_SYS_STAT_H 1
| #define HAVE_STDLIB_H 1
| #define HAVE_STRING_H 1
| #define HAVE_MEMORY_H 1
| #define HAVE_STRINGS_H 1
| #define HAVE_INTTYPES_H 1
| #define HAVE_STDINT_H 1
| #define HAVE_UNISTD_H 1
| #define HAVE_LIBZ 1
| #define HAVE_LIBPNG 1
| #define HAVE_LIBM 1
| #define HAVE_LINUX_KD_H 1
| /* end confdefs.h.  */
| #include <stdio.h>
| #ifdef HAVE_SYS_TYPES_H
| # include <sys/types.h>
| #endif
| #ifdef HAVE_SYS_STAT_H
| # include <sys/stat.h>
| #endif
| #ifdef STDC_HEADERS
| # include <stdlib.h>
| # include <stddef.h>
| #else
| # ifdef HAVE_STDLIB_H
| #  include <stdlib.h>
| # endif
| #endif
| #ifdef HAVE_STRING_H
| # if !defined STDC_HEADERS && defined HAVE_MEMORY_H
| #  include <memory.h>
| # endif
| # include <string.h>
| #endif
| #ifdef HAVE_STRINGS_H
| # include <strings.h>
| #endif
| #ifdef HAVE_INTTYPES_H
| # include <inttypes.h>
| #endif
| #ifdef HAVE_STDINT_H
| # include <stdint.h>
| #endif
| #ifdef HAVE_UNISTD_H
| # include <unistd.h>
| #endif
| #include <dev/isa/spkrio.h>
configure:4274: result: no
configure:4274: checking dev/isa/spkrio.h presence
configure:4274: arm-linux-gcc -E  conftest.c
conftest.c:23:10: fatal error: dev/isa/spkrio.h: No such file or directory
 #include <dev/isa/spkrio.h>
          ^~~~~~~~~~~~~~~~~~
compilation terminated.
configure:4274: $? = 1
configure: failed program was:
| /* confdefs.h */
| #define PACKAGE_NAME "Chocolate Doom"
| #define PACKAGE_TARNAME "chocolate-doom"
| #define PACKAGE_VERSION "2.2.1"
| #define PACKAGE_STRING "Chocolate Doom 2.2.1"
| #define PACKAGE_BUGREPORT "fraggle@gmail.com"
| #define PACKAGE_URL ""
| #define STDC_HEADERS 1
| #define HAVE_SYS_TYPES_H 1
| #define HAVE_SYS_STAT_H 1
| #define HAVE_STDLIB_H 1
| #define HAVE_STRING_H 1
| #define HAVE_MEMORY_H 1
| #define HAVE_STRINGS_H 1
| #define HAVE_INTTYPES_H 1
| #define HAVE_STDINT_H 1
| #define HAVE_UNISTD_H 1
| #define HAVE_LIBZ 1
| #define HAVE_LIBPNG 1
| #define HAVE_LIBM 1
| #define HAVE_LINUX_KD_H 1
| /* end confdefs.h.  */
| #include <dev/isa/spkrio.h>
configure:4274: result: no
configure:4274: checking for dev/isa/spkrio.h
configure:4274: result: no
configure:4274: checking dev/speaker/speaker.h usability
configure:4274: arm-linux-gcc -c -O2 -g -Wall -Wdeclaration-after-statement -Wredundant-decls  -I/opt/miyoo/arm-miyoo-linux-uclibcgnueabi/sysroot/usr/include/SDL -D_GNU_SOURCE=1 -D_REENTRANT  conftest.c >&5
conftest.c:56:10: fatal error: dev/speaker/speaker.h: No such file or directory
 #include <dev/speaker/speaker.h>
          ^~~~~~~~~~~~~~~~~~~~~~~
compilation terminated.
configure:4274: $? = 1
configure: failed program was:
| /* confdefs.h */
| #define PACKAGE_NAME "Chocolate Doom"
| #define PACKAGE_TARNAME "chocolate-doom"
| #define PACKAGE_VERSION "2.2.1"
| #define PACKAGE_STRING "Chocolate Doom 2.2.1"
| #define PACKAGE_BUGREPORT "fraggle@gmail.com"
| #define PACKAGE_URL ""
| #define STDC_HEADERS 1
| #define HAVE_SYS_TYPES_H 1
| #define HAVE_SYS_STAT_H 1
| #define HAVE_STDLIB_H 1
| #define HAVE_STRING_H 1
| #define HAVE_MEMORY_H 1
| #define HAVE_STRINGS_H 1
| #define HAVE_INTTYPES_H 1
| #define HAVE_STDINT_H 1
| #define HAVE_UNISTD_H 1
| #define HAVE_LIBZ 1
| #define HAVE_LIBPNG 1
| #define HAVE_LIBM 1
| #define HAVE_LINUX_KD_H 1
| /* end confdefs.h.  */
| #include <stdio.h>
| #ifdef HAVE_SYS_TYPES_H
| # include <sys/types.h>
| #endif
| #ifdef HAVE_SYS_STAT_H
| # include <sys/stat.h>
| #endif
| #ifdef STDC_HEADERS
| # include <stdlib.h>
| # include <stddef.h>
| #else
| # ifdef HAVE_STDLIB_H
| #  include <stdlib.h>
| # endif
| #endif
| #ifdef HAVE_STRING_H
| # if !defined STDC_HEADERS && defined HAVE_MEMORY_H
| #  include <memory.h>
| # endif
| # include <string.h>
| #endif
| #ifdef HAVE_STRINGS_H
| # include <strings.h>
| #endif
| #ifdef HAVE_INTTYPES_H
| # include <inttypes.h>
| #endif
| #ifdef HAVE_STDINT_H
| # include <stdint.h>
| #endif
| #ifdef HAVE_UNISTD_H
| # include <unistd.h>
| #endif
| #include <dev/speaker/speaker.h>
configure:4274: result: no
configure:4274: checking dev/speaker/speaker.h presence
configure:4274: arm-linux-gcc -E  conftest.c
conftest.c:23:10: fatal error: dev/speaker/speaker.h: No such file or directory
 #include <dev/speaker/speaker.h>
          ^~~~~~~~~~~~~~~~~~~~~~~
compilation terminated.
configure:4274: $? = 1
configure: failed program was:
| /* confdefs.h */
| #define PACKAGE_NAME "Chocolate Doom"
| #define PACKAGE_TARNAME "chocolate-doom"
| #define PACKAGE_VERSION "2.2.1"
| #define PACKAGE_STRING "Chocolate Doom 2.2.1"
| #define PACKAGE_BUGREPORT "fraggle@gmail.com"
| #define PACKAGE_URL ""
| #define STDC_HEADERS 1
| #define HAVE_SYS_TYPES_H 1
| #define HAVE_SYS_STAT_H 1
| #define HAVE_STDLIB_H 1
| #define HAVE_STRING_H 1
| #define HAVE_MEMORY_H 1
| #define HAVE_STRINGS_H 1
| #define HAVE_INTTYPES_H 1
| #define HAVE_STDINT_H 1
| #define HAVE_UNISTD_H 1
| #define HAVE_LIBZ 1
| #define HAVE_LIBPNG 1
| #define HAVE_LIBM 1
| #define HAVE_LINUX_KD_H 1
| /* end confdefs.h.  */
| #include <dev/speaker/speaker.h>
configure:4274: result: no
configure:4274: checking for dev/speaker/speaker.h
configure:4274: result: no
configure:4287: checking for mmap
configure:4287: arm-linux-gcc -o conftest -O2 -g -Wall -Wdeclaration-after-statement -Wredundant-decls  -I/opt/miyoo/arm-miyoo-linux-uclibcgnueabi/sysroot/usr/include/SDL -D_GNU_SOURCE=1 -D_REENTRANT   -L/opt/miyoo/arm-miyoo-linux-uclibcgnueabi/sysroot/usr/lib -lSDL -lpthread conftest.c -lm -lpng -lz  >&5
configure:4287: $? = 0
configure:4287: result: yes
configure:4287: checking for ioperm
configure:4287: arm-linux-gcc -o conftest -O2 -g -Wall -Wdeclaration-after-statement -Wredundant-decls  -I/opt/miyoo/arm-miyoo-linux-uclibcgnueabi/sysroot/usr/include/SDL -D_GNU_SOURCE=1 -D_REENTRANT   -L/opt/miyoo/arm-miyoo-linux-uclibcgnueabi/sysroot/usr/lib -lSDL -lpthread conftest.c -lm -lpng -lz  >&5
configure:4287: $? = 0
configure:4287: result: yes
configure:4300: checking for i386_iopl in -li386
configure:4325: arm-linux-gcc -o conftest -O2 -g -Wall -Wdeclaration-after-statement -Wredundant-decls  -I/opt/miyoo/arm-miyoo-linux-uclibcgnueabi/sysroot/usr/include/SDL -D_GNU_SOURCE=1 -D_REENTRANT   -L/opt/miyoo/arm-miyoo-linux-uclibcgnueabi/sysroot/usr/lib -lSDL -lpthread conftest.c -li386  -lm -lpng -lz  >&5
/opt/miyoo/lib/gcc/arm-miyoo-linux-uclibcgnueabi/7.3.0/../../../../arm-miyoo-linux-uclibcgnueabi/bin/ld: cannot find -li386
collect2: error: ld returned 1 exit status
configure:4325: $? = 1
configure: failed program was:
| /* confdefs.h */
| #define PACKAGE_NAME "Chocolate Doom"
| #define PACKAGE_TARNAME "chocolate-doom"
| #define PACKAGE_VERSION "2.2.1"
| #define PACKAGE_STRING "Chocolate Doom 2.2.1"
| #define PACKAGE_BUGREPORT "fraggle@gmail.com"
| #define PACKAGE_URL ""
| #define STDC_HEADERS 1
| #define HAVE_SYS_TYPES_H 1
| #define HAVE_SYS_STAT_H 1
| #define HAVE_STDLIB_H 1
| #define HAVE_STRING_H 1
| #define HAVE_MEMORY_H 1
| #define HAVE_STRINGS_H 1
| #define HAVE_INTTYPES_H 1
| #define HAVE_STDINT_H 1
| #define HAVE_UNISTD_H 1
| #define HAVE_LIBZ 1
| #define HAVE_LIBPNG 1
| #define HAVE_LIBM 1
| #define HAVE_LINUX_KD_H 1
| #define HAVE_MMAP 1
| #define HAVE_IOPERM 1
| /* end confdefs.h.  */
| 
| /* Override any GCC internal prototype to avoid an error.
|    Use char because int might match the return type of a GCC
|    builtin and then its argument prototype would still apply.  */
| #ifdef __cplusplus
| extern "C"
| #endif
| char i386_iopl ();
| int
| main ()
| {
| return i386_iopl ();
|   ;
|   return 0;
| }
configure:4334: result: no
configure:4345: checking for amd64_iopl in -lamd64
configure:4370: arm-linux-gcc -o conftest -O2 -g -Wall -Wdeclaration-after-statement -Wredundant-decls  -I/opt/miyoo/arm-miyoo-linux-uclibcgnueabi/sysroot/usr/include/SDL -D_GNU_SOURCE=1 -D_REENTRANT   -L/opt/miyoo/arm-miyoo-linux-uclibcgnueabi/sysroot/usr/lib -lSDL -lpthread conftest.c -lamd64  -lm -lpng -lz  >&5
/opt/miyoo/lib/gcc/arm-miyoo-linux-uclibcgnueabi/7.3.0/../../../../arm-miyoo-linux-uclibcgnueabi/bin/ld: cannot find -lamd64
collect2: error: ld returned 1 exit status
configure:4370: $? = 1
configure: failed program was:
| /* confdefs.h */
| #define PACKAGE_NAME "Chocolate Doom"
| #define PACKAGE_TARNAME "chocolate-doom"
| #define PACKAGE_VERSION "2.2.1"
| #define PACKAGE_STRING "Chocolate Doom 2.2.1"
| #define PACKAGE_BUGREPORT "fraggle@gmail.com"
| #define PACKAGE_URL ""
| #define STDC_HEADERS 1
| #define HAVE_SYS_TYPES_H 1
| #define HAVE_SYS_STAT_H 1
| #define HAVE_STDLIB_H 1
| #define HAVE_STRING_H 1
| #define HAVE_MEMORY_H 1
| #define HAVE_STRINGS_H 1
| #define HAVE_INTTYPES_H 1
| #define HAVE_STDINT_H 1
| #define HAVE_UNISTD_H 1
| #define HAVE_LIBZ 1
| #define HAVE_LIBPNG 1
| #define HAVE_LIBM 1
| #define HAVE_LINUX_KD_H 1
| #define HAVE_MMAP 1
| #define HAVE_IOPERM 1
| /* end confdefs.h.  */
| 
| /* Override any GCC internal prototype to avoid an error.
|    Use char because int might match the return type of a GCC
|    builtin and then its argument prototype would still apply.  */
| #ifdef __cplusplus
| extern "C"
| #endif
| char amd64_iopl ();
| int
| main ()
| {
| return amd64_iopl ();
|   ;
|   return 0;
| }
configure:4379: result: no
configure:4498: checking for arm-linux-strip
configure:4514: found /opt/miyoo/bin//arm-linux-strip
configure:4525: result: arm-linux-strip
configure:4622: checking for a BSD-compatible install
configure:4690: result: /usr/bin/install -c
configure:4701: checking whether build environment is sane
configure:4756: result: yes
configure:4812: checking for arm-linux-strip
configure:4839: result: arm-linux-strip
configure:4904: checking for a thread-safe mkdir -p
configure:4943: result: /bin/mkdir -p
configure:4950: checking for gawk
configure:4980: result: no
configure:4950: checking for mawk
configure:4966: found /usr/bin/mawk
configure:4977: result: mawk
configure:4988: checking whether make sets $(MAKE)
configure:5010: result: yes
configure:5040: checking for style of include used by make
configure:5068: result: GNU
configure:5102: checking whether make supports nested variables
configure:5119: result: yes
configure:5204: checking dependency style of arm-linux-gcc
configure:5315: result: gcc3
configure:5384: checking whether make supports nested variables
configure:5401: result: yes
configure:5587: checking that generated files are newer than configure
configure:5593: result: done
configure:5616: creating ./config.status

## ---------------------- ##
## Running config.status. ##
## ---------------------- ##

This file was extended by Chocolate Doom config.status 2.2.1, which was
generated by GNU Autoconf 2.69.  Invocation command line was

  CONFIG_FILES    = 
  CONFIG_HEADERS  = 
  CONFIG_LINKS    = 
  CONFIG_COMMANDS = 
  $ ./config.status 

on debian

config.status:915: creating Makefile
config.status:915: creating man/Makefile
config.status:915: creating opl/Makefile
config.status:915: creating opl/examples/Makefile
config.status:915: creating pcsound/Makefile
config.status:915: creating pkg/Makefile
config.status:915: creating pkg/config.make
config.status:915: creating pkg/osx/Info-gnustep.plist
config.status:915: creating pkg/osx/Info.plist
config.status:915: creating rpm.spec
config.status:915: creating data/Makefile
config.status:915: creating src/Makefile
config.status:915: creating src/doom.appdata.xml
config.status:915: creating src/doom.desktop
config.status:915: creating src/doom-screensaver.desktop
config.status:915: creating src/doom/Makefile
config.status:915: creating src/heretic.appdata.xml
config.status:915: creating src/heretic.desktop
config.status:915: creating src/heretic/Makefile
config.status:915: creating src/hexen.appdata.xml
config.status:915: creating src/hexen.desktop
config.status:915: creating src/hexen/Makefile
config.status:915: creating src/resource.rc
config.status:915: creating src/setup-res.rc
config.status:915: creating src/setup/Makefile
config.status:915: creating src/setup/setup.desktop
config.status:915: creating src/setup/setup-manifest.xml
config.status:915: creating src/strife.appdata.xml
config.status:915: creating src/strife.desktop
config.status:915: creating src/strife/Makefile
config.status:915: creating textscreen/Makefile
config.status:915: creating textscreen/examples/Makefile
config.status:915: creating config.h
config.status:1061: config.h is unchanged
config.status:1109: executing depfiles commands

## ---------------- ##
## Cache variables. ##
## ---------------- ##

ac_cv_c_compiler_gnu=yes
ac_cv_env_CC_set=set
ac_cv_env_CC_value=arm-linux-gcc
ac_cv_env_CFLAGS_set=
ac_cv_env_CFLAGS_value=
ac_cv_env_CPPFLAGS_set=
ac_cv_env_CPPFLAGS_value=
ac_cv_env_CPP_set=
ac_cv_env_CPP_value=
ac_cv_env_LDFLAGS_set=
ac_cv_env_LDFLAGS_value=
ac_cv_env_LIBS_set=
ac_cv_env_LIBS_value=
ac_cv_env_build_alias_set=
ac_cv_env_build_alias_value=
ac_cv_env_host_alias_set=set
ac_cv_env_host_alias_value=arm-linux
ac_cv_env_target_alias_set=
ac_cv_env_target_alias_value=
ac_cv_func_ioperm=yes
ac_cv_func_mmap=yes
ac_cv_header_dev_isa_spkrio_h=no
ac_cv_header_dev_speaker_speaker_h=no
ac_cv_header_inttypes_h=yes
ac_cv_header_linux_kd_h=yes
ac_cv_header_memory_h=yes
ac_cv_header_stdc=yes
ac_cv_header_stdint_h=yes
ac_cv_header_stdlib_h=yes
ac_cv_header_string_h=yes
ac_cv_header_strings_h=yes
ac_cv_header_sys_stat_h=yes
ac_cv_header_sys_types_h=yes
ac_cv_header_unistd_h=yes
ac_cv_lib_SDL_mixer_Mix_LoadMUS=yes
ac_cv_lib_SDL_net_SDLNet_UDP_Send=yes
ac_cv_lib_amd64_amd64_iopl=no
ac_cv_lib_i386_i386_iopl=no
ac_cv_lib_m_log=yes
ac_cv_lib_png_png_get_io_ptr=yes
ac_cv_lib_samplerate_src_new=no
ac_cv_lib_z_zlibVersion=yes
ac_cv_objext=o
ac_cv_path_EGREP='/bin/grep -E'
ac_cv_path_GREP=/bin/grep
ac_cv_path_SDL_CONFIG=/opt/miyoo/arm-miyoo-linux-uclibcgnueabi/sysroot/usr/bin/sdl-config
ac_cv_path_install='/usr/bin/install -c'
ac_cv_path_mkdir=/bin/mkdir
ac_cv_prog_AWK=mawk
ac_cv_prog_CC=arm-linux-gcc
ac_cv_prog_CPP='arm-linux-gcc -E'
ac_cv_prog_HAVE_PYTHON=true
ac_cv_prog_RANLIB=arm-linux-ranlib
ac_cv_prog_STRIP=arm-linux-strip
ac_cv_prog_cc_c89=
ac_cv_prog_cc_g=yes
ac_cv_prog_make_make_set=yes
am_cv_CC_dependencies_compiler_type=gcc3
am_cv_make_support_nested_variables=yes
am_cv_prog_cc_c_o=yes

## ----------------- ##
## Output variables. ##
## ----------------- ##

ACLOCAL='${SHELL} /home/steward/Downloads/ccdoom/autotools/missing aclocal-1.15'
AMDEPBACKSLASH='\'
AMDEP_FALSE='#'
AMDEP_TRUE=''
AMTAR='$${TAR-tar}'
AM_BACKSLASH='\'
AM_DEFAULT_V='$(AM_DEFAULT_VERBOSITY)'
AM_DEFAULT_VERBOSITY='0'
AM_V='$(V)'
AUTOCONF='${SHELL} /home/steward/Downloads/ccdoom/autotools/missing autoconf'
AUTOHEADER='${SHELL} /home/steward/Downloads/ccdoom/autotools/missing autoheader'
AUTOMAKE='${SHELL} /home/steward/Downloads/ccdoom/autotools/missing automake-1.15'
AWK='mawk'
CC='arm-linux-gcc'
CCDEPMODE='depmode=gcc3'
CFLAGS='-O2 -g -Wall -Wdeclaration-after-statement -Wredundant-decls  -I/opt/miyoo/arm-miyoo-linux-uclibcgnueabi/sysroot/usr/include/SDL -D_GNU_SOURCE=1 -D_REENTRANT'
CPP='arm-linux-gcc -E'
CPPFLAGS=''
CYGPATH_W='echo'
DEFS='-DHAVE_CONFIG_H'
DEPDIR='.deps'
ECHO_C=''
ECHO_N='-n'
ECHO_T=''
EGREP='/bin/grep -E'
EXEEXT=''
GREP='/bin/grep'
HAVE_PYTHON='true'
HAVE_PYTHON_FALSE='#'
HAVE_PYTHON_TRUE=''
HAVE_WINDRES_FALSE=''
HAVE_WINDRES_TRUE='#'
INSTALL_DATA='${INSTALL} -m 644'
INSTALL_PROGRAM='${INSTALL}'
INSTALL_SCRIPT='${INSTALL}'
INSTALL_STRIP_PROGRAM='$(install_sh) -c -s'
LDFLAGS=' -L/opt/miyoo/arm-miyoo-linux-uclibcgnueabi/sysroot/usr/lib -lSDL -lpthread'
LIBOBJS=''
LIBS='-lm -lpng -lz '
LTLIBOBJS=''
MAKEINFO='${SHELL} /home/steward/Downloads/ccdoom/autotools/missing makeinfo'
MKDIR_P='/bin/mkdir -p'
OBJEXT='o'
PACKAGE='chocolate-doom'
PACKAGE_BUGREPORT='fraggle@gmail.com'
PACKAGE_COPYRIGHT='Copyright (C) 1993-2015'
PACKAGE_ISSUES='https://github.com/chocolate-doom/chocolate-doom/issues'
PACKAGE_LICENSE='GNU General Public License, version 2'
PACKAGE_MAINTAINER='Simon Howard'
PACKAGE_NAME='Chocolate Doom'
PACKAGE_SHORTDESC='Conservative source port'
PACKAGE_SHORTNAME='Chocolate'
PACKAGE_STRING='Chocolate Doom 2.2.1'
PACKAGE_TARNAME='chocolate-doom'
PACKAGE_URL='http://www.chocolate-doom.org/'
PACKAGE_VERSION='2.2.1'
PATH_SEPARATOR=':'
PROGRAM_PREFIX='chocolate-'
RANLIB='arm-linux-ranlib'
SDLMIXER_CFLAGS=''
SDLMIXER_LIBS=' -lSDL_mixer'
SDLNET_CFLAGS=''
SDLNET_LIBS=' -lSDL_net'
SDL_CFLAGS='-I/opt/miyoo/arm-miyoo-linux-uclibcgnueabi/sysroot/usr/include/SDL -D_GNU_SOURCE=1 -D_REENTRANT'
SDL_CONFIG='/opt/miyoo/arm-miyoo-linux-uclibcgnueabi/sysroot/usr/bin/sdl-config'
SDL_LIBS='-L/opt/miyoo/arm-miyoo-linux-uclibcgnueabi/sysroot/usr/lib -lSDL -lpthread'
SET_MAKE=''
SHELL='/bin/bash'
STRIP='arm-linux-strip'
VERSION='2.2.1'
WINDOWS_RC_VERSION='2, 2, 1, 0'
WINDRES=''
ac_aux_dir='autotools'
ac_ct_CC=''
am__EXEEXT_FALSE=''
am__EXEEXT_TRUE='#'
am__fastdepCC_FALSE='#'
am__fastdepCC_TRUE=''
am__include='include'
am__isrc=''
am__leading_dot='.'
am__nodep='_no'
am__quote=''
am__tar='$${TAR-tar} chof - "$$tardir"'
am__untar='$${TAR-tar} xf -'
bindir='${exec_prefix}/bin'
build_alias=''
datadir='${datarootdir}'
datarootdir='${prefix}/share'
docdir='${datarootdir}/doc/${PACKAGE_TARNAME}'
dvidir='${docdir}'
exec_prefix='${prefix}'
host_alias='arm-linux'
htmldir='${docdir}'
includedir='${prefix}/include'
infodir='${datarootdir}/info'
install_sh='${SHELL} /home/steward/Downloads/ccdoom/autotools/install-sh'
libdir='${exec_prefix}/lib'
libexecdir='${exec_prefix}/libexec'
localedir='${datarootdir}/locale'
localstatedir='${prefix}/var'
mandir='${datarootdir}/man'
mkdir_p='$(MKDIR_P)'
oldincludedir='/usr/include'
pdfdir='${docdir}'
prefix='/usr/local'
program_transform_name='s,x,x,'
psdir='${docdir}'
runstatedir='${localstatedir}/run'
sbindir='${exec_prefix}/sbin'
sharedstatedir='${prefix}/com'
sysconfdir='${prefix}/etc'
target_alias=''

## ----------- ##
## confdefs.h. ##
## ----------- ##

/* confdefs.h */
#define PACKAGE_NAME "Chocolate Doom"
#define PACKAGE_TARNAME "chocolate-doom"
#define PACKAGE_VERSION "2.2.1"
#define PACKAGE_STRING "Chocolate Doom 2.2.1"
#define PACKAGE_BUGREPORT "fraggle@gmail.com"
#define PACKAGE_URL ""
#define STDC_HEADERS 1
#define HAVE_SYS_TYPES_H 1
#define HAVE_SYS_STAT_H 1
#define HAVE_STDLIB_H 1
#define HAVE_STRING_H 1
#define HAVE_MEMORY_H 1
#define HAVE_STRINGS_H 1
#define HAVE_INTTYPES_H 1
#define HAVE_STDINT_H 1
#define HAVE_UNISTD_H 1
#define HAVE_LIBZ 1
#define HAVE_LIBPNG 1
#define HAVE_LIBM 1
#define HAVE_LINUX_KD_H 1
#define HAVE_MMAP 1
#define HAVE_IOPERM 1
#define PACKAGE "chocolate-doom"
#define VERSION "2.2.1"
#define PROGRAM_PREFIX "chocolate-"

configure: exit 0
